[ 2014-11-11T22:41:29+08:00 ] 127.0.0.1 /weimart/index.php/Test/test
INFO: [ route_check ] --START--
INFO: CheckRoute Behavior ::run [ RunTime:0.002022s ]
INFO: [ route_check ] --END-- [ RunTime:0.002151s ]
INFO: [ app_begin ] --START--
INFO: ReadHtmlCache Behavior ::run [ RunTime:0.001138s ]
INFO: [ app_begin ] --END-- [ RunTime:0.001267s ]
NOTIC: [2048] Accessing static property UserDao::$tableName as non static D:\AppServ\www\weimart\Apps\HOME\Lib\Dao\UserDao.class.php 第 13 行.
NOTIC: [2048] Accessing static property UserDao::$tableName as non static D:\AppServ\www\weimart\Apps\HOME\Lib\Dao\UserDao.class.php 第 37 行.
SQL: SHOW COLUMNS FROM `weimart_user` [ RunTime:0.315200s ]
SQL: SELECT * FROM `weimart_user`  [ RunTime:0.041876s ]

[ 2014-11-11T22:41:52+08:00 ] 127.0.0.1 /weimart/index.php/Test/test
INFO: [ route_check ] --START--
INFO: CheckRoute Behavior ::run [ RunTime:0.001328s ]
INFO: [ route_check ] --END-- [ RunTime:0.001431s ]
INFO: [ app_begin ] --START--
INFO: ReadHtmlCache Behavior ::run [ RunTime:0.000955s ]
INFO: [ app_begin ] --END-- [ RunTime:0.001072s ]
NOTIC: [2048] Accessing static property UserDao::$tableName as non static D:\AppServ\www\weimart\Apps\HOME\Lib\Dao\UserDao.class.php 第 13 行.
NOTIC: [2] Missing argument 1 for UserDao::removeUser(), called in D:\AppServ\www\weimart\Apps\HOME\Lib\Service\TestService.class.php on line 23 and defined D:\AppServ\www\weimart\Apps\HOME\Lib\Dao\UserDao.class.php 第 29 行.
NOTIC: [2048] Accessing static property UserDao::$tableName as non static D:\AppServ\www\weimart\Apps\HOME\Lib\Dao\UserDao.class.php 第 31 行.
NOTIC: [8] Undefined variable: condition D:\AppServ\www\weimart\Apps\HOME\Lib\Dao\UserDao.class.php 第 31 行.
SQL: SHOW COLUMNS FROM `weimart_user` [ RunTime:0.003090s ]

[ 2014-11-11T22:42:02+08:00 ] 127.0.0.1 /weimart/index.php/Test/test
INFO: [ route_check ] --START--
INFO: CheckRoute Behavior ::run [ RunTime:0.001271s ]
INFO: [ route_check ] --END-- [ RunTime:0.001375s ]
INFO: [ app_begin ] --START--
INFO: ReadHtmlCache Behavior ::run [ RunTime:0.000992s ]
INFO: [ app_begin ] --END-- [ RunTime:0.001085s ]
NOTIC: [2048] Accessing static property UserDao::$tableName as non static D:\AppServ\www\weimart\Apps\HOME\Lib\Dao\UserDao.class.php 第 13 行.
NOTIC: [2048] Accessing static property UserDao::$tableName as non static D:\AppServ\www\weimart\Apps\HOME\Lib\Dao\UserDao.class.php 第 31 行.
SQL: SHOW COLUMNS FROM `weimart_user` [ RunTime:0.002441s ]
SQL: DELETE FROM `weimart_user` WHERE ( `user_id` = 251 ) [ RunTime:0.087768s ]

[ 2014-11-11T22:42:09+08:00 ] 127.0.0.1 /weimart/index.php/Test/test
INFO: [ route_check ] --START--
INFO: CheckRoute Behavior ::run [ RunTime:0.000856s ]
INFO: [ route_check ] --END-- [ RunTime:0.000973s ]
INFO: [ app_begin ] --START--
INFO: ReadHtmlCache Behavior ::run [ RunTime:0.000756s ]
INFO: [ app_begin ] --END-- [ RunTime:0.001171s ]
NOTIC: [2048] Accessing static property UserDao::$tableName as non static D:\AppServ\www\weimart\Apps\HOME\Lib\Dao\UserDao.class.php 第 13 行.
NOTIC: [2048] Accessing static property UserDao::$tableName as non static D:\AppServ\www\weimart\Apps\HOME\Lib\Dao\UserDao.class.php 第 37 行.
SQL: SHOW COLUMNS FROM `weimart_user` [ RunTime:0.002367s ]
SQL: SELECT * FROM `weimart_user`  [ RunTime:0.001723s ]

[ 2014-11-11T22:42:51+08:00 ] 127.0.0.1 /weimart/index.php/Test/test
INFO: [ route_check ] --START--
INFO: CheckRoute Behavior ::run [ RunTime:0.000774s ]
INFO: [ route_check ] --END-- [ RunTime:0.000872s ]
INFO: [ app_begin ] --START--
INFO: ReadHtmlCache Behavior ::run [ RunTime:0.000468s ]
INFO: [ app_begin ] --END-- [ RunTime:0.000535s ]
NOTIC: [2048] Accessing static property UserDao::$tableName as non static D:\AppServ\www\weimart\Apps\HOME\Lib\Dao\UserDao.class.php 第 13 行.
NOTIC: [2048] Accessing static property UserDao::$tableName as non static D:\AppServ\www\weimart\Apps\HOME\Lib\Dao\UserDao.class.php 第 25 行.
SQL: SHOW COLUMNS FROM `weimart_user` [ RunTime:0.003052s ]

[ 2014-11-11T22:43:36+08:00 ] 127.0.0.1 /weimart/index.php/Test/test
INFO: [ route_check ] --START--
INFO: CheckRoute Behavior ::run [ RunTime:0.000758s ]
INFO: [ route_check ] --END-- [ RunTime:0.000861s ]
INFO: [ app_begin ] --START--
INFO: ReadHtmlCache Behavior ::run [ RunTime:0.000471s ]
INFO: [ app_begin ] --END-- [ RunTime:0.000538s ]
NOTIC: [2048] Accessing static property UserDao::$tableName as non static D:\AppServ\www\weimart\Apps\HOME\Lib\Dao\UserDao.class.php 第 13 行.
NOTIC: [2048] Accessing static property UserDao::$tableName as non static D:\AppServ\www\weimart\Apps\HOME\Lib\Dao\UserDao.class.php 第 25 行.
SQL: SHOW COLUMNS FROM `weimart_user` [ RunTime:0.002231s ]

[ 2014-11-11T22:43:43+08:00 ] 127.0.0.1 /weimart/index.php/Test/test
INFO: [ route_check ] --START--
INFO: CheckRoute Behavior ::run [ RunTime:0.001873s ]
INFO: [ route_check ] --END-- [ RunTime:0.001995s ]
INFO: [ app_begin ] --START--
INFO: ReadHtmlCache Behavior ::run [ RunTime:0.000933s ]
INFO: [ app_begin ] --END-- [ RunTime:0.001018s ]
NOTIC: [2048] Accessing static property UserDao::$tableName as non static D:\AppServ\www\weimart\Apps\HOME\Lib\Dao\UserDao.class.php 第 13 行.
NOTIC: [2048] Accessing static property UserDao::$tableName as non static D:\AppServ\www\weimart\Apps\HOME\Lib\Dao\UserDao.class.php 第 37 行.
SQL: SHOW COLUMNS FROM `weimart_user` [ RunTime:0.002458s ]
SQL: SELECT * FROM `weimart_user`  [ RunTime:0.000966s ]

[ 2014-11-11T22:44:30+08:00 ] 127.0.0.1 /weimart/index.php/Test/test
INFO: [ route_check ] --START--
INFO: CheckRoute Behavior ::run [ RunTime:0.001342s ]
INFO: [ route_check ] --END-- [ RunTime:0.001453s ]
INFO: [ app_begin ] --START--
INFO: ReadHtmlCache Behavior ::run [ RunTime:0.001701s ]
INFO: [ app_begin ] --END-- [ RunTime:0.001785s ]
NOTIC: [2048] Accessing static property UserDao::$tableName as non static D:\AppServ\www\weimart\Apps\HOME\Lib\Dao\UserDao.class.php 第 13 行.
NOTIC: [2048] Accessing static property UserDao::$tableName as non static D:\AppServ\www\weimart\Apps\HOME\Lib\Dao\UserDao.class.php 第 25 行.
SQL: SHOW COLUMNS FROM `weimart_user` [ RunTime:0.002518s ]
NOTIC: [2048] Accessing static property UserDao::$tableName as non static D:\AppServ\www\weimart\Apps\HOME\Lib\Dao\UserDao.class.php 第 37 行.
SQL: SELECT * FROM `weimart_user`  [ RunTime:0.000700s ]

[ 2014-11-11T22:44:51+08:00 ] 127.0.0.1 /weimart/index.php/Test/test
INFO: [ route_check ] --START--
INFO: CheckRoute Behavior ::run [ RunTime:0.001307s ]
INFO: [ route_check ] --END-- [ RunTime:0.001406s ]
INFO: [ app_begin ] --START--
INFO: ReadHtmlCache Behavior ::run [ RunTime:0.001051s ]
INFO: [ app_begin ] --END-- [ RunTime:0.001144s ]
NOTIC: [2048] Accessing static property UserDao::$tableName as non static D:\AppServ\www\weimart\Apps\HOME\Lib\Dao\UserDao.class.php 第 13 行.
NOTIC: [2048] Accessing static property UserDao::$tableName as non static D:\AppServ\www\weimart\Apps\HOME\Lib\Dao\UserDao.class.php 第 25 行.
SQL: SHOW COLUMNS FROM `weimart_user` [ RunTime:0.002224s ]
NOTIC: [2048] Accessing static property UserDao::$tableName as non static D:\AppServ\www\weimart\Apps\HOME\Lib\Dao\UserDao.class.php 第 37 行.
SQL: SELECT * FROM `weimart_user` WHERE ( `user_id` = 252 )  [ RunTime:0.000576s ]

[ 2014-11-11T22:45:13+08:00 ] 127.0.0.1 /weimart/index.php/Test/test
INFO: [ route_check ] --START--
INFO: CheckRoute Behavior ::run [ RunTime:0.000789s ]
INFO: [ route_check ] --END-- [ RunTime:0.000886s ]
INFO: [ app_begin ] --START--
INFO: ReadHtmlCache Behavior ::run [ RunTime:0.000495s ]
INFO: [ app_begin ] --END-- [ RunTime:0.000561s ]
NOTIC: [2048] Accessing static property UserDao::$tableName as non static D:\AppServ\www\weimart\Apps\HOME\Lib\Dao\UserDao.class.php 第 13 行.
NOTIC: [2048] Accessing static property UserDao::$tableName as non static D:\AppServ\www\weimart\Apps\HOME\Lib\Dao\UserDao.class.php 第 37 行.
SQL: SHOW COLUMNS FROM `weimart_user` [ RunTime:0.002311s ]
SQL: SELECT * FROM `weimart_user`  [ RunTime:0.001053s ]

[ 2014-11-11T22:46:00+08:00 ] 127.0.0.1 /weimart/index.php/Test/test
INFO: [ route_check ] --START--
INFO: CheckRoute Behavior ::run [ RunTime:0.000810s ]
INFO: [ route_check ] --END-- [ RunTime:0.000906s ]
INFO: [ app_begin ] --START--
INFO: ReadHtmlCache Behavior ::run [ RunTime:0.000507s ]
INFO: [ app_begin ] --END-- [ RunTime:0.000574s ]
NOTIC: [2048] Accessing static property UserDao::$tableName as non static D:\AppServ\www\weimart\Apps\HOME\Lib\Dao\UserDao.class.php 第 13 行.
NOTIC: [2048] Accessing static property UserDao::$tableName as non static D:\AppServ\www\weimart\Apps\HOME\Lib\Dao\UserDao.class.php 第 26 行.
SQL: SHOW COLUMNS FROM `weimart_user` [ RunTime:0.002530s ]
NOTIC: [2048] Accessing static property UserDao::$tableName as non static D:\AppServ\www\weimart\Apps\HOME\Lib\Dao\UserDao.class.php 第 38 行.
SQL: SELECT * FROM `weimart_user` WHERE ( `user_id` = 252 )  [ RunTime:0.000814s ]

[ 2014-11-11T22:46:31+08:00 ] 127.0.0.1 /weimart/index.php/Test/test
INFO: [ route_check ] --START--
INFO: CheckRoute Behavior ::run [ RunTime:0.001173s ]
INFO: [ route_check ] --END-- [ RunTime:0.001266s ]
INFO: [ app_begin ] --START--
INFO: ReadHtmlCache Behavior ::run [ RunTime:0.000893s ]
INFO: [ app_begin ] --END-- [ RunTime:0.000961s ]
NOTIC: [2048] Accessing static property UserDao::$tableName as non static D:\AppServ\www\weimart\Apps\HOME\Lib\Dao\UserDao.class.php 第 13 行.
NOTIC: [2048] Accessing static property UserDao::$tableName as non static D:\AppServ\www\weimart\Apps\HOME\Lib\Dao\UserDao.class.php 第 26 行.
SQL: SHOW COLUMNS FROM `weimart_user` [ RunTime:0.003161s ]
NOTIC: [2048] Accessing static property UserDao::$tableName as non static D:\AppServ\www\weimart\Apps\HOME\Lib\Dao\UserDao.class.php 第 38 行.
SQL: SELECT * FROM `weimart_user` WHERE ( `user_id` = 252 )  [ RunTime:0.001503s ]

[ 2014-11-11T22:47:24+08:00 ] 127.0.0.1 /weimart/index.php/Test/test
INFO: [ route_check ] --START--
INFO: CheckRoute Behavior ::run [ RunTime:0.001253s ]
INFO: [ route_check ] --END-- [ RunTime:0.001409s ]
INFO: [ app_begin ] --START--
INFO: ReadHtmlCache Behavior ::run [ RunTime:0.000885s ]
INFO: [ app_begin ] --END-- [ RunTime:0.000965s ]
NOTIC: [2048] Accessing static property UserDao::$tableName as non static D:\AppServ\www\weimart\Apps\HOME\Lib\Dao\UserDao.class.php 第 13 行.
NOTIC: [2048] Accessing static property UserDao::$tableName as non static D:\AppServ\www\weimart\Apps\HOME\Lib\Dao\UserDao.class.php 第 25 行.
SQL: SHOW COLUMNS FROM `weimart_user` [ RunTime:0.002235s ]
NOTIC: [2048] Accessing static property UserDao::$tableName as non static D:\AppServ\www\weimart\Apps\HOME\Lib\Dao\UserDao.class.php 第 37 行.
SQL: SELECT * FROM `weimart_user` WHERE ( `user_id` = 252 )  [ RunTime:0.001897s ]

[ 2014-11-11T22:47:25+08:00 ] 127.0.0.1 /weimart/index.php/Test/test
INFO: [ route_check ] --START--
INFO: CheckRoute Behavior ::run [ RunTime:0.001381s ]
INFO: [ route_check ] --END-- [ RunTime:0.001489s ]
INFO: [ app_begin ] --START--
INFO: ReadHtmlCache Behavior ::run [ RunTime:0.000583s ]
INFO: [ app_begin ] --END-- [ RunTime:0.000667s ]
NOTIC: [2048] Accessing static property UserDao::$tableName as non static D:\AppServ\www\weimart\Apps\HOME\Lib\Dao\UserDao.class.php 第 13 行.
NOTIC: [2048] Accessing static property UserDao::$tableName as non static D:\AppServ\www\weimart\Apps\HOME\Lib\Dao\UserDao.class.php 第 25 行.
SQL: SHOW COLUMNS FROM `weimart_user` [ RunTime:0.003384s ]
NOTIC: [2048] Accessing static property UserDao::$tableName as non static D:\AppServ\www\weimart\Apps\HOME\Lib\Dao\UserDao.class.php 第 37 行.
SQL: SELECT * FROM `weimart_user` WHERE ( `user_id` = 252 )  [ RunTime:0.001246s ]

[ 2014-11-11T22:47:25+08:00 ] 127.0.0.1 /weimart/index.php/Test/test
INFO: [ route_check ] --START--
INFO: CheckRoute Behavior ::run [ RunTime:0.000875s ]
INFO: [ route_check ] --END-- [ RunTime:0.000990s ]
INFO: [ app_begin ] --START--
INFO: ReadHtmlCache Behavior ::run [ RunTime:0.000544s ]
INFO: [ app_begin ] --END-- [ RunTime:0.000619s ]
NOTIC: [2048] Accessing static property UserDao::$tableName as non static D:\AppServ\www\weimart\Apps\HOME\Lib\Dao\UserDao.class.php 第 13 行.
NOTIC: [2048] Accessing static property UserDao::$tableName as non static D:\AppServ\www\weimart\Apps\HOME\Lib\Dao\UserDao.class.php 第 25 行.
SQL: SHOW COLUMNS FROM `weimart_user` [ RunTime:0.002774s ]
NOTIC: [2048] Accessing static property UserDao::$tableName as non static D:\AppServ\www\weimart\Apps\HOME\Lib\Dao\UserDao.class.php 第 37 行.
SQL: SELECT * FROM `weimart_user` WHERE ( `user_id` = 252 )  [ RunTime:0.000495s ]

[ 2014-11-11T22:47:25+08:00 ] 127.0.0.1 /weimart/index.php/Test/test
INFO: [ route_check ] --START--
INFO: CheckRoute Behavior ::run [ RunTime:0.000749s ]
INFO: [ route_check ] --END-- [ RunTime:0.000842s ]
INFO: [ app_begin ] --START--
INFO: ReadHtmlCache Behavior ::run [ RunTime:0.000517s ]
INFO: [ app_begin ] --END-- [ RunTime:0.000590s ]
NOTIC: [2048] Accessing static property UserDao::$tableName as non static D:\AppServ\www\weimart\Apps\HOME\Lib\Dao\UserDao.class.php 第 13 行.
NOTIC: [2048] Accessing static property UserDao::$tableName as non static D:\AppServ\www\weimart\Apps\HOME\Lib\Dao\UserDao.class.php 第 25 行.
SQL: SHOW COLUMNS FROM `weimart_user` [ RunTime:0.003127s ]
NOTIC: [2048] Accessing static property UserDao::$tableName as non static D:\AppServ\www\weimart\Apps\HOME\Lib\Dao\UserDao.class.php 第 37 行.
SQL: SELECT * FROM `weimart_user` WHERE ( `user_id` = 252 )  [ RunTime:0.001176s ]

[ 2014-11-11T22:47:48+08:00 ] 127.0.0.1 /weimart/index.php/Test/test
INFO: [ route_check ] --START--
INFO: CheckRoute Behavior ::run [ RunTime:0.000808s ]
INFO: [ route_check ] --END-- [ RunTime:0.000906s ]
INFO: [ app_begin ] --START--
INFO: ReadHtmlCache Behavior ::run [ RunTime:0.000508s ]
INFO: [ app_begin ] --END-- [ RunTime:0.000602s ]
NOTIC: [2048] Accessing static property UserDao::$tableName as non static D:\AppServ\www\weimart\Apps\HOME\Lib\Dao\UserDao.class.php 第 13 行.
NOTIC: [2048] Accessing static property UserDao::$tableName as non static D:\AppServ\www\weimart\Apps\HOME\Lib\Dao\UserDao.class.php 第 25 行.
SQL: SHOW COLUMNS FROM `weimart_user` [ RunTime:0.002355s ]
NOTIC: [2048] Accessing static property UserDao::$tableName as non static D:\AppServ\www\weimart\Apps\HOME\Lib\Dao\UserDao.class.php 第 37 行.
SQL: SELECT * FROM `weimart_user` WHERE ( `user_id` = 252 )  [ RunTime:0.000460s ]

[ 2014-11-11T22:48:05+08:00 ] 127.0.0.1 /weimart/index.php/Test/test
INFO: [ route_check ] --START--
INFO: CheckRoute Behavior ::run [ RunTime:0.000825s ]
INFO: [ route_check ] --END-- [ RunTime:0.000923s ]
INFO: [ app_begin ] --START--
INFO: ReadHtmlCache Behavior ::run [ RunTime:0.000593s ]
INFO: [ app_begin ] --END-- [ RunTime:0.000670s ]
NOTIC: [2048] Accessing static property UserDao::$tableName as non static D:\AppServ\www\weimart\Apps\HOME\Lib\Dao\UserDao.class.php 第 13 行.
NOTIC: [2048] Accessing static property UserDao::$tableName as non static D:\AppServ\www\weimart\Apps\HOME\Lib\Dao\UserDao.class.php 第 25 行.
SQL: SHOW COLUMNS FROM `weimart_user` [ RunTime:0.003304s ]
NOTIC: [2048] Accessing static property UserDao::$tableName as non static D:\AppServ\www\weimart\Apps\HOME\Lib\Dao\UserDao.class.php 第 37 行.
SQL: SELECT * FROM `weimart_user` WHERE ( `user_id` = 252 )  [ RunTime:0.001574s ]

[ 2014-11-11T22:48:39+08:00 ] 127.0.0.1 /weimart/index.php/Test/test
INFO: [ route_check ] --START--
INFO: CheckRoute Behavior ::run [ RunTime:0.001943s ]
INFO: [ route_check ] --END-- [ RunTime:0.002071s ]
INFO: [ app_begin ] --START--
INFO: ReadHtmlCache Behavior ::run [ RunTime:0.001014s ]
INFO: [ app_begin ] --END-- [ RunTime:0.001111s ]
NOTIC: [2048] Accessing static property UserDao::$tableName as non static D:\AppServ\www\weimart\Apps\HOME\Lib\Dao\UserDao.class.php 第 13 行.
NOTIC: [2048] Accessing static property UserDao::$tableName as non static D:\AppServ\www\weimart\Apps\HOME\Lib\Dao\UserDao.class.php 第 25 行.
SQL: SHOW COLUMNS FROM `weimart_user` [ RunTime:0.009870s ]
SQL: UPDATE `weimart_user` SET `user_name`='guoxueying222',`user_nick_name`='guo',`user_header_img`='123',`user_pwd`='123' WHERE ( `user_id` = 252 ) [ RunTime:0.016196s ]
NOTIC: [2048] Accessing static property UserDao::$tableName as non static D:\AppServ\www\weimart\Apps\HOME\Lib\Dao\UserDao.class.php 第 37 行.
SQL: SELECT * FROM `weimart_user`  [ RunTime:0.000492s ]

[ 2014-11-11T22:49:11+08:00 ] 127.0.0.1 /weimart/index.php/Test/test
INFO: [ route_check ] --START--
INFO: CheckRoute Behavior ::run [ RunTime:0.002161s ]
INFO: [ route_check ] --END-- [ RunTime:0.002288s ]
INFO: [ app_begin ] --START--
INFO: ReadHtmlCache Behavior ::run [ RunTime:0.001142s ]
INFO: [ app_begin ] --END-- [ RunTime:0.001260s ]
NOTIC: [2048] Accessing static property UserDao::$tableName as non static D:\AppServ\www\weimart\Apps\HOME\Lib\Dao\UserDao.class.php 第 13 行.
NOTIC: [2048] Accessing static property UserDao::$tableName as non static D:\AppServ\www\weimart\Apps\HOME\Lib\Dao\UserDao.class.php 第 25 行.
SQL: SHOW COLUMNS FROM `weimart_user` [ RunTime:0.002555s ]
SQL: UPDATE `weimart_user` SET `user_name`='guoxueying2223',`user_nick_name`='guo',`user_header_img`='123',`user_pwd`='123' WHERE ( `user_id` = 252 ) [ RunTime:0.000541s ]
NOTIC: [2048] Accessing static property UserDao::$tableName as non static D:\AppServ\www\weimart\Apps\HOME\Lib\Dao\UserDao.class.php 第 37 行.
SQL: SELECT * FROM `weimart_user`  [ RunTime:0.000643s ]

