[ 2014-10-22T20:48:02+08:00 ] 127.0.0.1 /weimart/index.php?s=Test/test
INFO: [ route_check ] --START--
INFO: CheckRoute Behavior ::run [ RunTime:0.001966s ]
INFO: [ route_check ] --END-- [ RunTime:0.002111s ]
INFO: [ app_begin ] --START--
INFO: ReadHtmlCache Behavior ::run [ RunTime:0.001358s ]
INFO: [ app_begin ] --END-- [ RunTime:0.001453s ]

[ 2014-10-22T20:48:14+08:00 ] 127.0.0.1 /weimart/index.php?s=Test/test
INFO: [ route_check ] --START--
INFO: CheckRoute Behavior ::run [ RunTime:0.001261s ]
INFO: [ route_check ] --END-- [ RunTime:0.001360s ]
INFO: [ app_begin ] --START--
INFO: ReadHtmlCache Behavior ::run [ RunTime:0.000909s ]
INFO: [ app_begin ] --END-- [ RunTime:0.000980s ]
SQL: SHOW COLUMNS FROM `weimart_user` [ RunTime:0.002509s ]
SQL: SELECT * FROM `weimart_user`  [ RunTime:0.001077s ]
SQL: SHOW COLUMNS FROM `weimart_role` [ RunTime:0.001998s ]
NOTIC: [8] Undefined index:  mapping_order D:\AppServ\www\weimart\ThinkPHP\Extend\Model\RelationModel.class.php 第 176 行.
NOTIC: [8] Undefined index:  mapping_limit D:\AppServ\www\weimart\ThinkPHP\Extend\Model\RelationModel.class.php 第 177 行.
SQL: SELECT b.* FROM weimart_user_role AS a, weimart_role AS b WHERE a.role_id = b.role_id AND a. user_id='1' [ RunTime:0.017376s ]
SQL: SHOW COLUMNS FROM `weimart_shop` [ RunTime:0.002150s ]
NOTIC: [8] Undefined index:  mapping_order D:\AppServ\www\weimart\ThinkPHP\Extend\Model\RelationModel.class.php 第 176 行.
NOTIC: [8] Undefined index:  mapping_limit D:\AppServ\www\weimart\ThinkPHP\Extend\Model\RelationModel.class.php 第 177 行.
SQL: SELECT b.* FROM weimart_user_shop AS a, weimart_shop AS b WHERE a.shop_id = b.shop_id AND a. user_id='1' [ RunTime:0.001467s ]

[ 2014-10-22T20:50:54+08:00 ] 127.0.0.1 /weimart/index.php?s=Test/test
INFO: [ route_check ] --START--
INFO: CheckRoute Behavior ::run [ RunTime:0.001180s ]
INFO: [ route_check ] --END-- [ RunTime:0.001288s ]
INFO: [ app_begin ] --START--
INFO: ReadHtmlCache Behavior ::run [ RunTime:0.000984s ]
INFO: [ app_begin ] --END-- [ RunTime:0.001078s ]
SQL: SHOW COLUMNS FROM `weimart_user` [ RunTime:0.002376s ]
SQL: SELECT * FROM `weimart_user`  [ RunTime:0.001540s ]
SQL: SHOW COLUMNS FROM `weimart_role` [ RunTime:0.002477s ]
NOTIC: [8] Undefined index:  mapping_order D:\AppServ\www\weimart\ThinkPHP\Extend\Model\RelationModel.class.php 第 176 行.
NOTIC: [8] Undefined index:  mapping_limit D:\AppServ\www\weimart\ThinkPHP\Extend\Model\RelationModel.class.php 第 177 行.
SQL: SELECT b.* FROM weimart_user_role AS a, weimart_role AS b WHERE a.role_id = b.role_id AND a. user_id='1' [ RunTime:0.001372s ]
SQL: SHOW COLUMNS FROM `weimart_shop` [ RunTime:0.002492s ]
NOTIC: [8] Undefined index:  mapping_order D:\AppServ\www\weimart\ThinkPHP\Extend\Model\RelationModel.class.php 第 176 行.
NOTIC: [8] Undefined index:  mapping_limit D:\AppServ\www\weimart\ThinkPHP\Extend\Model\RelationModel.class.php 第 177 行.
SQL: SELECT b.* FROM weimart_user_shop AS a, weimart_shop AS b WHERE a.shop_id = b.shop_id AND a. user_id='1' [ RunTime:0.001113s ]

[ 2014-10-22T20:52:09+08:00 ] 127.0.0.1 /weimart/index.php?s=Test/test
INFO: [ route_check ] --START--
INFO: CheckRoute Behavior ::run [ RunTime:0.001688s ]
INFO: [ route_check ] --END-- [ RunTime:0.001801s ]
INFO: [ app_begin ] --START--
INFO: ReadHtmlCache Behavior ::run [ RunTime:0.001420s ]
INFO: [ app_begin ] --END-- [ RunTime:0.001516s ]
SQL: SHOW COLUMNS FROM `weimart_user` [ RunTime:0.002947s ]
SQL: SELECT * FROM `weimart_user`  [ RunTime:0.001472s ]
SQL: SHOW COLUMNS FROM `weimart_shop` [ RunTime:0.002790s ]
NOTIC: [8] Undefined index:  mapping_order D:\AppServ\www\weimart\ThinkPHP\Extend\Model\RelationModel.class.php 第 176 行.
NOTIC: [8] Undefined index:  mapping_limit D:\AppServ\www\weimart\ThinkPHP\Extend\Model\RelationModel.class.php 第 177 行.
SQL: SELECT b.* FROM weimart_user_shop AS a, weimart_shop AS b WHERE a.shop_id = b.shop_id AND a. user_id='1' [ RunTime:0.001561s ]

[ 2014-10-22T20:52:19+08:00 ] 127.0.0.1 /weimart/index.php?s=Test/test
INFO: [ route_check ] --START--
INFO: CheckRoute Behavior ::run [ RunTime:0.000886s ]
INFO: [ route_check ] --END-- [ RunTime:0.001004s ]
INFO: [ app_begin ] --START--
INFO: ReadHtmlCache Behavior ::run [ RunTime:0.000531s ]
INFO: [ app_begin ] --END-- [ RunTime:0.000611s ]
SQL: SHOW COLUMNS FROM `weimart_user` [ RunTime:0.003321s ]
SQL: SELECT * FROM `weimart_user`  [ RunTime:0.003069s ]
SQL: SHOW COLUMNS FROM `weimart_role` [ RunTime:0.003393s ]
NOTIC: [8] Undefined index:  mapping_order D:\AppServ\www\weimart\ThinkPHP\Extend\Model\RelationModel.class.php 第 176 行.
NOTIC: [8] Undefined index:  mapping_limit D:\AppServ\www\weimart\ThinkPHP\Extend\Model\RelationModel.class.php 第 177 行.
SQL: SELECT b.* FROM weimart_user_role AS a, weimart_role AS b WHERE a.role_id = b.role_id AND a. user_id='1' [ RunTime:0.001762s ]
SQL: SHOW COLUMNS FROM `weimart_shop` [ RunTime:0.002777s ]
NOTIC: [8] Undefined index:  mapping_order D:\AppServ\www\weimart\ThinkPHP\Extend\Model\RelationModel.class.php 第 176 行.
NOTIC: [8] Undefined index:  mapping_limit D:\AppServ\www\weimart\ThinkPHP\Extend\Model\RelationModel.class.php 第 177 行.
SQL: SELECT b.* FROM weimart_user_shop AS a, weimart_shop AS b WHERE a.shop_id = b.shop_id AND a. user_id='1' [ RunTime:0.001407s ]

[ 2014-10-22T21:31:36+08:00 ] 127.0.0.1 /weimart/index.php?s=Test/test
INFO: [ route_check ] --START--
INFO: CheckRoute Behavior ::run [ RunTime:0.001240s ]
INFO: [ route_check ] --END-- [ RunTime:0.001389s ]
INFO: [ app_begin ] --START--
INFO: ReadHtmlCache Behavior ::run [ RunTime:0.000880s ]
INFO: [ app_begin ] --END-- [ RunTime:0.000962s ]

[ 2014-10-22T21:31:50+08:00 ] 127.0.0.1 /weimart/index.php?s=Test/test
INFO: [ route_check ] --START--
INFO: CheckRoute Behavior ::run [ RunTime:0.001700s ]
INFO: [ route_check ] --END-- [ RunTime:0.001816s ]
INFO: [ app_begin ] --START--
INFO: ReadHtmlCache Behavior ::run [ RunTime:0.001304s ]
INFO: [ app_begin ] --END-- [ RunTime:0.001382s ]
SQL: SHOW COLUMNS FROM `weimart_shop` [ RunTime:0.002596s ]
SQL: SELECT * FROM `weimart_shop`  [ RunTime:0.001074s ]
SQL: SHOW COLUMNS FROM `weimart_product` [ RunTime:0.002697s ]
NOTIC: [8] Undefined index:  mapping_order D:\AppServ\www\weimart\ThinkPHP\Extend\Model\RelationModel.class.php 第 176 行.
NOTIC: [8] Undefined index:  mapping_limit D:\AppServ\www\weimart\ThinkPHP\Extend\Model\RelationModel.class.php 第 177 行.
SQL: SELECT b.* FROM weimart_shop_product AS a, weimart_product AS b WHERE a.product_id = b.product_id AND a. shop_id='1' [ RunTime:0.001345s ]

[ 2014-10-22T21:37:03+08:00 ] 127.0.0.1 /weimart/index.php?s=Test/test
INFO: [ route_check ] --START--
INFO: CheckRoute Behavior ::run [ RunTime:0.001695s ]
INFO: [ route_check ] --END-- [ RunTime:0.001802s ]
INFO: [ app_begin ] --START--
INFO: ReadHtmlCache Behavior ::run [ RunTime:0.001277s ]
INFO: [ app_begin ] --END-- [ RunTime:0.001357s ]
SQL: SHOW COLUMNS FROM `weimart_shop` [ RunTime:0.002648s ]
SQL: SELECT * FROM `weimart_shop`  [ RunTime:0.001177s ]
SQL: SHOW COLUMNS FROM `weimart_product` [ RunTime:0.002696s ]
NOTIC: [8] Undefined index:  mapping_order D:\AppServ\www\weimart\ThinkPHP\Extend\Model\RelationModel.class.php 第 176 行.
NOTIC: [8] Undefined index:  mapping_limit D:\AppServ\www\weimart\ThinkPHP\Extend\Model\RelationModel.class.php 第 177 行.
SQL: SELECT b.* FROM weimart_shop_product AS a, weimart_product AS b WHERE a.product_id = b.product_id AND a. shop_id='1' [ RunTime:0.000951s ]
SQL: SHOW COLUMNS FROM `weimart_stype` [ RunTime:0.002637s ]
NOTIC: [8] Undefined index:  mapping_order D:\AppServ\www\weimart\ThinkPHP\Extend\Model\RelationModel.class.php 第 176 行.
NOTIC: [8] Undefined index:  mapping_limit D:\AppServ\www\weimart\ThinkPHP\Extend\Model\RelationModel.class.php 第 177 行.
SQL: SELECT b.* FROM weimart_shop_type AS a, weimart_stype AS b WHERE a.type_id = b.type_id AND a. shop_id='1' [ RunTime:0.001008s ]

[ 2014-10-22T22:37:53+08:00 ] 127.0.0.1 /weimart/index.php?s=Test/test
INFO: [ route_check ] --START--
INFO: CheckRoute Behavior ::run [ RunTime:0.002094s ]
INFO: [ route_check ] --END-- [ RunTime:0.002215s ]
INFO: [ app_begin ] --START--
INFO: ReadHtmlCache Behavior ::run [ RunTime:0.001367s ]
INFO: [ app_begin ] --END-- [ RunTime:0.001460s ]
SQL: SHOW COLUMNS FROM `weimart_shop` [ RunTime:0.002479s ]
SQL: SELECT * FROM `weimart_shop`  [ RunTime:0.000813s ]
SQL: SHOW COLUMNS FROM `weimart_product` [ RunTime:0.003004s ]
NOTIC: [8] Undefined index:  mapping_order D:\AppServ\www\weimart\ThinkPHP\Extend\Model\RelationModel.class.php 第 176 行.
NOTIC: [8] Undefined index:  mapping_limit D:\AppServ\www\weimart\ThinkPHP\Extend\Model\RelationModel.class.php 第 177 行.
SQL: SELECT b.* FROM weimart_shop_product AS a, weimart_product AS b WHERE a.product_id = b.product_id AND a. shop_id='1' [ RunTime:0.001313s ]
SQL: SHOW COLUMNS FROM `weimart_stype` [ RunTime:0.002544s ]
NOTIC: [8] Undefined index:  mapping_order D:\AppServ\www\weimart\ThinkPHP\Extend\Model\RelationModel.class.php 第 176 行.
NOTIC: [8] Undefined index:  mapping_limit D:\AppServ\www\weimart\ThinkPHP\Extend\Model\RelationModel.class.php 第 177 行.
SQL: SELECT b.* FROM weimart_shop_type AS a, weimart_stype AS b WHERE a.type_id = b.type_id AND a. shop_id='1' [ RunTime:0.000941s ]
NOTIC: [8] Undefined index:  mapping_order D:\AppServ\www\weimart\ThinkPHP\Extend\Model\RelationModel.class.php 第 176 行.
NOTIC: [8] Undefined index:  mapping_limit D:\AppServ\www\weimart\ThinkPHP\Extend\Model\RelationModel.class.php 第 177 行.
SQL: SELECT b.* FROM weimart_shop_delegate AS a, weimart_shop AS b WHERE a.shop_id = b.shop_id AND a. parent_id='1' [ RunTime:0.000425s ]
ERR: 1054:Unknown column 'a.parent_id' in 'where clause'
 [ SQL语句 ] : SELECT b.* FROM weimart_shop_delegate AS a, weimart_shop AS b WHERE a.shop_id = b.shop_id AND a. parent_id='1'

[ 2014-10-22T22:38:17+08:00 ] 127.0.0.1 /weimart/index.php?s=Test/test
INFO: [ route_check ] --START--
INFO: CheckRoute Behavior ::run [ RunTime:0.001243s ]
INFO: [ route_check ] --END-- [ RunTime:0.001347s ]
INFO: [ app_begin ] --START--
INFO: ReadHtmlCache Behavior ::run [ RunTime:0.000904s ]
INFO: [ app_begin ] --END-- [ RunTime:0.000981s ]
SQL: SHOW COLUMNS FROM `weimart_shop` [ RunTime:0.002309s ]
SQL: SELECT * FROM `weimart_shop`  [ RunTime:0.001241s ]
SQL: SHOW COLUMNS FROM `weimart_product` [ RunTime:0.003132s ]
NOTIC: [8] Undefined index:  mapping_order D:\AppServ\www\weimart\ThinkPHP\Extend\Model\RelationModel.class.php 第 176 行.
NOTIC: [8] Undefined index:  mapping_limit D:\AppServ\www\weimart\ThinkPHP\Extend\Model\RelationModel.class.php 第 177 行.
SQL: SELECT b.* FROM weimart_shop_product AS a, weimart_product AS b WHERE a.product_id = b.product_id AND a. shop_id='1' [ RunTime:0.000710s ]
SQL: SHOW COLUMNS FROM `weimart_stype` [ RunTime:0.002322s ]
NOTIC: [8] Undefined index:  mapping_order D:\AppServ\www\weimart\ThinkPHP\Extend\Model\RelationModel.class.php 第 176 行.
NOTIC: [8] Undefined index:  mapping_limit D:\AppServ\www\weimart\ThinkPHP\Extend\Model\RelationModel.class.php 第 177 行.
SQL: SELECT b.* FROM weimart_shop_type AS a, weimart_stype AS b WHERE a.type_id = b.type_id AND a. shop_id='1' [ RunTime:0.000444s ]
NOTIC: [8] Undefined index:  mapping_order D:\AppServ\www\weimart\ThinkPHP\Extend\Model\RelationModel.class.php 第 176 行.
NOTIC: [8] Undefined index:  mapping_limit D:\AppServ\www\weimart\ThinkPHP\Extend\Model\RelationModel.class.php 第 177 行.
SQL: SELECT b.* FROM weimart_shop_delegate AS a, weimart_shop AS b WHERE a.shop_id = b.shop_id AND a. parent_id='1' [ RunTime:0.000348s ]
ERR: 1054:Unknown column 'a.parent_id' in 'where clause'
 [ SQL语句 ] : SELECT b.* FROM weimart_shop_delegate AS a, weimart_shop AS b WHERE a.shop_id = b.shop_id AND a. parent_id='1'

[ 2014-10-22T22:38:20+08:00 ] 127.0.0.1 /weimart/index.php?s=Test/test
INFO: [ route_check ] --START--
INFO: CheckRoute Behavior ::run [ RunTime:0.001201s ]
INFO: [ route_check ] --END-- [ RunTime:0.001343s ]
INFO: [ app_begin ] --START--
INFO: ReadHtmlCache Behavior ::run [ RunTime:0.000593s ]
INFO: [ app_begin ] --END-- [ RunTime:0.000671s ]
SQL: SHOW COLUMNS FROM `weimart_shop` [ RunTime:0.003545s ]
SQL: SELECT * FROM `weimart_shop`  [ RunTime:0.001304s ]
SQL: SHOW COLUMNS FROM `weimart_product` [ RunTime:0.002218s ]
NOTIC: [8] Undefined index:  mapping_order D:\AppServ\www\weimart\ThinkPHP\Extend\Model\RelationModel.class.php 第 176 行.
NOTIC: [8] Undefined index:  mapping_limit D:\AppServ\www\weimart\ThinkPHP\Extend\Model\RelationModel.class.php 第 177 行.
SQL: SELECT b.* FROM weimart_shop_product AS a, weimart_product AS b WHERE a.product_id = b.product_id AND a. shop_id='1' [ RunTime:0.000980s ]
SQL: SHOW COLUMNS FROM `weimart_stype` [ RunTime:0.002286s ]
NOTIC: [8] Undefined index:  mapping_order D:\AppServ\www\weimart\ThinkPHP\Extend\Model\RelationModel.class.php 第 176 行.
NOTIC: [8] Undefined index:  mapping_limit D:\AppServ\www\weimart\ThinkPHP\Extend\Model\RelationModel.class.php 第 177 行.
SQL: SELECT b.* FROM weimart_shop_type AS a, weimart_stype AS b WHERE a.type_id = b.type_id AND a. shop_id='1' [ RunTime:0.001826s ]
NOTIC: [8] Undefined index:  mapping_order D:\AppServ\www\weimart\ThinkPHP\Extend\Model\RelationModel.class.php 第 176 行.
NOTIC: [8] Undefined index:  mapping_limit D:\AppServ\www\weimart\ThinkPHP\Extend\Model\RelationModel.class.php 第 177 行.
SQL: SELECT b.* FROM weimart_shop_delegate AS a, weimart_shop AS b WHERE a.shop_id = b.shop_id AND a. parent_id='1' [ RunTime:0.000688s ]
ERR: 1054:Unknown column 'a.parent_id' in 'where clause'
 [ SQL语句 ] : SELECT b.* FROM weimart_shop_delegate AS a, weimart_shop AS b WHERE a.shop_id = b.shop_id AND a. parent_id='1'

[ 2014-10-22T22:39:00+08:00 ] 127.0.0.1 /weimart/index.php?s=Test/test
INFO: [ route_check ] --START--
INFO: CheckRoute Behavior ::run [ RunTime:0.001556s ]
INFO: [ route_check ] --END-- [ RunTime:0.001660s ]
INFO: [ app_begin ] --START--
INFO: ReadHtmlCache Behavior ::run [ RunTime:0.001304s ]
INFO: [ app_begin ] --END-- [ RunTime:0.001379s ]
SQL: SHOW COLUMNS FROM `weimart_shop` [ RunTime:0.002835s ]
SQL: SELECT * FROM `weimart_shop`  [ RunTime:0.001511s ]
SQL: SHOW COLUMNS FROM `weimart_product` [ RunTime:0.002592s ]
NOTIC: [8] Undefined index:  mapping_order D:\AppServ\www\weimart\ThinkPHP\Extend\Model\RelationModel.class.php 第 176 行.
NOTIC: [8] Undefined index:  mapping_limit D:\AppServ\www\weimart\ThinkPHP\Extend\Model\RelationModel.class.php 第 177 行.
SQL: SELECT b.* FROM weimart_shop_product AS a, weimart_product AS b WHERE a.product_id = b.product_id AND a. shop_id='1' [ RunTime:0.001427s ]
SQL: SHOW COLUMNS FROM `weimart_stype` [ RunTime:0.002301s ]
NOTIC: [8] Undefined index:  mapping_order D:\AppServ\www\weimart\ThinkPHP\Extend\Model\RelationModel.class.php 第 176 行.
NOTIC: [8] Undefined index:  mapping_limit D:\AppServ\www\weimart\ThinkPHP\Extend\Model\RelationModel.class.php 第 177 行.
SQL: SELECT b.* FROM weimart_shop_type AS a, weimart_stype AS b WHERE a.type_id = b.type_id AND a. shop_id='1' [ RunTime:0.001509s ]
NOTIC: [8] Undefined index:  mapping_order D:\AppServ\www\weimart\ThinkPHP\Extend\Model\RelationModel.class.php 第 176 行.
NOTIC: [8] Undefined index:  mapping_limit D:\AppServ\www\weimart\ThinkPHP\Extend\Model\RelationModel.class.php 第 177 行.
SQL: SELECT b.* FROM weimart_shop_delegate AS a, weimart_shop AS b WHERE a.super_shop_id = b.shop_id AND a. parent_id='1' [ RunTime:0.001443s ]
ERR: 1054:Unknown column 'a.parent_id' in 'where clause'
 [ SQL语句 ] : SELECT b.* FROM weimart_shop_delegate AS a, weimart_shop AS b WHERE a.super_shop_id = b.shop_id AND a. parent_id='1'

[ 2014-10-22T22:39:02+08:00 ] 127.0.0.1 /weimart/index.php?s=Test/test
INFO: [ route_check ] --START--
INFO: CheckRoute Behavior ::run [ RunTime:0.001616s ]
INFO: [ route_check ] --END-- [ RunTime:0.001734s ]
INFO: [ app_begin ] --START--
INFO: ReadHtmlCache Behavior ::run [ RunTime:0.001473s ]
INFO: [ app_begin ] --END-- [ RunTime:0.001574s ]
SQL: SHOW COLUMNS FROM `weimart_shop` [ RunTime:0.002254s ]
SQL: SELECT * FROM `weimart_shop`  [ RunTime:0.000599s ]
SQL: SHOW COLUMNS FROM `weimart_product` [ RunTime:0.002310s ]
NOTIC: [8] Undefined index:  mapping_order D:\AppServ\www\weimart\ThinkPHP\Extend\Model\RelationModel.class.php 第 176 行.
NOTIC: [8] Undefined index:  mapping_limit D:\AppServ\www\weimart\ThinkPHP\Extend\Model\RelationModel.class.php 第 177 行.
SQL: SELECT b.* FROM weimart_shop_product AS a, weimart_product AS b WHERE a.product_id = b.product_id AND a. shop_id='1' [ RunTime:0.000652s ]
SQL: SHOW COLUMNS FROM `weimart_stype` [ RunTime:0.002415s ]
NOTIC: [8] Undefined index:  mapping_order D:\AppServ\www\weimart\ThinkPHP\Extend\Model\RelationModel.class.php 第 176 行.
NOTIC: [8] Undefined index:  mapping_limit D:\AppServ\www\weimart\ThinkPHP\Extend\Model\RelationModel.class.php 第 177 行.
SQL: SELECT b.* FROM weimart_shop_type AS a, weimart_stype AS b WHERE a.type_id = b.type_id AND a. shop_id='1' [ RunTime:0.000713s ]
NOTIC: [8] Undefined index:  mapping_order D:\AppServ\www\weimart\ThinkPHP\Extend\Model\RelationModel.class.php 第 176 行.
NOTIC: [8] Undefined index:  mapping_limit D:\AppServ\www\weimart\ThinkPHP\Extend\Model\RelationModel.class.php 第 177 行.
SQL: SELECT b.* FROM weimart_shop_delegate AS a, weimart_shop AS b WHERE a.super_shop_id = b.shop_id AND a. parent_id='1' [ RunTime:0.000532s ]
ERR: 1054:Unknown column 'a.parent_id' in 'where clause'
 [ SQL语句 ] : SELECT b.* FROM weimart_shop_delegate AS a, weimart_shop AS b WHERE a.super_shop_id = b.shop_id AND a. parent_id='1'

[ 2014-10-22T22:39:04+08:00 ] 127.0.0.1 /weimart/index.php?s=Test/test
INFO: [ route_check ] --START--
INFO: CheckRoute Behavior ::run [ RunTime:0.001729s ]
INFO: [ route_check ] --END-- [ RunTime:0.001830s ]
INFO: [ app_begin ] --START--
INFO: ReadHtmlCache Behavior ::run [ RunTime:0.001247s ]
INFO: [ app_begin ] --END-- [ RunTime:0.001330s ]
SQL: SHOW COLUMNS FROM `weimart_shop` [ RunTime:0.002519s ]
SQL: SELECT * FROM `weimart_shop`  [ RunTime:0.001518s ]
SQL: SHOW COLUMNS FROM `weimart_product` [ RunTime:0.002347s ]
NOTIC: [8] Undefined index:  mapping_order D:\AppServ\www\weimart\ThinkPHP\Extend\Model\RelationModel.class.php 第 176 行.
NOTIC: [8] Undefined index:  mapping_limit D:\AppServ\www\weimart\ThinkPHP\Extend\Model\RelationModel.class.php 第 177 行.
SQL: SELECT b.* FROM weimart_shop_product AS a, weimart_product AS b WHERE a.product_id = b.product_id AND a. shop_id='1' [ RunTime:0.001389s ]
SQL: SHOW COLUMNS FROM `weimart_stype` [ RunTime:0.002125s ]
NOTIC: [8] Undefined index:  mapping_order D:\AppServ\www\weimart\ThinkPHP\Extend\Model\RelationModel.class.php 第 176 行.
NOTIC: [8] Undefined index:  mapping_limit D:\AppServ\www\weimart\ThinkPHP\Extend\Model\RelationModel.class.php 第 177 行.
SQL: SELECT b.* FROM weimart_shop_type AS a, weimart_stype AS b WHERE a.type_id = b.type_id AND a. shop_id='1' [ RunTime:0.001570s ]
NOTIC: [8] Undefined index:  mapping_order D:\AppServ\www\weimart\ThinkPHP\Extend\Model\RelationModel.class.php 第 176 行.
NOTIC: [8] Undefined index:  mapping_limit D:\AppServ\www\weimart\ThinkPHP\Extend\Model\RelationModel.class.php 第 177 行.
SQL: SELECT b.* FROM weimart_shop_delegate AS a, weimart_shop AS b WHERE a.super_shop_id = b.shop_id AND a. parent_id='1' [ RunTime:0.000711s ]
ERR: 1054:Unknown column 'a.parent_id' in 'where clause'
 [ SQL语句 ] : SELECT b.* FROM weimart_shop_delegate AS a, weimart_shop AS b WHERE a.super_shop_id = b.shop_id AND a. parent_id='1'

[ 2014-10-22T22:44:06+08:00 ] 127.0.0.1 /weimart/index.php?s=Test/test
INFO: [ route_check ] --START--
INFO: CheckRoute Behavior ::run [ RunTime:0.001388s ]
INFO: [ route_check ] --END-- [ RunTime:0.001507s ]
INFO: [ app_begin ] --START--
INFO: ReadHtmlCache Behavior ::run [ RunTime:0.001378s ]
INFO: [ app_begin ] --END-- [ RunTime:0.001533s ]
SQL: SHOW COLUMNS FROM `weimart_shop` [ RunTime:0.002491s ]
SQL: SELECT * FROM `weimart_shop`  [ RunTime:0.001330s ]
SQL: SHOW COLUMNS FROM `weimart_product` [ RunTime:0.002714s ]
NOTIC: [8] Undefined index:  mapping_order D:\AppServ\www\weimart\ThinkPHP\Extend\Model\RelationModel.class.php 第 176 行.
NOTIC: [8] Undefined index:  mapping_limit D:\AppServ\www\weimart\ThinkPHP\Extend\Model\RelationModel.class.php 第 177 行.
SQL: SELECT b.* FROM weimart_shop_product AS a, weimart_product AS b WHERE a.product_id = b.product_id AND a. shop_id='1' [ RunTime:0.001398s ]
SQL: SHOW COLUMNS FROM `weimart_stype` [ RunTime:0.002743s ]
NOTIC: [8] Undefined index:  mapping_order D:\AppServ\www\weimart\ThinkPHP\Extend\Model\RelationModel.class.php 第 176 行.
NOTIC: [8] Undefined index:  mapping_limit D:\AppServ\www\weimart\ThinkPHP\Extend\Model\RelationModel.class.php 第 177 行.
SQL: SELECT b.* FROM weimart_shop_type AS a, weimart_stype AS b WHERE a.type_id = b.type_id AND a. shop_id='1' [ RunTime:0.001612s ]

[ 2014-10-22T22:45:02+08:00 ] 127.0.0.1 /weimart/index.php?s=Test/test
INFO: [ route_check ] --START--
INFO: CheckRoute Behavior ::run [ RunTime:0.001794s ]
INFO: [ route_check ] --END-- [ RunTime:0.001906s ]
INFO: [ app_begin ] --START--
INFO: ReadHtmlCache Behavior ::run [ RunTime:0.001565s ]
INFO: [ app_begin ] --END-- [ RunTime:0.001675s ]
SQL: SHOW COLUMNS FROM `weimart_shop` [ RunTime:0.002551s ]
SQL: SELECT * FROM `weimart_shop`  [ RunTime:0.001540s ]
SQL: SHOW COLUMNS FROM `weimart_product` [ RunTime:0.002181s ]
NOTIC: [8] Undefined index:  mapping_order D:\AppServ\www\weimart\ThinkPHP\Extend\Model\RelationModel.class.php 第 176 行.
NOTIC: [8] Undefined index:  mapping_limit D:\AppServ\www\weimart\ThinkPHP\Extend\Model\RelationModel.class.php 第 177 行.
SQL: SELECT b.* FROM weimart_shop_product AS a, weimart_product AS b WHERE a.product_id = b.product_id AND a. shop_id='1' [ RunTime:0.000746s ]
SQL: SHOW COLUMNS FROM `weimart_stype` [ RunTime:0.002357s ]
NOTIC: [8] Undefined index:  mapping_order D:\AppServ\www\weimart\ThinkPHP\Extend\Model\RelationModel.class.php 第 176 行.
NOTIC: [8] Undefined index:  mapping_limit D:\AppServ\www\weimart\ThinkPHP\Extend\Model\RelationModel.class.php 第 177 行.
SQL: SELECT b.* FROM weimart_shop_type AS a, weimart_stype AS b WHERE a.type_id = b.type_id AND a. shop_id='1' [ RunTime:0.000881s ]

[ 2014-10-22T22:50:18+08:00 ] 127.0.0.1 /weimart/index.php?s=Test/test
INFO: [ route_check ] --START--
INFO: CheckRoute Behavior ::run [ RunTime:0.001807s ]
INFO: [ route_check ] --END-- [ RunTime:0.001917s ]
INFO: [ app_begin ] --START--
INFO: ReadHtmlCache Behavior ::run [ RunTime:0.001313s ]
INFO: [ app_begin ] --END-- [ RunTime:0.001387s ]
SQL: SHOW COLUMNS FROM `weimart_shop` [ RunTime:0.002772s ]
SQL: SELECT * FROM `weimart_shop`  [ RunTime:0.001133s ]
SQL: SHOW COLUMNS FROM `weimart_product` [ RunTime:0.003165s ]
NOTIC: [8] Undefined index:  mapping_order D:\AppServ\www\weimart\ThinkPHP\Extend\Model\RelationModel.class.php 第 176 行.
NOTIC: [8] Undefined index:  mapping_limit D:\AppServ\www\weimart\ThinkPHP\Extend\Model\RelationModel.class.php 第 177 行.
SQL: SELECT b.* FROM weimart_shop_product AS a, weimart_product AS b WHERE a.product_id = b.product_id AND a. shop_id='1' [ RunTime:0.000805s ]
SQL: SHOW COLUMNS FROM `weimart_stype` [ RunTime:0.002789s ]
NOTIC: [8] Undefined index:  mapping_order D:\AppServ\www\weimart\ThinkPHP\Extend\Model\RelationModel.class.php 第 176 行.
NOTIC: [8] Undefined index:  mapping_limit D:\AppServ\www\weimart\ThinkPHP\Extend\Model\RelationModel.class.php 第 177 行.
SQL: SELECT b.* FROM weimart_shop_type AS a, weimart_stype AS b WHERE a.type_id = b.type_id AND a. shop_id='1' [ RunTime:0.000749s ]
SQL: SELECT * FROM `weimart_shop` WHERE ( 1=1 AND shop_id='1' ) LIMIT 1   [ RunTime:0.000787s ]

[ 2014-10-22T22:51:02+08:00 ] 127.0.0.1 /weimart/index.php?s=Test/test
INFO: [ route_check ] --START--
INFO: CheckRoute Behavior ::run [ RunTime:0.001736s ]
INFO: [ route_check ] --END-- [ RunTime:0.001875s ]
INFO: [ app_begin ] --START--
INFO: ReadHtmlCache Behavior ::run [ RunTime:0.001395s ]
INFO: [ app_begin ] --END-- [ RunTime:0.001507s ]
SQL: SHOW COLUMNS FROM `weimart_shop` [ RunTime:0.002709s ]
SQL: SELECT * FROM `weimart_shop`  [ RunTime:0.000371s ]
SQL: SHOW COLUMNS FROM `weimart_product` [ RunTime:0.002561s ]
NOTIC: [8] Undefined index:  mapping_order D:\AppServ\www\weimart\ThinkPHP\Extend\Model\RelationModel.class.php 第 176 行.
NOTIC: [8] Undefined index:  mapping_limit D:\AppServ\www\weimart\ThinkPHP\Extend\Model\RelationModel.class.php 第 177 行.
SQL: SELECT b.* FROM weimart_shop_product AS a, weimart_product AS b WHERE a.product_id = b.product_id AND a. shop_id='1' [ RunTime:0.000966s ]
SQL: SHOW COLUMNS FROM `weimart_stype` [ RunTime:0.002028s ]
NOTIC: [8] Undefined index:  mapping_order D:\AppServ\www\weimart\ThinkPHP\Extend\Model\RelationModel.class.php 第 176 行.
NOTIC: [8] Undefined index:  mapping_limit D:\AppServ\www\weimart\ThinkPHP\Extend\Model\RelationModel.class.php 第 177 行.
SQL: SELECT b.* FROM weimart_shop_type AS a, weimart_stype AS b WHERE a.type_id = b.type_id AND a. shop_id='1' [ RunTime:0.001160s ]
SQL: SELECT * FROM `weimart_shop` WHERE ( 1=1 AND shop_id='1' ) LIMIT 1   [ RunTime:0.000326s ]

[ 2014-10-22T22:51:05+08:00 ] 127.0.0.1 /weimart/index.php?s=Test/test
INFO: [ route_check ] --START--
INFO: CheckRoute Behavior ::run [ RunTime:0.002150s ]
INFO: [ route_check ] --END-- [ RunTime:0.002313s ]
INFO: [ app_begin ] --START--
INFO: ReadHtmlCache Behavior ::run [ RunTime:0.001340s ]
INFO: [ app_begin ] --END-- [ RunTime:0.001439s ]
SQL: SHOW COLUMNS FROM `weimart_shop` [ RunTime:0.002376s ]
SQL: SELECT * FROM `weimart_shop`  [ RunTime:0.000887s ]
SQL: SHOW COLUMNS FROM `weimart_product` [ RunTime:0.002631s ]
NOTIC: [8] Undefined index:  mapping_order D:\AppServ\www\weimart\ThinkPHP\Extend\Model\RelationModel.class.php 第 176 行.
NOTIC: [8] Undefined index:  mapping_limit D:\AppServ\www\weimart\ThinkPHP\Extend\Model\RelationModel.class.php 第 177 行.
SQL: SELECT b.* FROM weimart_shop_product AS a, weimart_product AS b WHERE a.product_id = b.product_id AND a. shop_id='1' [ RunTime:0.001181s ]
SQL: SHOW COLUMNS FROM `weimart_stype` [ RunTime:0.002510s ]
NOTIC: [8] Undefined index:  mapping_order D:\AppServ\www\weimart\ThinkPHP\Extend\Model\RelationModel.class.php 第 176 行.
NOTIC: [8] Undefined index:  mapping_limit D:\AppServ\www\weimart\ThinkPHP\Extend\Model\RelationModel.class.php 第 177 行.
SQL: SELECT b.* FROM weimart_shop_type AS a, weimart_stype AS b WHERE a.type_id = b.type_id AND a. shop_id='1' [ RunTime:0.001200s ]
SQL: SELECT * FROM `weimart_shop` WHERE ( 1=1 AND shop_id='1' ) LIMIT 1   [ RunTime:0.000563s ]

[ 2014-10-22T22:52:02+08:00 ] 127.0.0.1 /weimart/index.php?s=Test/test
INFO: [ route_check ] --START--
INFO: CheckRoute Behavior ::run [ RunTime:0.001592s ]
INFO: [ route_check ] --END-- [ RunTime:0.001701s ]
INFO: [ app_begin ] --START--
INFO: ReadHtmlCache Behavior ::run [ RunTime:0.001249s ]
INFO: [ app_begin ] --END-- [ RunTime:0.001404s ]
SQL: SHOW COLUMNS FROM `weimart_shop` [ RunTime:0.002532s ]
SQL: SELECT * FROM `weimart_shop`  [ RunTime:0.001567s ]
SQL: SHOW COLUMNS FROM `weimart_product` [ RunTime:0.002377s ]
NOTIC: [8] Undefined index:  mapping_order D:\AppServ\www\weimart\ThinkPHP\Extend\Model\RelationModel.class.php 第 176 行.
NOTIC: [8] Undefined index:  mapping_limit D:\AppServ\www\weimart\ThinkPHP\Extend\Model\RelationModel.class.php 第 177 行.
SQL: SELECT b.* FROM weimart_shop_product AS a, weimart_product AS b WHERE a.product_id = b.product_id AND a. shop_id='1' [ RunTime:0.001449s ]
SQL: SHOW COLUMNS FROM `weimart_stype` [ RunTime:0.002868s ]
NOTIC: [8] Undefined index:  mapping_order D:\AppServ\www\weimart\ThinkPHP\Extend\Model\RelationModel.class.php 第 176 行.
NOTIC: [8] Undefined index:  mapping_limit D:\AppServ\www\weimart\ThinkPHP\Extend\Model\RelationModel.class.php 第 177 行.
SQL: SELECT b.* FROM weimart_shop_type AS a, weimart_stype AS b WHERE a.type_id = b.type_id AND a. shop_id='1' [ RunTime:0.001402s ]
SQL: SELECT * FROM `weimart_shop` WHERE ( 1=1 AND shop_id='1' ) LIMIT 1   [ RunTime:0.000434s ]
NOTIC: [8] Undefined index:  mapping_order D:\AppServ\www\weimart\ThinkPHP\Extend\Model\RelationModel.class.php 第 176 行.
NOTIC: [8] Undefined index:  mapping_limit D:\AppServ\www\weimart\ThinkPHP\Extend\Model\RelationModel.class.php 第 177 行.
SQL: SELECT b.* FROM weimart_shop_product AS a, weimart_product AS b WHERE a.product_id = b.product_id AND a. shop_id='2' [ RunTime:0.000385s ]
NOTIC: [8] Undefined index:  mapping_order D:\AppServ\www\weimart\ThinkPHP\Extend\Model\RelationModel.class.php 第 176 行.
NOTIC: [8] Undefined index:  mapping_limit D:\AppServ\www\weimart\ThinkPHP\Extend\Model\RelationModel.class.php 第 177 行.
SQL: SELECT b.* FROM weimart_shop_type AS a, weimart_stype AS b WHERE a.type_id = b.type_id AND a. shop_id='2' [ RunTime:0.000305s ]
SQL: SELECT * FROM `weimart_shop` WHERE ( 1=1 AND shop_id='1' ) LIMIT 1   [ RunTime:0.000372s ]

[ 2014-10-22T22:54:11+08:00 ] 127.0.0.1 /weimart/index.php?s=Test/test
INFO: [ route_check ] --START--
INFO: CheckRoute Behavior ::run [ RunTime:0.001484s ]
INFO: [ route_check ] --END-- [ RunTime:0.001607s ]
INFO: [ app_begin ] --START--
INFO: ReadHtmlCache Behavior ::run [ RunTime:0.001483s ]
INFO: [ app_begin ] --END-- [ RunTime:0.001655s ]
SQL: SHOW COLUMNS FROM `weimart_shop` [ RunTime:0.003088s ]
SQL: SELECT * FROM `weimart_shop`  [ RunTime:0.000738s ]
SQL: SHOW COLUMNS FROM `weimart_product` [ RunTime:0.003664s ]
NOTIC: [8] Undefined index:  mapping_order D:\AppServ\www\weimart\ThinkPHP\Extend\Model\RelationModel.class.php 第 176 行.
NOTIC: [8] Undefined index:  mapping_limit D:\AppServ\www\weimart\ThinkPHP\Extend\Model\RelationModel.class.php 第 177 行.
SQL: SELECT b.* FROM weimart_shop_product AS a, weimart_product AS b WHERE a.product_id = b.product_id AND a. shop_id='1' [ RunTime:0.000870s ]
SQL: SHOW COLUMNS FROM `weimart_stype` [ RunTime:0.003241s ]
NOTIC: [8] Undefined index:  mapping_order D:\AppServ\www\weimart\ThinkPHP\Extend\Model\RelationModel.class.php 第 176 行.
NOTIC: [8] Undefined index:  mapping_limit D:\AppServ\www\weimart\ThinkPHP\Extend\Model\RelationModel.class.php 第 177 行.
SQL: SELECT b.* FROM weimart_shop_type AS a, weimart_stype AS b WHERE a.type_id = b.type_id AND a. shop_id='1' [ RunTime:0.000841s ]
SQL: SELECT * FROM `weimart_shop` WHERE ( 1=1 AND shop_id='1' ) LIMIT 1   [ RunTime:0.000736s ]
SQL: SELECT * FROM `weimart_shop` WHERE ( 1=1 AND shop_id='1' )  [ RunTime:0.000631s ]
NOTIC: [8] Undefined index:  mapping_order D:\AppServ\www\weimart\ThinkPHP\Extend\Model\RelationModel.class.php 第 176 行.
NOTIC: [8] Undefined index:  mapping_limit D:\AppServ\www\weimart\ThinkPHP\Extend\Model\RelationModel.class.php 第 177 行.
SQL: SELECT b.* FROM weimart_shop_product AS a, weimart_product AS b WHERE a.product_id = b.product_id AND a. shop_id='2' [ RunTime:0.000607s ]
NOTIC: [8] Undefined index:  mapping_order D:\AppServ\www\weimart\ThinkPHP\Extend\Model\RelationModel.class.php 第 176 行.
NOTIC: [8] Undefined index:  mapping_limit D:\AppServ\www\weimart\ThinkPHP\Extend\Model\RelationModel.class.php 第 177 行.
SQL: SELECT b.* FROM weimart_shop_type AS a, weimart_stype AS b WHERE a.type_id = b.type_id AND a. shop_id='2' [ RunTime:0.000591s ]
SQL: SELECT * FROM `weimart_shop` WHERE ( 1=1 AND shop_id='1' ) LIMIT 1   [ RunTime:0.000639s ]
SQL: SELECT * FROM `weimart_shop` WHERE ( 1=1 AND shop_id='2' )  [ RunTime:0.000838s ]

[ 2014-10-22T22:55:05+08:00 ] 127.0.0.1 /weimart/index.php?s=Test/test
INFO: [ route_check ] --START--
INFO: CheckRoute Behavior ::run [ RunTime:0.001537s ]
INFO: [ route_check ] --END-- [ RunTime:0.001634s ]
INFO: [ app_begin ] --START--
INFO: ReadHtmlCache Behavior ::run [ RunTime:0.001242s ]
INFO: [ app_begin ] --END-- [ RunTime:0.001317s ]
SQL: SHOW COLUMNS FROM `weimart_shop` [ RunTime:0.002528s ]
SQL: SELECT * FROM `weimart_shop`  [ RunTime:0.001100s ]
SQL: SHOW COLUMNS FROM `weimart_product` [ RunTime:0.002259s ]
NOTIC: [8] Undefined index:  mapping_order D:\AppServ\www\weimart\ThinkPHP\Extend\Model\RelationModel.class.php 第 176 行.
NOTIC: [8] Undefined index:  mapping_limit D:\AppServ\www\weimart\ThinkPHP\Extend\Model\RelationModel.class.php 第 177 行.
SQL: SELECT b.* FROM weimart_shop_product AS a, weimart_product AS b WHERE a.product_id = b.product_id AND a. shop_id='1' [ RunTime:0.001522s ]
SQL: SHOW COLUMNS FROM `weimart_stype` [ RunTime:0.002887s ]
NOTIC: [8] Undefined index:  mapping_order D:\AppServ\www\weimart\ThinkPHP\Extend\Model\RelationModel.class.php 第 176 行.
NOTIC: [8] Undefined index:  mapping_limit D:\AppServ\www\weimart\ThinkPHP\Extend\Model\RelationModel.class.php 第 177 行.
SQL: SELECT b.* FROM weimart_shop_type AS a, weimart_stype AS b WHERE a.type_id = b.type_id AND a. shop_id='1' [ RunTime:0.000906s ]
SQL: SELECT * FROM `weimart_shop` WHERE ( 1=1 AND shop_id='1' ) LIMIT 1   [ RunTime:0.000515s ]
SQL: SELECT * FROM `weimart_shop` WHERE ( 1=1 AND super_shop_id='1' )  [ RunTime:0.000328s ]
NOTIC: [8] Undefined index:  mapping_order D:\AppServ\www\weimart\ThinkPHP\Extend\Model\RelationModel.class.php 第 176 行.
NOTIC: [8] Undefined index:  mapping_limit D:\AppServ\www\weimart\ThinkPHP\Extend\Model\RelationModel.class.php 第 177 行.
SQL: SELECT b.* FROM weimart_shop_product AS a, weimart_product AS b WHERE a.product_id = b.product_id AND a. shop_id='2' [ RunTime:0.000294s ]
NOTIC: [8] Undefined index:  mapping_order D:\AppServ\www\weimart\ThinkPHP\Extend\Model\RelationModel.class.php 第 176 行.
NOTIC: [8] Undefined index:  mapping_limit D:\AppServ\www\weimart\ThinkPHP\Extend\Model\RelationModel.class.php 第 177 行.
SQL: SELECT b.* FROM weimart_shop_type AS a, weimart_stype AS b WHERE a.type_id = b.type_id AND a. shop_id='2' [ RunTime:0.000304s ]
SQL: SELECT * FROM `weimart_shop` WHERE ( 1=1 AND shop_id='1' ) LIMIT 1   [ RunTime:0.000268s ]
SQL: SELECT * FROM `weimart_shop` WHERE ( 1=1 AND super_shop_id='2' )  [ RunTime:0.000404s ]

[ 2014-10-22T22:55:43+08:00 ] 127.0.0.1 /weimart/index.php?s=Test/test
INFO: [ route_check ] --START--
INFO: CheckRoute Behavior ::run [ RunTime:0.000934s ]
INFO: [ route_check ] --END-- [ RunTime:0.001047s ]
INFO: [ app_begin ] --START--
INFO: ReadHtmlCache Behavior ::run [ RunTime:0.000588s ]
INFO: [ app_begin ] --END-- [ RunTime:0.000660s ]
SQL: SHOW COLUMNS FROM `weimart_shop` [ RunTime:0.003341s ]
SQL: SELECT * FROM `weimart_shop`  [ RunTime:0.001260s ]
SQL: SHOW COLUMNS FROM `weimart_product` [ RunTime:0.002422s ]
NOTIC: [8] Undefined index:  mapping_order D:\AppServ\www\weimart\ThinkPHP\Extend\Model\RelationModel.class.php 第 176 行.
NOTIC: [8] Undefined index:  mapping_limit D:\AppServ\www\weimart\ThinkPHP\Extend\Model\RelationModel.class.php 第 177 行.
SQL: SELECT b.* FROM weimart_shop_product AS a, weimart_product AS b WHERE a.product_id = b.product_id AND a. shop_id='1' [ RunTime:0.001775s ]
SQL: SHOW COLUMNS FROM `weimart_stype` [ RunTime:0.002458s ]
NOTIC: [8] Undefined index:  mapping_order D:\AppServ\www\weimart\ThinkPHP\Extend\Model\RelationModel.class.php 第 176 行.
NOTIC: [8] Undefined index:  mapping_limit D:\AppServ\www\weimart\ThinkPHP\Extend\Model\RelationModel.class.php 第 177 行.
SQL: SELECT b.* FROM weimart_shop_type AS a, weimart_stype AS b WHERE a.type_id = b.type_id AND a. shop_id='1' [ RunTime:0.001571s ]
SQL: SELECT * FROM `weimart_shop` WHERE ( 1=1 AND shop_id='1' ) LIMIT 1   [ RunTime:0.000805s ]
SQL: SELECT * FROM `weimart_shop` WHERE ( 1=1 AND super_shop_id='1' )  [ RunTime:0.000407s ]
NOTIC: [8] Undefined index:  mapping_order D:\AppServ\www\weimart\ThinkPHP\Extend\Model\RelationModel.class.php 第 176 行.
NOTIC: [8] Undefined index:  mapping_limit D:\AppServ\www\weimart\ThinkPHP\Extend\Model\RelationModel.class.php 第 177 行.
SQL: SELECT b.* FROM weimart_shop_product AS a, weimart_product AS b WHERE a.product_id = b.product_id AND a. shop_id='2' [ RunTime:0.000578s ]
NOTIC: [8] Undefined index:  mapping_order D:\AppServ\www\weimart\ThinkPHP\Extend\Model\RelationModel.class.php 第 176 行.
NOTIC: [8] Undefined index:  mapping_limit D:\AppServ\www\weimart\ThinkPHP\Extend\Model\RelationModel.class.php 第 177 行.
SQL: SELECT b.* FROM weimart_shop_type AS a, weimart_stype AS b WHERE a.type_id = b.type_id AND a. shop_id='2' [ RunTime:0.000349s ]
SQL: SELECT * FROM `weimart_shop` WHERE ( 1=1 AND shop_id='1' ) LIMIT 1   [ RunTime:0.000335s ]
SQL: SELECT * FROM `weimart_shop` WHERE ( 1=1 AND super_shop_id='2' )  [ RunTime:0.000366s ]

