[ 2014-10-23T21:04:48+08:00 ] 127.0.0.1 /weimart/index.php?s=Test/test
INFO: [ route_check ] --START--
INFO: CheckRoute Behavior ::run [ RunTime:0.001577s ]
INFO: [ route_check ] --END-- [ RunTime:0.001719s ]
INFO: [ app_begin ] --START--
INFO: ReadHtmlCache Behavior ::run [ RunTime:0.001070s ]
INFO: [ app_begin ] --END-- [ RunTime:0.001164s ]
SQL: SHOW COLUMNS FROM `weimart_shop` [ RunTime:1.353465s ]
SQL: SELECT * FROM `weimart_shop`  [ RunTime:0.096649s ]
SQL: SHOW COLUMNS FROM `weimart_product` [ RunTime:0.096328s ]
NOTIC: [8] Undefined index:  mapping_order D:\AppServ\www\weimart\ThinkPHP\Extend\Model\RelationModel.class.php 第 176 行.
NOTIC: [8] Undefined index:  mapping_limit D:\AppServ\www\weimart\ThinkPHP\Extend\Model\RelationModel.class.php 第 177 行.
SQL: SELECT b.* FROM weimart_shop_product AS a, weimart_product AS b WHERE a.product_id = b.product_id AND a. shop_id='1' [ RunTime:0.133073s ]
SQL: SHOW COLUMNS FROM `weimart_stype` [ RunTime:0.077421s ]
NOTIC: [8] Undefined index:  mapping_order D:\AppServ\www\weimart\ThinkPHP\Extend\Model\RelationModel.class.php 第 176 行.
NOTIC: [8] Undefined index:  mapping_limit D:\AppServ\www\weimart\ThinkPHP\Extend\Model\RelationModel.class.php 第 177 行.
SQL: SELECT b.* FROM weimart_shop_type AS a, weimart_stype AS b WHERE a.type_id = b.type_id AND a. shop_id='1' [ RunTime:0.072805s ]
SQL: SELECT * FROM `weimart_shop` WHERE ( 1=1 AND shop_id='1' ) LIMIT 1   [ RunTime:0.000488s ]
SQL: SELECT * FROM `weimart_shop` WHERE ( 1=1 AND super_shop_id='1' )  [ RunTime:0.000685s ]
NOTIC: [8] Undefined index:  mapping_order D:\AppServ\www\weimart\ThinkPHP\Extend\Model\RelationModel.class.php 第 176 行.
NOTIC: [8] Undefined index:  mapping_limit D:\AppServ\www\weimart\ThinkPHP\Extend\Model\RelationModel.class.php 第 177 行.
SQL: SELECT b.* FROM weimart_shop_product AS a, weimart_product AS b WHERE a.product_id = b.product_id AND a. shop_id='2' [ RunTime:0.033210s ]
NOTIC: [8] Undefined index:  mapping_order D:\AppServ\www\weimart\ThinkPHP\Extend\Model\RelationModel.class.php 第 176 行.
NOTIC: [8] Undefined index:  mapping_limit D:\AppServ\www\weimart\ThinkPHP\Extend\Model\RelationModel.class.php 第 177 行.
SQL: SELECT b.* FROM weimart_shop_type AS a, weimart_stype AS b WHERE a.type_id = b.type_id AND a. shop_id='2' [ RunTime:0.000506s ]
SQL: SELECT * FROM `weimart_shop` WHERE ( 1=1 AND shop_id='1' ) LIMIT 1   [ RunTime:0.000457s ]
SQL: SELECT * FROM `weimart_shop` WHERE ( 1=1 AND super_shop_id='2' )  [ RunTime:0.000460s ]

[ 2014-10-23T21:05:35+08:00 ] 127.0.0.1 /weimart/index.php?s=Test/test
INFO: [ route_check ] --START--
INFO: CheckRoute Behavior ::run [ RunTime:0.000903s ]
INFO: [ route_check ] --END-- [ RunTime:0.001026s ]
INFO: [ app_begin ] --START--
INFO: ReadHtmlCache Behavior ::run [ RunTime:0.000798s ]
INFO: [ app_begin ] --END-- [ RunTime:0.000918s ]
SQL: SHOW COLUMNS FROM `weimart_shop` [ RunTime:0.003138s ]
SQL: SELECT * FROM `weimart_shop`  [ RunTime:0.000529s ]
SQL: SHOW COLUMNS FROM `weimart_product` [ RunTime:0.002826s ]
NOTIC: [8] Undefined index:  mapping_order D:\AppServ\www\weimart\ThinkPHP\Extend\Model\RelationModel.class.php 第 176 行.
NOTIC: [8] Undefined index:  mapping_limit D:\AppServ\www\weimart\ThinkPHP\Extend\Model\RelationModel.class.php 第 177 行.
SQL: SELECT b.* FROM weimart_shop_product AS a, weimart_product AS b WHERE a.product_id = b.product_id AND a. shop_id='1' [ RunTime:0.000494s ]
SQL: SHOW COLUMNS FROM `weimart_stype` [ RunTime:0.002387s ]
NOTIC: [8] Undefined index:  mapping_order D:\AppServ\www\weimart\ThinkPHP\Extend\Model\RelationModel.class.php 第 176 行.
NOTIC: [8] Undefined index:  mapping_limit D:\AppServ\www\weimart\ThinkPHP\Extend\Model\RelationModel.class.php 第 177 行.
SQL: SELECT b.* FROM weimart_shop_type AS a, weimart_stype AS b WHERE a.type_id = b.type_id AND a. shop_id='1' [ RunTime:0.000638s ]
SQL: SELECT * FROM `weimart_shop` WHERE ( 1=1 AND shop_id='1' ) LIMIT 1   [ RunTime:0.000490s ]
SQL: SELECT * FROM `weimart_shop` WHERE ( 1=1 AND super_shop_id='1' )  [ RunTime:0.000377s ]
NOTIC: [8] Undefined index:  mapping_order D:\AppServ\www\weimart\ThinkPHP\Extend\Model\RelationModel.class.php 第 176 行.
NOTIC: [8] Undefined index:  mapping_limit D:\AppServ\www\weimart\ThinkPHP\Extend\Model\RelationModel.class.php 第 177 行.
SQL: SELECT b.* FROM weimart_shop_product AS a, weimart_product AS b WHERE a.product_id = b.product_id AND a. shop_id='2' [ RunTime:0.000289s ]
NOTIC: [8] Undefined index:  mapping_order D:\AppServ\www\weimart\ThinkPHP\Extend\Model\RelationModel.class.php 第 176 行.
NOTIC: [8] Undefined index:  mapping_limit D:\AppServ\www\weimart\ThinkPHP\Extend\Model\RelationModel.class.php 第 177 行.
SQL: SELECT b.* FROM weimart_shop_type AS a, weimart_stype AS b WHERE a.type_id = b.type_id AND a. shop_id='2' [ RunTime:0.000274s ]
SQL: SELECT * FROM `weimart_shop` WHERE ( 1=1 AND shop_id='1' ) LIMIT 1   [ RunTime:0.000265s ]
SQL: SELECT * FROM `weimart_shop` WHERE ( 1=1 AND super_shop_id='2' )  [ RunTime:0.000285s ]

[ 2014-10-23T21:06:01+08:00 ] 127.0.0.1 /weimart/index.php?s=Test/test
INFO: [ route_check ] --START--
INFO: CheckRoute Behavior ::run [ RunTime:0.001409s ]
INFO: [ route_check ] --END-- [ RunTime:0.001521s ]
INFO: [ app_begin ] --START--
INFO: ReadHtmlCache Behavior ::run [ RunTime:0.000909s ]
INFO: [ app_begin ] --END-- [ RunTime:0.000992s ]

[ 2014-10-23T21:07:00+08:00 ] 127.0.0.1 /weimart/index.php?s=Test/test
INFO: [ route_check ] --START--
INFO: CheckRoute Behavior ::run [ RunTime:0.001211s ]
INFO: [ route_check ] --END-- [ RunTime:0.001320s ]
INFO: [ app_begin ] --START--
INFO: ReadHtmlCache Behavior ::run [ RunTime:0.000943s ]
INFO: [ app_begin ] --END-- [ RunTime:0.001018s ]

[ 2014-10-23T21:07:24+08:00 ] 127.0.0.1 /weimart/index.php?s=Test/test
INFO: [ route_check ] --START--
INFO: CheckRoute Behavior ::run [ RunTime:0.000788s ]
INFO: [ route_check ] --END-- [ RunTime:0.000882s ]
INFO: [ app_begin ] --START--
INFO: ReadHtmlCache Behavior ::run [ RunTime:0.000493s ]
INFO: [ app_begin ] --END-- [ RunTime:0.000574s ]
SQL: SHOW COLUMNS FROM `weimart_stype` [ RunTime:0.002572s ]
SQL: SELECT * FROM `weimart_stype`  [ RunTime:0.000289s ]
SQL: SELECT * FROM `weimart_stype` WHERE ( 1=1 AND type_id='0' ) LIMIT 1   [ RunTime:0.000362s ]
SQL: SELECT * FROM `weimart_stype` WHERE ( 1=1 AND super_type_id='1' )  [ RunTime:0.000321s ]
SQL: SELECT * FROM `weimart_stype` WHERE ( 1=1 AND type_id='1' ) LIMIT 1   [ RunTime:0.000323s ]
SQL: SELECT * FROM `weimart_stype` WHERE ( 1=1 AND super_type_id='2' )  [ RunTime:0.000309s ]

[ 2014-10-23T21:08:37+08:00 ] 127.0.0.1 /weimart/index.php?s=Test/test
INFO: [ route_check ] --START--
INFO: CheckRoute Behavior ::run [ RunTime:0.000774s ]
INFO: [ route_check ] --END-- [ RunTime:0.000869s ]
INFO: [ app_begin ] --START--
INFO: ReadHtmlCache Behavior ::run [ RunTime:0.000474s ]
INFO: [ app_begin ] --END-- [ RunTime:0.000541s ]
SQL: SHOW COLUMNS FROM `weimart_stype` [ RunTime:0.003180s ]
SQL: SELECT * FROM `weimart_stype`  [ RunTime:0.000800s ]
SQL: SELECT * FROM `weimart_stype` WHERE ( 1=1 AND type_id='0' ) LIMIT 1   [ RunTime:0.001561s ]
SQL: SELECT * FROM `weimart_stype` WHERE ( 1=1 AND super_type_id='1' )  [ RunTime:0.000929s ]
SQL: SELECT * FROM `weimart_stype` WHERE ( 1=1 AND type_id='1' ) LIMIT 1   [ RunTime:0.000538s ]
SQL: SELECT * FROM `weimart_stype` WHERE ( 1=1 AND super_type_id='2' )  [ RunTime:0.000436s ]
SQL: SELECT * FROM `weimart_stype` WHERE ( 1=1 AND type_id='2' ) LIMIT 1   [ RunTime:0.000450s ]
SQL: SELECT * FROM `weimart_stype` WHERE ( 1=1 AND super_type_id='3' )  [ RunTime:0.000467s ]

[ 2014-10-23T21:09:19+08:00 ] 127.0.0.1 /weimart/index.php?s=Test/test
INFO: [ route_check ] --START--
INFO: CheckRoute Behavior ::run [ RunTime:0.001220s ]
INFO: [ route_check ] --END-- [ RunTime:0.001334s ]
INFO: [ app_begin ] --START--
INFO: ReadHtmlCache Behavior ::run [ RunTime:0.001161s ]
INFO: [ app_begin ] --END-- [ RunTime:0.001248s ]
SQL: SHOW COLUMNS FROM `weimart_stype` [ RunTime:0.002343s ]
SQL: SELECT * FROM `weimart_stype`  [ RunTime:0.000849s ]
SQL: SELECT * FROM `weimart_stype` WHERE ( 1=1 AND type_id='0' ) LIMIT 1   [ RunTime:0.000401s ]
SQL: SELECT * FROM `weimart_stype` WHERE ( 1=1 AND super_type_id='1' )  [ RunTime:0.000369s ]
SQL: SELECT * FROM `weimart_stype` WHERE ( 1=1 AND type_id='1' ) LIMIT 1   [ RunTime:0.000419s ]
SQL: SELECT * FROM `weimart_stype` WHERE ( 1=1 AND super_type_id='2' )  [ RunTime:0.000426s ]

[ 2014-10-23T21:10:27+08:00 ] 127.0.0.1 /weimart/index.php?s=Test/test
INFO: [ route_check ] --START--
INFO: CheckRoute Behavior ::run [ RunTime:0.001607s ]
INFO: [ route_check ] --END-- [ RunTime:0.001718s ]
INFO: [ app_begin ] --START--
INFO: ReadHtmlCache Behavior ::run [ RunTime:0.000952s ]
INFO: [ app_begin ] --END-- [ RunTime:0.001027s ]
SQL: SHOW COLUMNS FROM `weimart_ptype` [ RunTime:0.024884s ]
SQL: SELECT * FROM `weimart_ptype`  [ RunTime:0.001584s ]

[ 2014-10-23T21:10:28+08:00 ] 127.0.0.1 /weimart/index.php?s=Test/test
INFO: [ route_check ] --START--
INFO: CheckRoute Behavior ::run [ RunTime:0.000789s ]
INFO: [ route_check ] --END-- [ RunTime:0.000884s ]
INFO: [ app_begin ] --START--
INFO: ReadHtmlCache Behavior ::run [ RunTime:0.000581s ]
INFO: [ app_begin ] --END-- [ RunTime:0.000668s ]
SQL: SHOW COLUMNS FROM `weimart_ptype` [ RunTime:0.002051s ]
SQL: SELECT * FROM `weimart_ptype`  [ RunTime:0.000237s ]

[ 2014-10-23T21:10:28+08:00 ] 127.0.0.1 /weimart/index.php?s=Test/test
INFO: [ route_check ] --START--
INFO: CheckRoute Behavior ::run [ RunTime:0.000914s ]
INFO: [ route_check ] --END-- [ RunTime:0.001018s ]
INFO: [ app_begin ] --START--
INFO: ReadHtmlCache Behavior ::run [ RunTime:0.000485s ]
INFO: [ app_begin ] --END-- [ RunTime:0.000551s ]
SQL: SHOW COLUMNS FROM `weimart_ptype` [ RunTime:0.002403s ]
SQL: SELECT * FROM `weimart_ptype`  [ RunTime:0.000985s ]

[ 2014-10-23T21:12:14+08:00 ] 127.0.0.1 /weimart/index.php?s=Test/test
INFO: [ route_check ] --START--
INFO: CheckRoute Behavior ::run [ RunTime:0.001547s ]
INFO: [ route_check ] --END-- [ RunTime:0.001700s ]
INFO: [ app_begin ] --START--
INFO: ReadHtmlCache Behavior ::run [ RunTime:0.001158s ]
INFO: [ app_begin ] --END-- [ RunTime:0.001269s ]
SQL: SHOW COLUMNS FROM `weimart_ptype` [ RunTime:0.002318s ]
SQL: SELECT * FROM `weimart_ptype`  [ RunTime:0.000874s ]
SQL: SELECT * FROM `weimart_ptype` WHERE ( 1=1 AND type_id='' ) LIMIT 1   [ RunTime:0.000386s ]
SQL: SELECT * FROM `weimart_ptype` WHERE ( 1=1 AND super_type_id='1' )  [ RunTime:0.000475s ]
SQL: SELECT * FROM `weimart_ptype` WHERE ( 1=1 AND type_id='1' ) LIMIT 1   [ RunTime:0.000473s ]
SQL: SELECT * FROM `weimart_ptype` WHERE ( 1=1 AND super_type_id='2' )  [ RunTime:0.000366s ]

