[ 2014-10-14T21:09:39+08:00 ] 127.0.0.1 /weimart/index.php?s=Login/test
INFO: [ route_check ] --START--
INFO: CheckRoute Behavior ::run [ RunTime:0.010194s ]
INFO: [ route_check ] --END-- [ RunTime:0.010331s ]
INFO: [ app_begin ] --START--
INFO: ReadHtmlCache Behavior ::run [ RunTime:0.012349s ]
INFO: [ app_begin ] --END-- [ RunTime:0.012473s ]
INFO: [ view_parse ] --START--
INFO: ParseTemplate Behavior ::run [ RunTime:0.069641s ]
INFO: [ view_parse ] --END-- [ RunTime:0.069775s ]
INFO: [ view_filter ] --START--
INFO: ContentReplace Behavior ::run [ RunTime:0.006878s ]
INFO: TokenBuild Behavior ::run [ RunTime:0.011875s ]
INFO: WriteHtmlCache Behavior ::run [ RunTime:0.013300s ]
INFO: ShowRuntime Behavior ::run [ RunTime:0.039993s ]
INFO: [ view_filter ] --END-- [ RunTime:0.072382s ]
INFO: [ view_end ] --START--
INFO: ShowPageTrace Behavior ::run [ RunTime:0.040936s ]
INFO: [ view_end ] --END-- [ RunTime:0.041036s ]

[ 2014-10-14T21:09:58+08:00 ] 127.0.0.1 /weimart/index.php?s=Login/test
INFO: [ route_check ] --START--
INFO: CheckRoute Behavior ::run [ RunTime:0.001226s ]
INFO: [ route_check ] --END-- [ RunTime:0.001320s ]
INFO: [ app_begin ] --START--
INFO: ReadHtmlCache Behavior ::run [ RunTime:0.001310s ]
INFO: [ app_begin ] --END-- [ RunTime:0.001446s ]
INFO: [ view_parse ] --START--
INFO: ParseTemplate Behavior ::run [ RunTime:0.017305s ]
INFO: [ view_parse ] --END-- [ RunTime:0.017417s ]
INFO: [ view_filter ] --START--
INFO: ContentReplace Behavior ::run [ RunTime:0.000794s ]
INFO: TokenBuild Behavior ::run [ RunTime:0.000809s ]
INFO: WriteHtmlCache Behavior ::run [ RunTime:0.000648s ]
INFO: ShowRuntime Behavior ::run [ RunTime:0.000832s ]
INFO: [ view_filter ] --END-- [ RunTime:0.003265s ]
INFO: [ view_end ] --START--
INFO: ShowPageTrace Behavior ::run [ RunTime:0.000961s ]
INFO: [ view_end ] --END-- [ RunTime:0.001027s ]

[ 2014-10-14T21:10:01+08:00 ] 127.0.0.1 /weimart/index.php?s=Login/test
INFO: [ route_check ] --START--
INFO: CheckRoute Behavior ::run [ RunTime:0.000750s ]
INFO: [ route_check ] --END-- [ RunTime:0.000854s ]
INFO: [ app_begin ] --START--
INFO: ReadHtmlCache Behavior ::run [ RunTime:0.000474s ]
INFO: [ app_begin ] --END-- [ RunTime:0.000541s ]
INFO: [ view_parse ] --START--
INFO: ParseTemplate Behavior ::run [ RunTime:0.007445s ]
INFO: [ view_parse ] --END-- [ RunTime:0.007551s ]
INFO: [ view_filter ] --START--
INFO: ContentReplace Behavior ::run [ RunTime:0.000317s ]
INFO: TokenBuild Behavior ::run [ RunTime:0.000345s ]
INFO: WriteHtmlCache Behavior ::run [ RunTime:0.000214s ]
INFO: ShowRuntime Behavior ::run [ RunTime:0.000394s ]
INFO: [ view_filter ] --END-- [ RunTime:0.001456s ]
INFO: [ view_end ] --START--
INFO: ShowPageTrace Behavior ::run [ RunTime:0.000541s ]
INFO: [ view_end ] --END-- [ RunTime:0.000603s ]

[ 2014-10-14T21:10:34+08:00 ] 127.0.0.1 /weimart/index.php?s=Login/test
INFO: [ route_check ] --START--
INFO: CheckRoute Behavior ::run [ RunTime:0.001729s ]
INFO: [ route_check ] --END-- [ RunTime:0.001863s ]
INFO: [ app_begin ] --START--
INFO: ReadHtmlCache Behavior ::run [ RunTime:0.000957s ]
INFO: [ app_begin ] --END-- [ RunTime:0.001037s ]
INFO: [ view_parse ] --START--
INFO: ParseTemplate Behavior ::run [ RunTime:0.018495s ]
INFO: [ view_parse ] --END-- [ RunTime:0.018616s ]
INFO: [ view_filter ] --START--
INFO: ContentReplace Behavior ::run [ RunTime:0.001019s ]
INFO: TokenBuild Behavior ::run [ RunTime:0.001099s ]
INFO: WriteHtmlCache Behavior ::run [ RunTime:0.000688s ]
INFO: ShowRuntime Behavior ::run [ RunTime:0.000856s ]
INFO: [ view_filter ] --END-- [ RunTime:0.003911s ]
INFO: [ view_end ] --START--
INFO: ShowPageTrace Behavior ::run [ RunTime:0.001000s ]
INFO: [ view_end ] --END-- [ RunTime:0.001068s ]

[ 2014-10-14T21:10:37+08:00 ] 127.0.0.1 /weimart/index.php?s=Login/home
INFO: [ route_check ] --START--
INFO: CheckRoute Behavior ::run [ RunTime:0.000764s ]
INFO: [ route_check ] --END-- [ RunTime:0.000857s ]
INFO: [ app_begin ] --START--
INFO: ReadHtmlCache Behavior ::run [ RunTime:0.000490s ]
INFO: [ app_begin ] --END-- [ RunTime:0.000557s ]
INFO: [ view_parse ] --START--
INFO: ParseTemplate Behavior ::run [ RunTime:0.056477s ]
INFO: [ view_parse ] --END-- [ RunTime:0.056611s ]
INFO: [ view_filter ] --START--
INFO: ContentReplace Behavior ::run [ RunTime:0.000548s ]
INFO: TokenBuild Behavior ::run [ RunTime:0.000581s ]
INFO: WriteHtmlCache Behavior ::run [ RunTime:0.000423s ]
INFO: ShowRuntime Behavior ::run [ RunTime:0.000597s ]
INFO: [ view_filter ] --END-- [ RunTime:0.002450s ]
INFO: [ view_end ] --START--
INFO: ShowPageTrace Behavior ::run [ RunTime:0.000638s ]
INFO: [ view_end ] --END-- [ RunTime:0.000709s ]

[ 2014-10-14T21:11:16+08:00 ] 127.0.0.1 /weimart/index.php?s=Home/home
INFO: [ route_check ] --START--
INFO: CheckRoute Behavior ::run [ RunTime:0.000777s ]
INFO: [ route_check ] --END-- [ RunTime:0.000868s ]
INFO: [ app_begin ] --START--
INFO: ReadHtmlCache Behavior ::run [ RunTime:0.000471s ]
INFO: [ app_begin ] --END-- [ RunTime:0.000538s ]
INFO: [ view_parse ] --START--
INFO: ParseTemplate Behavior ::run [ RunTime:0.008747s ]
INFO: [ view_parse ] --END-- [ RunTime:0.008869s ]
INFO: [ view_filter ] --START--
INFO: ContentReplace Behavior ::run [ RunTime:0.000347s ]
INFO: TokenBuild Behavior ::run [ RunTime:0.000332s ]
INFO: WriteHtmlCache Behavior ::run [ RunTime:0.000224s ]
INFO: ShowRuntime Behavior ::run [ RunTime:0.000389s ]
INFO: [ view_filter ] --END-- [ RunTime:0.001476s ]
INFO: [ view_end ] --START--
INFO: ShowPageTrace Behavior ::run [ RunTime:0.000560s ]
INFO: [ view_end ] --END-- [ RunTime:0.000622s ]

[ 2014-10-14T21:11:18+08:00 ] 127.0.0.1 /weimart/index.php?s=Home/home
INFO: [ route_check ] --START--
INFO: CheckRoute Behavior ::run [ RunTime:0.000819s ]
INFO: [ route_check ] --END-- [ RunTime:0.000922s ]
INFO: [ app_begin ] --START--
INFO: ReadHtmlCache Behavior ::run [ RunTime:0.000671s ]
INFO: [ app_begin ] --END-- [ RunTime:0.000768s ]
INFO: [ view_parse ] --START--
INFO: ParseTemplate Behavior ::run [ RunTime:0.008395s ]
INFO: [ view_parse ] --END-- [ RunTime:0.008513s ]
INFO: [ view_filter ] --START--
INFO: ContentReplace Behavior ::run [ RunTime:0.000352s ]
INFO: TokenBuild Behavior ::run [ RunTime:0.000338s ]
INFO: WriteHtmlCache Behavior ::run [ RunTime:0.000213s ]
INFO: ShowRuntime Behavior ::run [ RunTime:0.000443s ]
INFO: [ view_filter ] --END-- [ RunTime:0.001533s ]
INFO: [ view_end ] --START--
INFO: ShowPageTrace Behavior ::run [ RunTime:0.000525s ]
INFO: [ view_end ] --END-- [ RunTime:0.000591s ]

[ 2014-10-14T21:12:19+08:00 ] 127.0.0.1 /weimart/index.php?s=Home/home
INFO: [ route_check ] --START--
INFO: CheckRoute Behavior ::run [ RunTime:0.001253s ]
INFO: [ route_check ] --END-- [ RunTime:0.001359s ]
INFO: [ app_begin ] --START--
INFO: ReadHtmlCache Behavior ::run [ RunTime:0.001045s ]
INFO: [ app_begin ] --END-- [ RunTime:0.001143s ]
INFO: [ view_parse ] --START--
INFO: ParseTemplate Behavior ::run [ RunTime:0.011052s ]
INFO: [ view_parse ] --END-- [ RunTime:0.011171s ]
INFO: [ view_filter ] --START--
INFO: ContentReplace Behavior ::run [ RunTime:0.000934s ]
INFO: TokenBuild Behavior ::run [ RunTime:0.000810s ]
INFO: WriteHtmlCache Behavior ::run [ RunTime:0.000777s ]
INFO: ShowRuntime Behavior ::run [ RunTime:0.000852s ]
INFO: [ view_filter ] --END-- [ RunTime:0.003595s ]
INFO: [ view_end ] --START--
INFO: ShowPageTrace Behavior ::run [ RunTime:0.000985s ]
INFO: [ view_end ] --END-- [ RunTime:0.001056s ]

[ 2014-10-14T21:12:48+08:00 ] 127.0.0.1 /weimart/index.php?s=Home/home
INFO: [ route_check ] --START--
INFO: CheckRoute Behavior ::run [ RunTime:0.001477s ]
INFO: [ route_check ] --END-- [ RunTime:0.001606s ]
INFO: [ app_begin ] --START--
INFO: ReadHtmlCache Behavior ::run [ RunTime:0.000940s ]
INFO: [ app_begin ] --END-- [ RunTime:0.001014s ]
INFO: [ view_parse ] --START--
INFO: ParseTemplate Behavior ::run [ RunTime:0.017195s ]
INFO: [ view_parse ] --END-- [ RunTime:0.017319s ]
INFO: [ view_filter ] --START--
INFO: ContentReplace Behavior ::run [ RunTime:0.000879s ]
INFO: TokenBuild Behavior ::run [ RunTime:0.000856s ]
INFO: WriteHtmlCache Behavior ::run [ RunTime:0.001017s ]
INFO: ShowRuntime Behavior ::run [ RunTime:0.000945s ]
INFO: [ view_filter ] --END-- [ RunTime:0.003927s ]
INFO: [ view_end ] --START--
INFO: ShowPageTrace Behavior ::run [ RunTime:0.001077s ]
INFO: [ view_end ] --END-- [ RunTime:0.001150s ]

[ 2014-10-14T21:12:50+08:00 ] 127.0.0.1 /weimart/index.php?s=Home/home
INFO: [ route_check ] --START--
INFO: CheckRoute Behavior ::run [ RunTime:0.001837s ]
INFO: [ route_check ] --END-- [ RunTime:0.001982s ]
INFO: [ app_begin ] --START--
INFO: ReadHtmlCache Behavior ::run [ RunTime:0.001290s ]
INFO: [ app_begin ] --END-- [ RunTime:0.001407s ]
INFO: [ view_parse ] --START--
INFO: ParseTemplate Behavior ::run [ RunTime:0.022512s ]
INFO: [ view_parse ] --END-- [ RunTime:0.022670s ]
INFO: [ view_filter ] --START--
INFO: ContentReplace Behavior ::run [ RunTime:0.001143s ]
INFO: TokenBuild Behavior ::run [ RunTime:0.001109s ]
INFO: WriteHtmlCache Behavior ::run [ RunTime:0.000948s ]
INFO: ShowRuntime Behavior ::run [ RunTime:0.001258s ]
INFO: [ view_filter ] --END-- [ RunTime:0.004752s ]
INFO: [ view_end ] --START--
INFO: ShowPageTrace Behavior ::run [ RunTime:0.001506s ]
INFO: [ view_end ] --END-- [ RunTime:0.001624s ]

[ 2014-10-14T21:12:51+08:00 ] 127.0.0.1 /weimart/index.php?s=Home/home
INFO: [ route_check ] --START--
INFO: CheckRoute Behavior ::run [ RunTime:0.000931s ]
INFO: [ route_check ] --END-- [ RunTime:0.001032s ]
INFO: [ app_begin ] --START--
INFO: ReadHtmlCache Behavior ::run [ RunTime:0.000551s ]
INFO: [ app_begin ] --END-- [ RunTime:0.000628s ]
INFO: [ view_parse ] --START--
INFO: ParseTemplate Behavior ::run [ RunTime:0.008869s ]
INFO: [ view_parse ] --END-- [ RunTime:0.009028s ]
INFO: [ view_filter ] --START--
INFO: ContentReplace Behavior ::run [ RunTime:0.000531s ]
INFO: TokenBuild Behavior ::run [ RunTime:0.000492s ]
INFO: WriteHtmlCache Behavior ::run [ RunTime:0.000314s ]
INFO: ShowRuntime Behavior ::run [ RunTime:0.000470s ]
INFO: [ view_filter ] --END-- [ RunTime:0.002074s ]
INFO: [ view_end ] --START--
INFO: ShowPageTrace Behavior ::run [ RunTime:0.000724s ]
INFO: [ view_end ] --END-- [ RunTime:0.000815s ]

[ 2014-10-14T21:13:30+08:00 ] 127.0.0.1 /weimart/index.php?s=Home/home
INFO: [ route_check ] --START--
INFO: CheckRoute Behavior ::run [ RunTime:0.001704s ]
INFO: [ route_check ] --END-- [ RunTime:0.001832s ]
INFO: [ app_begin ] --START--
INFO: ReadHtmlCache Behavior ::run [ RunTime:0.001153s ]
INFO: [ app_begin ] --END-- [ RunTime:0.001263s ]
INFO: [ view_parse ] --START--
INFO: ParseTemplate Behavior ::run [ RunTime:0.010140s ]
INFO: [ view_parse ] --END-- [ RunTime:0.010261s ]
INFO: [ view_filter ] --START--
INFO: ContentReplace Behavior ::run [ RunTime:0.000867s ]
INFO: TokenBuild Behavior ::run [ RunTime:0.000976s ]
INFO: WriteHtmlCache Behavior ::run [ RunTime:0.000836s ]
INFO: ShowRuntime Behavior ::run [ RunTime:0.001009s ]
INFO: [ view_filter ] --END-- [ RunTime:0.003960s ]
INFO: [ view_end ] --START--
INFO: ShowPageTrace Behavior ::run [ RunTime:0.001509s ]
INFO: [ view_end ] --END-- [ RunTime:0.001689s ]

[ 2014-10-14T21:13:46+08:00 ] 127.0.0.1 /weimart/index.php?s=Home/home
INFO: [ route_check ] --START--
INFO: CheckRoute Behavior ::run [ RunTime:0.000865s ]
INFO: [ route_check ] --END-- [ RunTime:0.000968s ]
INFO: [ app_begin ] --START--
INFO: ReadHtmlCache Behavior ::run [ RunTime:0.000518s ]
INFO: [ app_begin ] --END-- [ RunTime:0.000585s ]
INFO: [ view_parse ] --START--
INFO: ParseTemplate Behavior ::run [ RunTime:0.008426s ]
INFO: [ view_parse ] --END-- [ RunTime:0.008583s ]
INFO: [ view_filter ] --START--
INFO: ContentReplace Behavior ::run [ RunTime:0.000376s ]
INFO: TokenBuild Behavior ::run [ RunTime:0.000319s ]
INFO: WriteHtmlCache Behavior ::run [ RunTime:0.000212s ]
INFO: ShowRuntime Behavior ::run [ RunTime:0.000413s ]
INFO: [ view_filter ] --END-- [ RunTime:0.001502s ]
INFO: [ view_end ] --START--
INFO: ShowPageTrace Behavior ::run [ RunTime:0.000518s ]
INFO: [ view_end ] --END-- [ RunTime:0.000583s ]

[ 2014-10-14T21:13:54+08:00 ] 127.0.0.1 /weimart/index.php?s=Home/home
INFO: [ route_check ] --START--
INFO: CheckRoute Behavior ::run [ RunTime:0.001198s ]
INFO: [ route_check ] --END-- [ RunTime:0.001291s ]
INFO: [ app_begin ] --START--
INFO: ReadHtmlCache Behavior ::run [ RunTime:0.000912s ]
INFO: [ app_begin ] --END-- [ RunTime:0.000984s ]
INFO: [ view_parse ] --START--
INFO: ParseTemplate Behavior ::run [ RunTime:0.017790s ]
INFO: [ view_parse ] --END-- [ RunTime:0.018264s ]
INFO: [ view_filter ] --START--
INFO: ContentReplace Behavior ::run [ RunTime:0.000838s ]
INFO: TokenBuild Behavior ::run [ RunTime:0.000751s ]
INFO: WriteHtmlCache Behavior ::run [ RunTime:0.000633s ]
INFO: ShowRuntime Behavior ::run [ RunTime:0.000798s ]
INFO: [ view_filter ] --END-- [ RunTime:0.003211s ]
INFO: [ view_end ] --START--
INFO: ShowPageTrace Behavior ::run [ RunTime:0.000938s ]
INFO: [ view_end ] --END-- [ RunTime:0.001016s ]

[ 2014-10-14T21:13:55+08:00 ] 127.0.0.1 /weimart/index.php?s=Home/home
INFO: [ route_check ] --START--
INFO: CheckRoute Behavior ::run [ RunTime:0.001319s ]
INFO: [ route_check ] --END-- [ RunTime:0.001464s ]
INFO: [ app_begin ] --START--
INFO: ReadHtmlCache Behavior ::run [ RunTime:0.000694s ]
INFO: [ app_begin ] --END-- [ RunTime:0.000779s ]
INFO: [ view_parse ] --START--
INFO: ParseTemplate Behavior ::run [ RunTime:0.007041s ]
INFO: [ view_parse ] --END-- [ RunTime:0.007178s ]
INFO: [ view_filter ] --START--
INFO: ContentReplace Behavior ::run [ RunTime:0.000330s ]
INFO: TokenBuild Behavior ::run [ RunTime:0.000316s ]
INFO: WriteHtmlCache Behavior ::run [ RunTime:0.000209s ]
INFO: ShowRuntime Behavior ::run [ RunTime:0.000438s ]
INFO: [ view_filter ] --END-- [ RunTime:0.001480s ]
INFO: [ view_end ] --START--
INFO: ShowPageTrace Behavior ::run [ RunTime:0.000680s ]
INFO: [ view_end ] --END-- [ RunTime:0.000781s ]

[ 2014-10-14T21:13:55+08:00 ] 127.0.0.1 /weimart/index.php?s=Home/home
INFO: [ route_check ] --START--
INFO: CheckRoute Behavior ::run [ RunTime:0.000808s ]
INFO: [ route_check ] --END-- [ RunTime:0.000924s ]
INFO: [ app_begin ] --START--
INFO: ReadHtmlCache Behavior ::run [ RunTime:0.000502s ]
INFO: [ app_begin ] --END-- [ RunTime:0.000572s ]
INFO: [ view_parse ] --START--
INFO: ParseTemplate Behavior ::run [ RunTime:0.006937s ]
INFO: [ view_parse ] --END-- [ RunTime:0.007055s ]
INFO: [ view_filter ] --START--
INFO: ContentReplace Behavior ::run [ RunTime:0.000376s ]
INFO: TokenBuild Behavior ::run [ RunTime:0.000319s ]
INFO: WriteHtmlCache Behavior ::run [ RunTime:0.000212s ]
INFO: ShowRuntime Behavior ::run [ RunTime:0.000575s ]
INFO: [ view_filter ] --END-- [ RunTime:0.001718s ]
INFO: [ view_end ] --START--
INFO: ShowPageTrace Behavior ::run [ RunTime:0.001180s ]
INFO: [ view_end ] --END-- [ RunTime:0.001296s ]

[ 2014-10-14T21:13:55+08:00 ] 127.0.0.1 /weimart/index.php?s=Home/home
INFO: [ route_check ] --START--
INFO: CheckRoute Behavior ::run [ RunTime:0.000751s ]
INFO: [ route_check ] --END-- [ RunTime:0.000844s ]
INFO: [ app_begin ] --START--
INFO: ReadHtmlCache Behavior ::run [ RunTime:0.000489s ]
INFO: [ app_begin ] --END-- [ RunTime:0.000555s ]
INFO: [ view_parse ] --START--
INFO: ParseTemplate Behavior ::run [ RunTime:0.007037s ]
INFO: [ view_parse ] --END-- [ RunTime:0.007192s ]
INFO: [ view_filter ] --START--
INFO: ContentReplace Behavior ::run [ RunTime:0.000508s ]
INFO: TokenBuild Behavior ::run [ RunTime:0.000524s ]
INFO: WriteHtmlCache Behavior ::run [ RunTime:0.000249s ]
INFO: ShowRuntime Behavior ::run [ RunTime:0.000500s ]
INFO: [ view_filter ] --END-- [ RunTime:0.002055s ]
INFO: [ view_end ] --START--
INFO: ShowPageTrace Behavior ::run [ RunTime:0.000660s ]
INFO: [ view_end ] --END-- [ RunTime:0.000744s ]

[ 2014-10-14T21:13:56+08:00 ] 127.0.0.1 /weimart/index.php?s=Home/home
INFO: [ route_check ] --START--
INFO: CheckRoute Behavior ::run [ RunTime:0.000762s ]
INFO: [ route_check ] --END-- [ RunTime:0.000857s ]
INFO: [ app_begin ] --START--
INFO: ReadHtmlCache Behavior ::run [ RunTime:0.001832s ]
INFO: [ app_begin ] --END-- [ RunTime:0.002153s ]
INFO: [ view_parse ] --START--
INFO: ParseTemplate Behavior ::run [ RunTime:0.008734s ]
INFO: [ view_parse ] --END-- [ RunTime:0.008862s ]
INFO: [ view_filter ] --START--
INFO: ContentReplace Behavior ::run [ RunTime:0.000365s ]
INFO: TokenBuild Behavior ::run [ RunTime:0.000413s ]
INFO: WriteHtmlCache Behavior ::run [ RunTime:0.000218s ]
INFO: ShowRuntime Behavior ::run [ RunTime:0.000421s ]
INFO: [ view_filter ] --END-- [ RunTime:0.001652s ]
INFO: [ view_end ] --START--
INFO: ShowPageTrace Behavior ::run [ RunTime:0.000627s ]
INFO: [ view_end ] --END-- [ RunTime:0.000718s ]

[ 2014-10-14T21:13:56+08:00 ] 127.0.0.1 /weimart/index.php?s=Home/home
INFO: [ route_check ] --START--
INFO: CheckRoute Behavior ::run [ RunTime:0.001252s ]
INFO: [ route_check ] --END-- [ RunTime:0.001354s ]
INFO: [ app_begin ] --START--
INFO: ReadHtmlCache Behavior ::run [ RunTime:0.001038s ]
INFO: [ app_begin ] --END-- [ RunTime:0.001121s ]
INFO: [ view_parse ] --START--
INFO: ParseTemplate Behavior ::run [ RunTime:0.010185s ]
INFO: [ view_parse ] --END-- [ RunTime:0.010298s ]
INFO: [ view_filter ] --START--
INFO: ContentReplace Behavior ::run [ RunTime:0.000783s ]
INFO: TokenBuild Behavior ::run [ RunTime:0.000782s ]
INFO: WriteHtmlCache Behavior ::run [ RunTime:0.000656s ]
INFO: ShowRuntime Behavior ::run [ RunTime:0.000854s ]
INFO: [ view_filter ] --END-- [ RunTime:0.003276s ]
INFO: [ view_end ] --START--
INFO: ShowPageTrace Behavior ::run [ RunTime:0.001047s ]
INFO: [ view_end ] --END-- [ RunTime:0.001126s ]

[ 2014-10-14T21:14:29+08:00 ] 127.0.0.1 /weimart/index.php?s=Home/home
INFO: [ route_check ] --START--
INFO: CheckRoute Behavior ::run [ RunTime:0.001175s ]
INFO: [ route_check ] --END-- [ RunTime:0.001270s ]
INFO: [ app_begin ] --START--
INFO: ReadHtmlCache Behavior ::run [ RunTime:0.001037s ]
INFO: [ app_begin ] --END-- [ RunTime:0.001120s ]
INFO: [ view_parse ] --START--
INFO: ParseTemplate Behavior ::run [ RunTime:0.009642s ]
INFO: [ view_parse ] --END-- [ RunTime:0.009763s ]
INFO: [ view_filter ] --START--
INFO: ContentReplace Behavior ::run [ RunTime:0.000729s ]
INFO: TokenBuild Behavior ::run [ RunTime:0.000825s ]
INFO: WriteHtmlCache Behavior ::run [ RunTime:0.001986s ]
INFO: ShowRuntime Behavior ::run [ RunTime:0.001090s ]
INFO: [ view_filter ] --END-- [ RunTime:0.004907s ]
INFO: [ view_end ] --START--
INFO: ShowPageTrace Behavior ::run [ RunTime:0.001034s ]
INFO: [ view_end ] --END-- [ RunTime:0.001115s ]

[ 2014-10-14T21:14:51+08:00 ] 127.0.0.1 /weimart/index.php?s=Home/home
INFO: [ route_check ] --START--
INFO: CheckRoute Behavior ::run [ RunTime:0.001074s ]
INFO: [ route_check ] --END-- [ RunTime:0.001183s ]
INFO: [ app_begin ] --START--
INFO: ReadHtmlCache Behavior ::run [ RunTime:0.000504s ]
INFO: [ app_begin ] --END-- [ RunTime:0.000572s ]
INFO: [ view_parse ] --START--
INFO: ParseTemplate Behavior ::run [ RunTime:0.006995s ]
INFO: [ view_parse ] --END-- [ RunTime:0.007094s ]
INFO: [ view_filter ] --START--
INFO: ContentReplace Behavior ::run [ RunTime:0.000319s ]
INFO: TokenBuild Behavior ::run [ RunTime:0.000440s ]
INFO: WriteHtmlCache Behavior ::run [ RunTime:0.000235s ]
INFO: ShowRuntime Behavior ::run [ RunTime:0.000417s ]
INFO: [ view_filter ] --END-- [ RunTime:0.001709s ]
INFO: [ view_end ] --START--
INFO: ShowPageTrace Behavior ::run [ RunTime:0.000941s ]
INFO: [ view_end ] --END-- [ RunTime:0.001124s ]

[ 2014-10-14T21:16:12+08:00 ] 127.0.0.1 /weimart/index.php?s=Home/home
INFO: [ route_check ] --START--
INFO: CheckRoute Behavior ::run [ RunTime:0.001203s ]
INFO: [ route_check ] --END-- [ RunTime:0.001302s ]
INFO: [ app_begin ] --START--
INFO: ReadHtmlCache Behavior ::run [ RunTime:0.001451s ]
INFO: [ app_begin ] --END-- [ RunTime:0.001552s ]
INFO: [ view_parse ] --START--
INFO: ParseTemplate Behavior ::run [ RunTime:0.010608s ]
INFO: [ view_parse ] --END-- [ RunTime:0.010741s ]
INFO: [ view_filter ] --START--
INFO: ContentReplace Behavior ::run [ RunTime:0.000769s ]
INFO: TokenBuild Behavior ::run [ RunTime:0.000754s ]
INFO: WriteHtmlCache Behavior ::run [ RunTime:0.000667s ]
INFO: ShowRuntime Behavior ::run [ RunTime:0.000830s ]
INFO: [ view_filter ] --END-- [ RunTime:0.003214s ]
INFO: [ view_end ] --START--
INFO: ShowPageTrace Behavior ::run [ RunTime:0.000987s ]
INFO: [ view_end ] --END-- [ RunTime:0.001060s ]

[ 2014-10-14T21:16:16+08:00 ] 127.0.0.1 /weimart/index.php?s=Home/home
INFO: [ route_check ] --START--
INFO: CheckRoute Behavior ::run [ RunTime:0.000915s ]
INFO: [ route_check ] --END-- [ RunTime:0.001020s ]
INFO: [ app_begin ] --START--
INFO: ReadHtmlCache Behavior ::run [ RunTime:0.000535s ]
INFO: [ app_begin ] --END-- [ RunTime:0.000601s ]
INFO: [ view_parse ] --START--
INFO: ParseTemplate Behavior ::run [ RunTime:0.007385s ]
INFO: [ view_parse ] --END-- [ RunTime:0.007511s ]
INFO: [ view_filter ] --START--
INFO: ContentReplace Behavior ::run [ RunTime:0.000384s ]
INFO: TokenBuild Behavior ::run [ RunTime:0.000341s ]
INFO: WriteHtmlCache Behavior ::run [ RunTime:0.000215s ]
INFO: ShowRuntime Behavior ::run [ RunTime:0.000411s ]
INFO: [ view_filter ] --END-- [ RunTime:0.001536s ]
INFO: [ view_end ] --START--
INFO: ShowPageTrace Behavior ::run [ RunTime:0.000520s ]
INFO: [ view_end ] --END-- [ RunTime:0.000583s ]

[ 2014-10-14T21:18:09+08:00 ] 127.0.0.1 /weimart/index.php?s=Home/home
INFO: [ route_check ] --START--
INFO: CheckRoute Behavior ::run [ RunTime:0.001172s ]
INFO: [ route_check ] --END-- [ RunTime:0.001270s ]
INFO: [ app_begin ] --START--
INFO: ReadHtmlCache Behavior ::run [ RunTime:0.000904s ]
INFO: [ app_begin ] --END-- [ RunTime:0.000974s ]
INFO: [ view_parse ] --START--
INFO: ParseTemplate Behavior ::run [ RunTime:0.010273s ]
INFO: [ view_parse ] --END-- [ RunTime:0.010383s ]
INFO: [ view_filter ] --START--
INFO: ContentReplace Behavior ::run [ RunTime:0.000779s ]
INFO: TokenBuild Behavior ::run [ RunTime:0.000737s ]
INFO: WriteHtmlCache Behavior ::run [ RunTime:0.000646s ]
INFO: ShowRuntime Behavior ::run [ RunTime:0.000821s ]
INFO: [ view_filter ] --END-- [ RunTime:0.003170s ]
INFO: [ view_end ] --START--
INFO: ShowPageTrace Behavior ::run [ RunTime:0.000957s ]
INFO: [ view_end ] --END-- [ RunTime:0.001023s ]

[ 2014-10-14T21:18:29+08:00 ] 127.0.0.1 /weimart/index.php?s=Home/home
INFO: [ route_check ] --START--
INFO: CheckRoute Behavior ::run [ RunTime:0.001265s ]
INFO: [ route_check ] --END-- [ RunTime:0.001392s ]
INFO: [ app_begin ] --START--
INFO: ReadHtmlCache Behavior ::run [ RunTime:0.001256s ]
INFO: [ app_begin ] --END-- [ RunTime:0.001353s ]
INFO: [ view_parse ] --START--
INFO: ParseTemplate Behavior ::run [ RunTime:0.009862s ]
INFO: [ view_parse ] --END-- [ RunTime:0.010014s ]
INFO: [ view_filter ] --START--
INFO: ContentReplace Behavior ::run [ RunTime:0.001404s ]
INFO: TokenBuild Behavior ::run [ RunTime:0.000822s ]
INFO: WriteHtmlCache Behavior ::run [ RunTime:0.000670s ]
INFO: ShowRuntime Behavior ::run [ RunTime:0.000870s ]
INFO: [ view_filter ] --END-- [ RunTime:0.003996s ]
INFO: [ view_end ] --START--
INFO: ShowPageTrace Behavior ::run [ RunTime:0.001116s ]
INFO: [ view_end ] --END-- [ RunTime:0.001205s ]

[ 2014-10-14T21:19:13+08:00 ] 127.0.0.1 /weimart/index.php?s=Home/home
INFO: [ route_check ] --START--
INFO: CheckRoute Behavior ::run [ RunTime:0.001463s ]
INFO: [ route_check ] --END-- [ RunTime:0.001572s ]
INFO: [ app_begin ] --START--
INFO: ReadHtmlCache Behavior ::run [ RunTime:0.001024s ]
INFO: [ app_begin ] --END-- [ RunTime:0.001104s ]
INFO: [ view_parse ] --START--
INFO: ParseTemplate Behavior ::run [ RunTime:0.010145s ]
INFO: [ view_parse ] --END-- [ RunTime:0.010261s ]
INFO: [ view_filter ] --START--
INFO: ContentReplace Behavior ::run [ RunTime:0.000831s ]
INFO: TokenBuild Behavior ::run [ RunTime:0.000830s ]
INFO: WriteHtmlCache Behavior ::run [ RunTime:0.000674s ]
INFO: ShowRuntime Behavior ::run [ RunTime:0.000944s ]
INFO: [ view_filter ] --END-- [ RunTime:0.003503s ]
INFO: [ view_end ] --START--
INFO: ShowPageTrace Behavior ::run [ RunTime:0.001361s ]
INFO: [ view_end ] --END-- [ RunTime:0.001449s ]

[ 2014-10-14T21:19:14+08:00 ] 127.0.0.1 /weimart/index.php?s=Home/home
INFO: [ route_check ] --START--
INFO: CheckRoute Behavior ::run [ RunTime:0.000817s ]
INFO: [ route_check ] --END-- [ RunTime:0.000912s ]
INFO: [ app_begin ] --START--
INFO: ReadHtmlCache Behavior ::run [ RunTime:0.000503s ]
INFO: [ app_begin ] --END-- [ RunTime:0.000572s ]
INFO: [ view_parse ] --START--
INFO: ParseTemplate Behavior ::run [ RunTime:0.007846s ]
INFO: [ view_parse ] --END-- [ RunTime:0.007949s ]
INFO: [ view_filter ] --START--
INFO: ContentReplace Behavior ::run [ RunTime:0.000319s ]
INFO: TokenBuild Behavior ::run [ RunTime:0.000344s ]
INFO: WriteHtmlCache Behavior ::run [ RunTime:0.000211s ]
INFO: ShowRuntime Behavior ::run [ RunTime:0.000389s ]
INFO: [ view_filter ] --END-- [ RunTime:0.001451s ]
INFO: [ view_end ] --START--
INFO: ShowPageTrace Behavior ::run [ RunTime:0.000543s ]
INFO: [ view_end ] --END-- [ RunTime:0.000605s ]

[ 2014-10-14T21:20:06+08:00 ] 127.0.0.1 /weimart/index.php?s=Home/home
INFO: [ route_check ] --START--
INFO: CheckRoute Behavior ::run [ RunTime:0.001801s ]
INFO: [ route_check ] --END-- [ RunTime:0.001940s ]
INFO: [ app_begin ] --START--
INFO: ReadHtmlCache Behavior ::run [ RunTime:0.000997s ]
INFO: [ app_begin ] --END-- [ RunTime:0.001100s ]
INFO: [ view_parse ] --START--
INFO: ParseTemplate Behavior ::run [ RunTime:0.011670s ]
INFO: [ view_parse ] --END-- [ RunTime:0.011780s ]
INFO: [ view_filter ] --START--
INFO: ContentReplace Behavior ::run [ RunTime:0.000803s ]
INFO: TokenBuild Behavior ::run [ RunTime:0.000772s ]
INFO: WriteHtmlCache Behavior ::run [ RunTime:0.000614s ]
INFO: ShowRuntime Behavior ::run [ RunTime:0.000795s ]
INFO: [ view_filter ] --END-- [ RunTime:0.003197s ]
INFO: [ view_end ] --START--
INFO: ShowPageTrace Behavior ::run [ RunTime:0.000974s ]
INFO: [ view_end ] --END-- [ RunTime:0.001042s ]

[ 2014-10-14T21:20:07+08:00 ] 127.0.0.1 /weimart/index.php?s=Home/home
INFO: [ route_check ] --START--
INFO: CheckRoute Behavior ::run [ RunTime:0.000740s ]
INFO: [ route_check ] --END-- [ RunTime:0.000835s ]
INFO: [ app_begin ] --START--
INFO: ReadHtmlCache Behavior ::run [ RunTime:0.000470s ]
INFO: [ app_begin ] --END-- [ RunTime:0.000537s ]
INFO: [ view_parse ] --START--
INFO: ParseTemplate Behavior ::run [ RunTime:0.008186s ]
INFO: [ view_parse ] --END-- [ RunTime:0.008293s ]
INFO: [ view_filter ] --START--
INFO: ContentReplace Behavior ::run [ RunTime:0.000437s ]
INFO: TokenBuild Behavior ::run [ RunTime:0.000398s ]
INFO: WriteHtmlCache Behavior ::run [ RunTime:0.000235s ]
INFO: ShowRuntime Behavior ::run [ RunTime:0.000424s ]
INFO: [ view_filter ] --END-- [ RunTime:0.001710s ]
INFO: [ view_end ] --START--
INFO: ShowPageTrace Behavior ::run [ RunTime:0.000571s ]
INFO: [ view_end ] --END-- [ RunTime:0.000640s ]

[ 2014-10-14T21:20:54+08:00 ] 127.0.0.1 /weimart/index.php?s=Home/home
INFO: [ route_check ] --START--
INFO: CheckRoute Behavior ::run [ RunTime:0.001169s ]
INFO: [ route_check ] --END-- [ RunTime:0.001265s ]
INFO: [ app_begin ] --START--
INFO: ReadHtmlCache Behavior ::run [ RunTime:0.000904s ]
INFO: [ app_begin ] --END-- [ RunTime:0.000974s ]
INFO: [ view_parse ] --START--
INFO: ParseTemplate Behavior ::run [ RunTime:0.010387s ]
INFO: [ view_parse ] --END-- [ RunTime:0.010491s ]
INFO: [ view_filter ] --START--
INFO: ContentReplace Behavior ::run [ RunTime:0.000781s ]
INFO: TokenBuild Behavior ::run [ RunTime:0.000749s ]
INFO: WriteHtmlCache Behavior ::run [ RunTime:0.000622s ]
INFO: ShowRuntime Behavior ::run [ RunTime:0.000826s ]
INFO: [ view_filter ] --END-- [ RunTime:0.003159s ]
INFO: [ view_end ] --START--
INFO: ShowPageTrace Behavior ::run [ RunTime:0.000954s ]
INFO: [ view_end ] --END-- [ RunTime:0.001020s ]

[ 2014-10-14T21:20:55+08:00 ] 127.0.0.1 /weimart/index.php?s=Home/home
INFO: [ route_check ] --START--
INFO: CheckRoute Behavior ::run [ RunTime:0.001262s ]
INFO: [ route_check ] --END-- [ RunTime:0.001365s ]
INFO: [ app_begin ] --START--
INFO: ReadHtmlCache Behavior ::run [ RunTime:0.001001s ]
INFO: [ app_begin ] --END-- [ RunTime:0.001082s ]
INFO: [ view_parse ] --START--
INFO: ParseTemplate Behavior ::run [ RunTime:0.011305s ]
INFO: [ view_parse ] --END-- [ RunTime:0.011454s ]
INFO: [ view_filter ] --START--
INFO: ContentReplace Behavior ::run [ RunTime:0.001193s ]
INFO: TokenBuild Behavior ::run [ RunTime:0.000947s ]
INFO: WriteHtmlCache Behavior ::run [ RunTime:0.000728s ]
INFO: ShowRuntime Behavior ::run [ RunTime:0.001316s ]
INFO: [ view_filter ] --END-- [ RunTime:0.004456s ]
INFO: [ view_end ] --START--
INFO: ShowPageTrace Behavior ::run [ RunTime:0.001055s ]
INFO: [ view_end ] --END-- [ RunTime:0.001132s ]

[ 2014-10-14T21:20:56+08:00 ] 127.0.0.1 /weimart/index.php?s=Home/home
INFO: [ route_check ] --START--
INFO: CheckRoute Behavior ::run [ RunTime:0.000922s ]
INFO: [ route_check ] --END-- [ RunTime:0.001045s ]
INFO: [ app_begin ] --START--
INFO: ReadHtmlCache Behavior ::run [ RunTime:0.000890s ]
INFO: [ app_begin ] --END-- [ RunTime:0.000994s ]
INFO: [ view_parse ] --START--
INFO: ParseTemplate Behavior ::run [ RunTime:0.007476s ]
INFO: [ view_parse ] --END-- [ RunTime:0.007594s ]
INFO: [ view_filter ] --START--
INFO: ContentReplace Behavior ::run [ RunTime:0.000322s ]
INFO: TokenBuild Behavior ::run [ RunTime:0.000334s ]
INFO: WriteHtmlCache Behavior ::run [ RunTime:0.000226s ]
INFO: ShowRuntime Behavior ::run [ RunTime:0.000398s ]
INFO: [ view_filter ] --END-- [ RunTime:0.001481s ]
INFO: [ view_end ] --START--
INFO: ShowPageTrace Behavior ::run [ RunTime:0.000544s ]
INFO: [ view_end ] --END-- [ RunTime:0.000607s ]

[ 2014-10-14T21:20:56+08:00 ] 127.0.0.1 /weimart/index.php?s=Home/home
INFO: [ route_check ] --START--
INFO: CheckRoute Behavior ::run [ RunTime:0.000772s ]
INFO: [ route_check ] --END-- [ RunTime:0.000867s ]
INFO: [ app_begin ] --START--
INFO: ReadHtmlCache Behavior ::run [ RunTime:0.000500s ]
INFO: [ app_begin ] --END-- [ RunTime:0.000565s ]
INFO: [ view_parse ] --START--
INFO: ParseTemplate Behavior ::run [ RunTime:0.007878s ]
INFO: [ view_parse ] --END-- [ RunTime:0.007989s ]
INFO: [ view_filter ] --START--
INFO: ContentReplace Behavior ::run [ RunTime:0.000319s ]
INFO: TokenBuild Behavior ::run [ RunTime:0.000316s ]
INFO: WriteHtmlCache Behavior ::run [ RunTime:0.000256s ]
INFO: ShowRuntime Behavior ::run [ RunTime:0.000392s ]
INFO: [ view_filter ] --END-- [ RunTime:0.001458s ]
INFO: [ view_end ] --START--
INFO: ShowPageTrace Behavior ::run [ RunTime:0.000539s ]
INFO: [ view_end ] --END-- [ RunTime:0.000602s ]

[ 2014-10-14T21:20:57+08:00 ] 127.0.0.1 /weimart/index.php?s=Home/home
INFO: [ route_check ] --START--
INFO: CheckRoute Behavior ::run [ RunTime:0.000767s ]
INFO: [ route_check ] --END-- [ RunTime:0.000860s ]
INFO: [ app_begin ] --START--
INFO: ReadHtmlCache Behavior ::run [ RunTime:0.000492s ]
INFO: [ app_begin ] --END-- [ RunTime:0.000559s ]
INFO: [ view_parse ] --START--
INFO: ParseTemplate Behavior ::run [ RunTime:0.007041s ]
INFO: [ view_parse ] --END-- [ RunTime:0.007143s ]
INFO: [ view_filter ] --START--
INFO: ContentReplace Behavior ::run [ RunTime:0.000322s ]
INFO: TokenBuild Behavior ::run [ RunTime:0.000433s ]
INFO: WriteHtmlCache Behavior ::run [ RunTime:0.001067s ]
INFO: ShowRuntime Behavior ::run [ RunTime:0.000650s ]
INFO: [ view_filter ] --END-- [ RunTime:0.002829s ]
INFO: [ view_end ] --START--
INFO: ShowPageTrace Behavior ::run [ RunTime:0.000559s ]
INFO: [ view_end ] --END-- [ RunTime:0.000630s ]

[ 2014-10-14T21:20:58+08:00 ] 127.0.0.1 /weimart/index.php?s=Home/home
INFO: [ route_check ] --START--
INFO: CheckRoute Behavior ::run [ RunTime:0.001423s ]
INFO: [ route_check ] --END-- [ RunTime:0.001526s ]
INFO: [ app_begin ] --START--
INFO: ReadHtmlCache Behavior ::run [ RunTime:0.000531s ]
INFO: [ app_begin ] --END-- [ RunTime:0.000598s ]
INFO: [ view_parse ] --START--
INFO: ParseTemplate Behavior ::run [ RunTime:0.006937s ]
INFO: [ view_parse ] --END-- [ RunTime:0.007144s ]
INFO: [ view_filter ] --START--
INFO: ContentReplace Behavior ::run [ RunTime:0.000359s ]
INFO: TokenBuild Behavior ::run [ RunTime:0.000368s ]
INFO: WriteHtmlCache Behavior ::run [ RunTime:0.000240s ]
INFO: ShowRuntime Behavior ::run [ RunTime:0.000397s ]
INFO: [ view_filter ] --END-- [ RunTime:0.001623s ]
INFO: [ view_end ] --START--
INFO: ShowPageTrace Behavior ::run [ RunTime:0.000540s ]
INFO: [ view_end ] --END-- [ RunTime:0.000607s ]

[ 2014-10-14T21:20:59+08:00 ] 127.0.0.1 /weimart/index.php?s=Home/home
INFO: [ route_check ] --START--
INFO: CheckRoute Behavior ::run [ RunTime:0.001184s ]
INFO: [ route_check ] --END-- [ RunTime:0.001277s ]
INFO: [ app_begin ] --START--
INFO: ReadHtmlCache Behavior ::run [ RunTime:0.001326s ]
INFO: [ app_begin ] --END-- [ RunTime:0.001406s ]
INFO: [ view_parse ] --START--
INFO: ParseTemplate Behavior ::run [ RunTime:0.011299s ]
INFO: [ view_parse ] --END-- [ RunTime:0.011419s ]
INFO: [ view_filter ] --START--
INFO: ContentReplace Behavior ::run [ RunTime:0.000770s ]
INFO: TokenBuild Behavior ::run [ RunTime:0.000744s ]
INFO: WriteHtmlCache Behavior ::run [ RunTime:0.000615s ]
INFO: ShowRuntime Behavior ::run [ RunTime:0.000885s ]
INFO: [ view_filter ] --END-- [ RunTime:0.003211s ]
INFO: [ view_end ] --START--
INFO: ShowPageTrace Behavior ::run [ RunTime:0.001106s ]
INFO: [ view_end ] --END-- [ RunTime:0.001189s ]

[ 2014-10-14T21:21:02+08:00 ] 127.0.0.1 /weimart/index.php?s=Home/home
INFO: [ route_check ] --START--
INFO: CheckRoute Behavior ::run [ RunTime:0.000769s ]
INFO: [ route_check ] --END-- [ RunTime:0.000862s ]
INFO: [ app_begin ] --START--
INFO: ReadHtmlCache Behavior ::run [ RunTime:0.000514s ]
INFO: [ app_begin ] --END-- [ RunTime:0.000590s ]
INFO: [ view_parse ] --START--
INFO: ParseTemplate Behavior ::run [ RunTime:0.007549s ]
INFO: [ view_parse ] --END-- [ RunTime:0.007670s ]
INFO: [ view_filter ] --START--
INFO: ContentReplace Behavior ::run [ RunTime:0.000362s ]
INFO: TokenBuild Behavior ::run [ RunTime:0.000343s ]
INFO: WriteHtmlCache Behavior ::run [ RunTime:0.000252s ]
INFO: ShowRuntime Behavior ::run [ RunTime:0.000420s ]
INFO: [ view_filter ] --END-- [ RunTime:0.001585s ]
INFO: [ view_end ] --START--
INFO: ShowPageTrace Behavior ::run [ RunTime:0.000561s ]
INFO: [ view_end ] --END-- [ RunTime:0.000631s ]

[ 2014-10-14T21:21:02+08:00 ] 127.0.0.1 /weimart/index.php?s=Home/home
INFO: [ route_check ] --START--
INFO: CheckRoute Behavior ::run [ RunTime:0.000892s ]
INFO: [ route_check ] --END-- [ RunTime:0.000997s ]
INFO: [ app_begin ] --START--
INFO: ReadHtmlCache Behavior ::run [ RunTime:0.001538s ]
INFO: [ app_begin ] --END-- [ RunTime:0.001627s ]
INFO: [ view_parse ] --START--
INFO: ParseTemplate Behavior ::run [ RunTime:0.007912s ]
INFO: [ view_parse ] --END-- [ RunTime:0.008027s ]
INFO: [ view_filter ] --START--
INFO: ContentReplace Behavior ::run [ RunTime:0.000358s ]
INFO: TokenBuild Behavior ::run [ RunTime:0.000441s ]
INFO: WriteHtmlCache Behavior ::run [ RunTime:0.000219s ]
INFO: ShowRuntime Behavior ::run [ RunTime:0.000427s ]
INFO: [ view_filter ] --END-- [ RunTime:0.001644s ]
INFO: [ view_end ] --START--
INFO: ShowPageTrace Behavior ::run [ RunTime:0.000538s ]
INFO: [ view_end ] --END-- [ RunTime:0.000600s ]

[ 2014-10-14T21:24:09+08:00 ] 127.0.0.1 /weimart/index.php?s=Home/home
INFO: [ route_check ] --START--
INFO: CheckRoute Behavior ::run [ RunTime:0.001207s ]
INFO: [ route_check ] --END-- [ RunTime:0.001314s ]
INFO: [ app_begin ] --START--
INFO: ReadHtmlCache Behavior ::run [ RunTime:0.000994s ]
INFO: [ app_begin ] --END-- [ RunTime:0.001082s ]
INFO: [ view_parse ] --START--
INFO: ParseTemplate Behavior ::run [ RunTime:0.009707s ]
INFO: [ view_parse ] --END-- [ RunTime:0.009825s ]
INFO: [ view_filter ] --START--
INFO: ContentReplace Behavior ::run [ RunTime:0.000778s ]
INFO: TokenBuild Behavior ::run [ RunTime:0.000740s ]
INFO: WriteHtmlCache Behavior ::run [ RunTime:0.000618s ]
INFO: ShowRuntime Behavior ::run [ RunTime:0.000863s ]
INFO: [ view_filter ] --END-- [ RunTime:0.003203s ]
INFO: [ view_end ] --START--
INFO: ShowPageTrace Behavior ::run [ RunTime:0.001061s ]
INFO: [ view_end ] --END-- [ RunTime:0.001140s ]

[ 2014-10-14T21:24:49+08:00 ] 127.0.0.1 /weimart/index.php?s=Home/home
INFO: [ route_check ] --START--
INFO: CheckRoute Behavior ::run [ RunTime:0.001268s ]
INFO: [ route_check ] --END-- [ RunTime:0.001369s ]
INFO: [ app_begin ] --START--
INFO: ReadHtmlCache Behavior ::run [ RunTime:0.001410s ]
INFO: [ app_begin ] --END-- [ RunTime:0.001539s ]
INFO: [ view_parse ] --START--
INFO: ParseTemplate Behavior ::run [ RunTime:0.011964s ]
INFO: [ view_parse ] --END-- [ RunTime:0.012115s ]
INFO: [ view_filter ] --START--
INFO: ContentReplace Behavior ::run [ RunTime:0.001166s ]
INFO: TokenBuild Behavior ::run [ RunTime:0.000811s ]
INFO: WriteHtmlCache Behavior ::run [ RunTime:0.000741s ]
INFO: ShowRuntime Behavior ::run [ RunTime:0.001147s ]
INFO: [ view_filter ] --END-- [ RunTime:0.004145s ]
INFO: [ view_end ] --START--
INFO: ShowPageTrace Behavior ::run [ RunTime:0.000997s ]
INFO: [ view_end ] --END-- [ RunTime:0.001067s ]

[ 2014-10-14T21:24:50+08:00 ] 127.0.0.1 /weimart/index.php?s=Home/home
INFO: [ route_check ] --START--
INFO: CheckRoute Behavior ::run [ RunTime:0.001516s ]
INFO: [ route_check ] --END-- [ RunTime:0.001694s ]
INFO: [ app_begin ] --START--
INFO: ReadHtmlCache Behavior ::run [ RunTime:0.000764s ]
INFO: [ app_begin ] --END-- [ RunTime:0.000881s ]
INFO: [ view_parse ] --START--
INFO: ParseTemplate Behavior ::run [ RunTime:0.010305s ]
INFO: [ view_parse ] --END-- [ RunTime:0.010438s ]
INFO: [ view_filter ] --START--
INFO: ContentReplace Behavior ::run [ RunTime:0.000351s ]
INFO: TokenBuild Behavior ::run [ RunTime:0.000339s ]
INFO: WriteHtmlCache Behavior ::run [ RunTime:0.000240s ]
INFO: ShowRuntime Behavior ::run [ RunTime:0.000423s ]
INFO: [ view_filter ] --END-- [ RunTime:0.001554s ]
INFO: [ view_end ] --START--
INFO: ShowPageTrace Behavior ::run [ RunTime:0.000561s ]
INFO: [ view_end ] --END-- [ RunTime:0.000631s ]

[ 2014-10-14T21:25:07+08:00 ] 127.0.0.1 /weimart/index.php?s=Home/home
INFO: [ route_check ] --START--
INFO: CheckRoute Behavior ::run [ RunTime:0.001252s ]
INFO: [ route_check ] --END-- [ RunTime:0.001349s ]
INFO: [ app_begin ] --START--
INFO: ReadHtmlCache Behavior ::run [ RunTime:0.000927s ]
INFO: [ app_begin ] --END-- [ RunTime:0.001002s ]
INFO: [ view_parse ] --START--
INFO: ParseTemplate Behavior ::run [ RunTime:0.011521s ]
INFO: [ view_parse ] --END-- [ RunTime:0.011659s ]
INFO: [ view_filter ] --START--
INFO: ContentReplace Behavior ::run [ RunTime:0.000828s ]
INFO: TokenBuild Behavior ::run [ RunTime:0.000811s ]
INFO: WriteHtmlCache Behavior ::run [ RunTime:0.000678s ]
INFO: ShowRuntime Behavior ::run [ RunTime:0.000834s ]
INFO: [ view_filter ] --END-- [ RunTime:0.003362s ]
INFO: [ view_end ] --START--
INFO: ShowPageTrace Behavior ::run [ RunTime:0.000965s ]
INFO: [ view_end ] --END-- [ RunTime:0.001032s ]

[ 2014-10-14T21:25:08+08:00 ] 127.0.0.1 /weimart/index.php?s=Home/home
INFO: [ route_check ] --START--
INFO: CheckRoute Behavior ::run [ RunTime:0.001212s ]
INFO: [ route_check ] --END-- [ RunTime:0.001359s ]
INFO: [ app_begin ] --START--
INFO: ReadHtmlCache Behavior ::run [ RunTime:0.000738s ]
INFO: [ app_begin ] --END-- [ RunTime:0.000846s ]
INFO: [ view_parse ] --START--
INFO: ParseTemplate Behavior ::run [ RunTime:0.008129s ]
INFO: [ view_parse ] --END-- [ RunTime:0.008246s ]
INFO: [ view_filter ] --START--
INFO: ContentReplace Behavior ::run [ RunTime:0.000362s ]
INFO: TokenBuild Behavior ::run [ RunTime:0.000377s ]
INFO: WriteHtmlCache Behavior ::run [ RunTime:0.000236s ]
INFO: ShowRuntime Behavior ::run [ RunTime:0.000426s ]
INFO: [ view_filter ] --END-- [ RunTime:0.001602s ]
INFO: [ view_end ] --START--
INFO: ShowPageTrace Behavior ::run [ RunTime:0.000579s ]
INFO: [ view_end ] --END-- [ RunTime:0.000653s ]

[ 2014-10-14T21:25:08+08:00 ] 127.0.0.1 /weimart/index.php?s=Home/home
INFO: [ route_check ] --START--
INFO: CheckRoute Behavior ::run [ RunTime:0.001176s ]
INFO: [ route_check ] --END-- [ RunTime:0.001325s ]
INFO: [ app_begin ] --START--
INFO: ReadHtmlCache Behavior ::run [ RunTime:0.000628s ]
INFO: [ app_begin ] --END-- [ RunTime:0.000799s ]
INFO: [ view_parse ] --START--
INFO: ParseTemplate Behavior ::run [ RunTime:0.008571s ]
INFO: [ view_parse ] --END-- [ RunTime:0.008728s ]
INFO: [ view_filter ] --START--
INFO: ContentReplace Behavior ::run [ RunTime:0.000358s ]
INFO: TokenBuild Behavior ::run [ RunTime:0.000342s ]
INFO: WriteHtmlCache Behavior ::run [ RunTime:0.000228s ]
INFO: ShowRuntime Behavior ::run [ RunTime:0.000434s ]
INFO: [ view_filter ] --END-- [ RunTime:0.001555s ]
INFO: [ view_end ] --START--
INFO: ShowPageTrace Behavior ::run [ RunTime:0.000557s ]
INFO: [ view_end ] --END-- [ RunTime:0.000625s ]

[ 2014-10-14T21:25:32+08:00 ] 127.0.0.1 /weimart/index.php?s=Home/home
INFO: [ route_check ] --START--
INFO: CheckRoute Behavior ::run [ RunTime:0.001247s ]
INFO: [ route_check ] --END-- [ RunTime:0.001342s ]
INFO: [ app_begin ] --START--
INFO: ReadHtmlCache Behavior ::run [ RunTime:0.000905s ]
INFO: [ app_begin ] --END-- [ RunTime:0.000976s ]
INFO: [ view_parse ] --START--
INFO: ParseTemplate Behavior ::run [ RunTime:0.009990s ]
INFO: [ view_parse ] --END-- [ RunTime:0.010109s ]
INFO: [ view_filter ] --START--
INFO: ContentReplace Behavior ::run [ RunTime:0.000734s ]
INFO: TokenBuild Behavior ::run [ RunTime:0.000739s ]
INFO: WriteHtmlCache Behavior ::run [ RunTime:0.000651s ]
INFO: ShowRuntime Behavior ::run [ RunTime:0.000812s ]
INFO: [ view_filter ] --END-- [ RunTime:0.003123s ]
INFO: [ view_end ] --START--
INFO: ShowPageTrace Behavior ::run [ RunTime:0.000957s ]
INFO: [ view_end ] --END-- [ RunTime:0.001023s ]

[ 2014-10-14T21:25:32+08:00 ] 127.0.0.1 /weimart/index.php?s=Home/home
INFO: [ route_check ] --START--
INFO: CheckRoute Behavior ::run [ RunTime:0.001161s ]
INFO: [ route_check ] --END-- [ RunTime:0.001254s ]
INFO: [ app_begin ] --START--
INFO: ReadHtmlCache Behavior ::run [ RunTime:0.000914s ]
INFO: [ app_begin ] --END-- [ RunTime:0.000989s ]
INFO: [ view_parse ] --START--
INFO: ParseTemplate Behavior ::run [ RunTime:0.010564s ]
INFO: [ view_parse ] --END-- [ RunTime:0.010684s ]
INFO: [ view_filter ] --START--
INFO: ContentReplace Behavior ::run [ RunTime:0.000816s ]
INFO: TokenBuild Behavior ::run [ RunTime:0.000780s ]
INFO: WriteHtmlCache Behavior ::run [ RunTime:0.000692s ]
INFO: ShowRuntime Behavior ::run [ RunTime:0.000855s ]
INFO: [ view_filter ] --END-- [ RunTime:0.003338s ]
INFO: [ view_end ] --START--
INFO: ShowPageTrace Behavior ::run [ RunTime:0.001011s ]
INFO: [ view_end ] --END-- [ RunTime:0.001078s ]

[ 2014-10-14T21:25:33+08:00 ] 127.0.0.1 /weimart/index.php?s=Home/home
INFO: [ route_check ] --START--
INFO: CheckRoute Behavior ::run [ RunTime:0.000842s ]
INFO: [ route_check ] --END-- [ RunTime:0.000938s ]
INFO: [ app_begin ] --START--
INFO: ReadHtmlCache Behavior ::run [ RunTime:0.000471s ]
INFO: [ app_begin ] --END-- [ RunTime:0.000538s ]
INFO: [ view_parse ] --START--
INFO: ParseTemplate Behavior ::run [ RunTime:0.006926s ]
INFO: [ view_parse ] --END-- [ RunTime:0.007028s ]
INFO: [ view_filter ] --START--
INFO: ContentReplace Behavior ::run [ RunTime:0.000313s ]
INFO: TokenBuild Behavior ::run [ RunTime:0.000337s ]
INFO: WriteHtmlCache Behavior ::run [ RunTime:0.000228s ]
INFO: ShowRuntime Behavior ::run [ RunTime:0.000422s ]
INFO: [ view_filter ] --END-- [ RunTime:0.001496s ]
INFO: [ view_end ] --START--
INFO: ShowPageTrace Behavior ::run [ RunTime:0.000564s ]
INFO: [ view_end ] --END-- [ RunTime:0.000633s ]

[ 2014-10-14T21:25:55+08:00 ] 127.0.0.1 /weimart/index.php?s=Home/home
INFO: [ route_check ] --START--
INFO: CheckRoute Behavior ::run [ RunTime:0.000853s ]
INFO: [ route_check ] --END-- [ RunTime:0.000952s ]
INFO: [ app_begin ] --START--
INFO: ReadHtmlCache Behavior ::run [ RunTime:0.000591s ]
INFO: [ app_begin ] --END-- [ RunTime:0.000700s ]
INFO: [ view_parse ] --START--
INFO: ParseTemplate Behavior ::run [ RunTime:0.008047s ]
INFO: [ view_parse ] --END-- [ RunTime:0.008182s ]
INFO: [ view_filter ] --START--
INFO: ContentReplace Behavior ::run [ RunTime:0.000324s ]
INFO: TokenBuild Behavior ::run [ RunTime:0.000317s ]
INFO: WriteHtmlCache Behavior ::run [ RunTime:0.000242s ]
INFO: ShowRuntime Behavior ::run [ RunTime:0.000411s ]
INFO: [ view_filter ] --END-- [ RunTime:0.001483s ]
INFO: [ view_end ] --START--
INFO: ShowPageTrace Behavior ::run [ RunTime:0.000556s ]
INFO: [ view_end ] --END-- [ RunTime:0.000618s ]

[ 2014-10-14T21:25:56+08:00 ] 127.0.0.1 /weimart/index.php?s=Home/home
INFO: [ route_check ] --START--
INFO: CheckRoute Behavior ::run [ RunTime:0.001371s ]
INFO: [ route_check ] --END-- [ RunTime:0.001483s ]
INFO: [ app_begin ] --START--
INFO: ReadHtmlCache Behavior ::run [ RunTime:0.000945s ]
INFO: [ app_begin ] --END-- [ RunTime:0.001023s ]
INFO: [ view_parse ] --START--
INFO: ParseTemplate Behavior ::run [ RunTime:0.012338s ]
INFO: [ view_parse ] --END-- [ RunTime:0.012461s ]
INFO: [ view_filter ] --START--
INFO: ContentReplace Behavior ::run [ RunTime:0.000822s ]
INFO: TokenBuild Behavior ::run [ RunTime:0.000776s ]
INFO: WriteHtmlCache Behavior ::run [ RunTime:0.000656s ]
INFO: ShowRuntime Behavior ::run [ RunTime:0.001397s ]
INFO: [ view_filter ] --END-- [ RunTime:0.003883s ]
INFO: [ view_end ] --START--
INFO: ShowPageTrace Behavior ::run [ RunTime:0.001130s ]
INFO: [ view_end ] --END-- [ RunTime:0.001227s ]

[ 2014-10-14T21:25:56+08:00 ] 127.0.0.1 /weimart/index.php?s=Home/home
INFO: [ route_check ] --START--
INFO: CheckRoute Behavior ::run [ RunTime:0.001108s ]
INFO: [ route_check ] --END-- [ RunTime:0.001260s ]
INFO: [ app_begin ] --START--
INFO: ReadHtmlCache Behavior ::run [ RunTime:0.000914s ]
INFO: [ app_begin ] --END-- [ RunTime:0.001037s ]
INFO: [ view_parse ] --START--
INFO: ParseTemplate Behavior ::run [ RunTime:0.008950s ]
INFO: [ view_parse ] --END-- [ RunTime:0.009113s ]
INFO: [ view_filter ] --START--
INFO: ContentReplace Behavior ::run [ RunTime:0.000530s ]
INFO: TokenBuild Behavior ::run [ RunTime:0.000609s ]
INFO: WriteHtmlCache Behavior ::run [ RunTime:0.000394s ]
INFO: ShowRuntime Behavior ::run [ RunTime:0.000657s ]
INFO: [ view_filter ] --END-- [ RunTime:0.002544s ]
INFO: [ view_end ] --START--
INFO: ShowPageTrace Behavior ::run [ RunTime:0.000880s ]
INFO: [ view_end ] --END-- [ RunTime:0.001014s ]

[ 2014-10-14T21:25:56+08:00 ] 127.0.0.1 /weimart/index.php?s=Home/home
INFO: [ route_check ] --START--
INFO: CheckRoute Behavior ::run [ RunTime:0.001170s ]
INFO: [ route_check ] --END-- [ RunTime:0.001311s ]
INFO: [ app_begin ] --START--
INFO: ReadHtmlCache Behavior ::run [ RunTime:0.000745s ]
INFO: [ app_begin ] --END-- [ RunTime:0.000853s ]
INFO: [ view_parse ] --START--
INFO: ParseTemplate Behavior ::run [ RunTime:0.008763s ]
INFO: [ view_parse ] --END-- [ RunTime:0.008894s ]
INFO: [ view_filter ] --START--
INFO: ContentReplace Behavior ::run [ RunTime:0.000481s ]
INFO: TokenBuild Behavior ::run [ RunTime:0.000500s ]
INFO: WriteHtmlCache Behavior ::run [ RunTime:0.000313s ]
INFO: ShowRuntime Behavior ::run [ RunTime:0.000531s ]
INFO: [ view_filter ] --END-- [ RunTime:0.002114s ]
INFO: [ view_end ] --START--
INFO: ShowPageTrace Behavior ::run [ RunTime:0.000571s ]
INFO: [ view_end ] --END-- [ RunTime:0.000641s ]

[ 2014-10-14T21:33:05+08:00 ] 127.0.0.1 /weimart/index.php?s=Home/home
INFO: [ route_check ] --START--
INFO: CheckRoute Behavior ::run [ RunTime:0.001281s ]
INFO: [ route_check ] --END-- [ RunTime:0.001391s ]
INFO: [ app_begin ] --START--
INFO: ReadHtmlCache Behavior ::run [ RunTime:0.000909s ]
INFO: [ app_begin ] --END-- [ RunTime:0.000983s ]
INFO: [ view_parse ] --START--
INFO: ParseTemplate Behavior ::run [ RunTime:0.013641s ]
INFO: [ view_parse ] --END-- [ RunTime:0.013757s ]
INFO: [ view_filter ] --START--
INFO: ContentReplace Behavior ::run [ RunTime:0.000871s ]
INFO: TokenBuild Behavior ::run [ RunTime:0.000772s ]
INFO: WriteHtmlCache Behavior ::run [ RunTime:0.000614s ]
INFO: ShowRuntime Behavior ::run [ RunTime:0.000818s ]
INFO: [ view_filter ] --END-- [ RunTime:0.003278s ]
INFO: [ view_end ] --START--
INFO: ShowPageTrace Behavior ::run [ RunTime:0.000930s ]
INFO: [ view_end ] --END-- [ RunTime:0.000995s ]

[ 2014-10-14T21:34:27+08:00 ] 127.0.0.1 /weimart/index.php?s=Home/home
INFO: [ route_check ] --START--
INFO: CheckRoute Behavior ::run [ RunTime:0.001195s ]
INFO: [ route_check ] --END-- [ RunTime:0.001311s ]
INFO: [ app_begin ] --START--
INFO: ReadHtmlCache Behavior ::run [ RunTime:0.000894s ]
INFO: [ app_begin ] --END-- [ RunTime:0.000965s ]
INFO: [ view_parse ] --START--
INFO: ParseTemplate Behavior ::run [ RunTime:0.010047s ]
INFO: [ view_parse ] --END-- [ RunTime:0.010725s ]
INFO: [ view_filter ] --START--
INFO: ContentReplace Behavior ::run [ RunTime:0.000846s ]
INFO: TokenBuild Behavior ::run [ RunTime:0.000749s ]
INFO: WriteHtmlCache Behavior ::run [ RunTime:0.000664s ]
INFO: ShowRuntime Behavior ::run [ RunTime:0.000937s ]
INFO: [ view_filter ] --END-- [ RunTime:0.003399s ]
INFO: [ view_end ] --START--
INFO: ShowPageTrace Behavior ::run [ RunTime:0.000990s ]
INFO: [ view_end ] --END-- [ RunTime:0.001060s ]

[ 2014-10-14T21:35:22+08:00 ] 127.0.0.1 /weimart/index.php?s=Home/home
INFO: [ route_check ] --START--
INFO: CheckRoute Behavior ::run [ RunTime:0.001206s ]
INFO: [ route_check ] --END-- [ RunTime:0.001304s ]
INFO: [ app_begin ] --START--
INFO: ReadHtmlCache Behavior ::run [ RunTime:0.000897s ]
INFO: [ app_begin ] --END-- [ RunTime:0.000967s ]
INFO: [ view_parse ] --START--
INFO: ParseTemplate Behavior ::run [ RunTime:0.010659s ]
INFO: [ view_parse ] --END-- [ RunTime:0.010785s ]
INFO: [ view_filter ] --START--
INFO: ContentReplace Behavior ::run [ RunTime:0.000803s ]
INFO: TokenBuild Behavior ::run [ RunTime:0.000742s ]
INFO: WriteHtmlCache Behavior ::run [ RunTime:0.000615s ]
INFO: ShowRuntime Behavior ::run [ RunTime:0.000807s ]
INFO: [ view_filter ] --END-- [ RunTime:0.003186s ]
INFO: [ view_end ] --START--
INFO: ShowPageTrace Behavior ::run [ RunTime:0.000984s ]
INFO: [ view_end ] --END-- [ RunTime:0.001099s ]

[ 2014-10-14T21:35:24+08:00 ] 127.0.0.1 /weimart/index.php?s=Home/home
INFO: [ route_check ] --START--
INFO: CheckRoute Behavior ::run [ RunTime:0.001651s ]
INFO: [ route_check ] --END-- [ RunTime:0.001791s ]
INFO: [ app_begin ] --START--
INFO: ReadHtmlCache Behavior ::run [ RunTime:0.000937s ]
INFO: [ app_begin ] --END-- [ RunTime:0.001010s ]
INFO: [ view_parse ] --START--
INFO: ParseTemplate Behavior ::run [ RunTime:0.009718s ]
INFO: [ view_parse ] --END-- [ RunTime:0.009838s ]
INFO: [ view_filter ] --START--
INFO: ContentReplace Behavior ::run [ RunTime:0.000882s ]
INFO: TokenBuild Behavior ::run [ RunTime:0.000861s ]
INFO: WriteHtmlCache Behavior ::run [ RunTime:0.000664s ]
INFO: ShowRuntime Behavior ::run [ RunTime:0.000840s ]
INFO: [ view_filter ] --END-- [ RunTime:0.003472s ]
INFO: [ view_end ] --START--
INFO: ShowPageTrace Behavior ::run [ RunTime:0.000955s ]
INFO: [ view_end ] --END-- [ RunTime:0.001022s ]

[ 2014-10-14T21:35:25+08:00 ] 127.0.0.1 /weimart/index.php?s=Home/home
INFO: [ route_check ] --START--
INFO: CheckRoute Behavior ::run [ RunTime:0.000756s ]
INFO: [ route_check ] --END-- [ RunTime:0.000849s ]
INFO: [ app_begin ] --START--
INFO: ReadHtmlCache Behavior ::run [ RunTime:0.000472s ]
INFO: [ app_begin ] --END-- [ RunTime:0.000552s ]
INFO: [ view_parse ] --START--
INFO: ParseTemplate Behavior ::run [ RunTime:0.008392s ]
INFO: [ view_parse ] --END-- [ RunTime:0.008501s ]
INFO: [ view_filter ] --START--
INFO: ContentReplace Behavior ::run [ RunTime:0.000323s ]
INFO: TokenBuild Behavior ::run [ RunTime:0.000337s ]
INFO: WriteHtmlCache Behavior ::run [ RunTime:0.000233s ]
INFO: ShowRuntime Behavior ::run [ RunTime:0.000408s ]
INFO: [ view_filter ] --END-- [ RunTime:0.001487s ]
INFO: [ view_end ] --START--
INFO: ShowPageTrace Behavior ::run [ RunTime:0.000539s ]
INFO: [ view_end ] --END-- [ RunTime:0.000601s ]

[ 2014-10-14T21:35:37+08:00 ] 127.0.0.1 /weimart/index.php?s=Home/home
INFO: [ route_check ] --START--
INFO: CheckRoute Behavior ::run [ RunTime:0.000776s ]
INFO: [ route_check ] --END-- [ RunTime:0.000873s ]
INFO: [ app_begin ] --START--
INFO: ReadHtmlCache Behavior ::run [ RunTime:0.000467s ]
INFO: [ app_begin ] --END-- [ RunTime:0.000534s ]
INFO: [ view_parse ] --START--
INFO: ParseTemplate Behavior ::run [ RunTime:0.008752s ]
INFO: [ view_parse ] --END-- [ RunTime:0.008874s ]
INFO: [ view_filter ] --START--
INFO: ContentReplace Behavior ::run [ RunTime:0.000344s ]
INFO: TokenBuild Behavior ::run [ RunTime:0.000354s ]
INFO: WriteHtmlCache Behavior ::run [ RunTime:0.000247s ]
INFO: ShowRuntime Behavior ::run [ RunTime:0.000632s ]
INFO: [ view_filter ] --END-- [ RunTime:0.001863s ]
INFO: [ view_end ] --START--
INFO: ShowPageTrace Behavior ::run [ RunTime:0.000698s ]
INFO: [ view_end ] --END-- [ RunTime:0.000776s ]

[ 2014-10-14T21:37:52+08:00 ] 127.0.0.1 /weimart/index.php?s=Home/home
INFO: [ route_check ] --START--
INFO: CheckRoute Behavior ::run [ RunTime:0.001266s ]
INFO: [ route_check ] --END-- [ RunTime:0.001379s ]
INFO: [ app_begin ] --START--
INFO: ReadHtmlCache Behavior ::run [ RunTime:0.000925s ]
INFO: [ app_begin ] --END-- [ RunTime:0.000999s ]
INFO: [ view_parse ] --START--
INFO: ParseTemplate Behavior ::run [ RunTime:0.009201s ]
INFO: [ view_parse ] --END-- [ RunTime:0.009310s ]
INFO: [ view_filter ] --START--
INFO: ContentReplace Behavior ::run [ RunTime:0.000771s ]
INFO: TokenBuild Behavior ::run [ RunTime:0.000876s ]
INFO: WriteHtmlCache Behavior ::run [ RunTime:0.000694s ]
INFO: ShowRuntime Behavior ::run [ RunTime:0.000898s ]
INFO: [ view_filter ] --END-- [ RunTime:0.003473s ]
INFO: [ view_end ] --START--
INFO: ShowPageTrace Behavior ::run [ RunTime:0.000974s ]
INFO: [ view_end ] --END-- [ RunTime:0.001042s ]

[ 2014-10-14T21:37:52+08:00 ] 127.0.0.1 /weimart/index.php?s=Home/home
INFO: [ route_check ] --START--
INFO: CheckRoute Behavior ::run [ RunTime:0.001170s ]
INFO: [ route_check ] --END-- [ RunTime:0.001263s ]
INFO: [ app_begin ] --START--
INFO: ReadHtmlCache Behavior ::run [ RunTime:0.000903s ]
INFO: [ app_begin ] --END-- [ RunTime:0.000973s ]
INFO: [ view_parse ] --START--
INFO: ParseTemplate Behavior ::run [ RunTime:0.010305s ]
INFO: [ view_parse ] --END-- [ RunTime:0.010469s ]
INFO: [ view_filter ] --START--
INFO: ContentReplace Behavior ::run [ RunTime:0.000768s ]
INFO: TokenBuild Behavior ::run [ RunTime:0.000723s ]
INFO: WriteHtmlCache Behavior ::run [ RunTime:0.000822s ]
INFO: ShowRuntime Behavior ::run [ RunTime:0.000838s ]
INFO: [ view_filter ] --END-- [ RunTime:0.003336s ]
INFO: [ view_end ] --START--
INFO: ShowPageTrace Behavior ::run [ RunTime:0.000963s ]
INFO: [ view_end ] --END-- [ RunTime:0.001028s ]

[ 2014-10-14T21:37:53+08:00 ] 127.0.0.1 /weimart/index.php?s=Home/home
INFO: [ route_check ] --START--
INFO: CheckRoute Behavior ::run [ RunTime:0.000787s ]
INFO: [ route_check ] --END-- [ RunTime:0.000895s ]
INFO: [ app_begin ] --START--
INFO: ReadHtmlCache Behavior ::run [ RunTime:0.000506s ]
INFO: [ app_begin ] --END-- [ RunTime:0.000574s ]
INFO: [ view_parse ] --START--
INFO: ParseTemplate Behavior ::run [ RunTime:0.006962s ]
INFO: [ view_parse ] --END-- [ RunTime:0.007061s ]
INFO: [ view_filter ] --START--
INFO: ContentReplace Behavior ::run [ RunTime:0.000315s ]
INFO: TokenBuild Behavior ::run [ RunTime:0.000328s ]
INFO: WriteHtmlCache Behavior ::run [ RunTime:0.000212s ]
INFO: ShowRuntime Behavior ::run [ RunTime:0.000414s ]
INFO: [ view_filter ] --END-- [ RunTime:0.001482s ]
INFO: [ view_end ] --START--
INFO: ShowPageTrace Behavior ::run [ RunTime:0.000542s ]
INFO: [ view_end ] --END-- [ RunTime:0.000623s ]

