[ 2014-10-04T22:40:43+08:00 ] 127.0.0.1 /weimart/
INFO: [ app_begin ] --START--
INFO: ReadHtmlCache Behavior ::run [ RunTime:0.000931s ]
INFO: [ app_begin ] --END-- [ RunTime:0.001107s ]
INFO: [ view_parse ] --START--
INFO: ParseTemplate Behavior ::run [ RunTime:0.010935s ]
INFO: [ view_parse ] --END-- [ RunTime:0.011125s ]
INFO: [ view_filter ] --START--
NOTIC: [8] Use of undefined constant APP_TMPL_PATH - assumed 'APP_TMPL_PATH' D:\AppServ\www\weimart\ThinkPHP\Lib\Behavior\ContentReplaceBehavior.class.php 第 40 行.
NOTIC: [8] Use of undefined constant APP_TMPL_PATH - assumed 'APP_TMPL_PATH' D:\AppServ\www\weimart\ThinkPHP\Lib\Behavior\ContentReplaceBehavior.class.php 第 47 行.
INFO: ContentReplace Behavior ::run [ RunTime:0.000733s ]
INFO: TokenBuild Behavior ::run [ RunTime:0.000702s ]
INFO: WriteHtmlCache Behavior ::run [ RunTime:0.000861s ]
INFO: ShowRuntime Behavior ::run [ RunTime:0.002572s ]
INFO: [ view_filter ] --END-- [ RunTime:0.005260s ]
INFO: [ view_end ] --START--
INFO: ShowPageTrace Behavior ::run [ RunTime:0.002372s ]
INFO: [ view_end ] --END-- [ RunTime:0.002506s ]

[ 2014-10-04T22:41:33+08:00 ] 127.0.0.1 /weimart/
INFO: [ app_begin ] --START--
INFO: ReadHtmlCache Behavior ::run [ RunTime:0.000498s ]
INFO: [ app_begin ] --END-- [ RunTime:0.000589s ]
INFO: [ view_parse ] --START--
INFO: ParseTemplate Behavior ::run [ RunTime:0.001491s ]
INFO: [ view_parse ] --END-- [ RunTime:0.001605s ]
INFO: [ view_filter ] --START--
NOTIC: [8] Use of undefined constant APP_TMPL_PATH - assumed 'APP_TMPL_PATH' D:\AppServ\www\weimart\ThinkPHP\Lib\Behavior\ContentReplaceBehavior.class.php 第 40 行.
NOTIC: [8] Use of undefined constant APP_TMPL_PATH - assumed 'APP_TMPL_PATH' D:\AppServ\www\weimart\ThinkPHP\Lib\Behavior\ContentReplaceBehavior.class.php 第 47 行.
INFO: ContentReplace Behavior ::run [ RunTime:0.000408s ]
INFO: TokenBuild Behavior ::run [ RunTime:0.000361s ]
INFO: WriteHtmlCache Behavior ::run [ RunTime:0.000498s ]
INFO: ShowRuntime Behavior ::run [ RunTime:0.001328s ]
INFO: [ view_filter ] --END-- [ RunTime:0.002817s ]
INFO: [ view_end ] --START--
INFO: ShowPageTrace Behavior ::run [ RunTime:0.001466s ]
INFO: [ view_end ] --END-- [ RunTime:0.001555s ]

[ 2014-10-04T22:41:35+08:00 ] 127.0.0.1 /weimart/
INFO: [ app_begin ] --START--
INFO: ReadHtmlCache Behavior ::run [ RunTime:0.000481s ]
INFO: [ app_begin ] --END-- [ RunTime:0.000570s ]
INFO: [ view_parse ] --START--
INFO: ParseTemplate Behavior ::run [ RunTime:0.001197s ]
INFO: [ view_parse ] --END-- [ RunTime:0.001280s ]
INFO: [ view_filter ] --START--
NOTIC: [8] Use of undefined constant APP_TMPL_PATH - assumed 'APP_TMPL_PATH' D:\AppServ\www\weimart\ThinkPHP\Lib\Behavior\ContentReplaceBehavior.class.php 第 40 行.
NOTIC: [8] Use of undefined constant APP_TMPL_PATH - assumed 'APP_TMPL_PATH' D:\AppServ\www\weimart\ThinkPHP\Lib\Behavior\ContentReplaceBehavior.class.php 第 47 行.
INFO: ContentReplace Behavior ::run [ RunTime:0.000345s ]
INFO: TokenBuild Behavior ::run [ RunTime:0.000302s ]
INFO: WriteHtmlCache Behavior ::run [ RunTime:0.000411s ]
INFO: ShowRuntime Behavior ::run [ RunTime:0.001467s ]
INFO: [ view_filter ] --END-- [ RunTime:0.002739s ]
INFO: [ view_end ] --START--
INFO: ShowPageTrace Behavior ::run [ RunTime:0.001658s ]
INFO: [ view_end ] --END-- [ RunTime:0.001764s ]

[ 2014-10-04T22:41:36+08:00 ] 127.0.0.1 /weimart/
INFO: [ app_begin ] --START--
INFO: ReadHtmlCache Behavior ::run [ RunTime:0.000492s ]
INFO: [ app_begin ] --END-- [ RunTime:0.000582s ]
INFO: [ view_parse ] --START--
INFO: ParseTemplate Behavior ::run [ RunTime:0.001092s ]
INFO: [ view_parse ] --END-- [ RunTime:0.001164s ]
INFO: [ view_filter ] --START--
NOTIC: [8] Use of undefined constant APP_TMPL_PATH - assumed 'APP_TMPL_PATH' D:\AppServ\www\weimart\ThinkPHP\Lib\Behavior\ContentReplaceBehavior.class.php 第 40 行.
NOTIC: [8] Use of undefined constant APP_TMPL_PATH - assumed 'APP_TMPL_PATH' D:\AppServ\www\weimart\ThinkPHP\Lib\Behavior\ContentReplaceBehavior.class.php 第 47 行.
INFO: ContentReplace Behavior ::run [ RunTime:0.000332s ]
INFO: TokenBuild Behavior ::run [ RunTime:0.000301s ]
INFO: WriteHtmlCache Behavior ::run [ RunTime:0.000412s ]
INFO: ShowRuntime Behavior ::run [ RunTime:0.001141s ]
INFO: [ view_filter ] --END-- [ RunTime:0.002354s ]
INFO: [ view_end ] --START--
INFO: ShowPageTrace Behavior ::run [ RunTime:0.001280s ]
INFO: [ view_end ] --END-- [ RunTime:0.001344s ]

[ 2014-10-04T22:41:57+08:00 ] 127.0.0.1 /weimart/index.php
INFO: [ app_begin ] --START--
INFO: ReadHtmlCache Behavior ::run [ RunTime:0.001254s ]
INFO: [ app_begin ] --END-- [ RunTime:0.001377s ]
INFO: [ view_parse ] --START--
INFO: ParseTemplate Behavior ::run [ RunTime:0.001980s ]
INFO: [ view_parse ] --END-- [ RunTime:0.002680s ]
INFO: [ view_filter ] --START--
NOTIC: [8] Use of undefined constant APP_TMPL_PATH - assumed 'APP_TMPL_PATH' D:\AppServ\www\weimart\ThinkPHP\Lib\Behavior\ContentReplaceBehavior.class.php 第 40 行.
NOTIC: [8] Use of undefined constant APP_TMPL_PATH - assumed 'APP_TMPL_PATH' D:\AppServ\www\weimart\ThinkPHP\Lib\Behavior\ContentReplaceBehavior.class.php 第 47 行.
INFO: ContentReplace Behavior ::run [ RunTime:0.001217s ]
INFO: TokenBuild Behavior ::run [ RunTime:0.001412s ]
INFO: WriteHtmlCache Behavior ::run [ RunTime:0.001205s ]
INFO: ShowRuntime Behavior ::run [ RunTime:0.001868s ]
INFO: [ view_filter ] --END-- [ RunTime:0.006056s ]
INFO: [ view_end ] --START--
INFO: ShowPageTrace Behavior ::run [ RunTime:0.002414s ]
INFO: [ view_end ] --END-- [ RunTime:0.002561s ]

[ 2014-10-04T22:42:02+08:00 ] 127.0.0.1 /weimart/index.php?s=login
INFO: [ route_check ] --START--
INFO: CheckRoute Behavior ::run [ RunTime:0.001732s ]
INFO: [ route_check ] --END-- [ RunTime:0.001846s ]
INFO: [ app_begin ] --START--
INFO: ReadHtmlCache Behavior ::run [ RunTime:0.000478s ]
INFO: [ app_begin ] --END-- [ RunTime:0.000564s ]
ERR: 无法加载模块:login

[ 2014-10-04T22:42:08+08:00 ] 127.0.0.1 /weimart/index.php?s=login/index
INFO: [ route_check ] --START--
INFO: CheckRoute Behavior ::run [ RunTime:0.004234s ]
INFO: [ route_check ] --END-- [ RunTime:0.004375s ]
INFO: [ app_begin ] --START--
INFO: ReadHtmlCache Behavior ::run [ RunTime:0.000638s ]
INFO: [ app_begin ] --END-- [ RunTime:0.000707s ]
ERR: 无法加载模块:login

[ 2014-10-04T22:42:13+08:00 ] 127.0.0.1 /weimart/index.php?s=Login/index
INFO: [ route_check ] --START--
INFO: CheckRoute Behavior ::run [ RunTime:0.001677s ]
INFO: [ route_check ] --END-- [ RunTime:0.001792s ]
INFO: [ app_begin ] --START--
INFO: ReadHtmlCache Behavior ::run [ RunTime:0.000529s ]
INFO: [ app_begin ] --END-- [ RunTime:0.000607s ]
SQL: SHOW COLUMNS FROM `weimart_user` [ RunTime:0.024707s ]
SQL: SELECT * FROM `weimart_user`  [ RunTime:0.000476s ]

[ 2014-10-04T23:00:20+08:00 ] 127.0.0.1 /weimart/index.php?s=Login/index
INFO: [ route_check ] --START--
INFO: CheckRoute Behavior ::run [ RunTime:0.001764s ]
INFO: [ route_check ] --END-- [ RunTime:0.001896s ]
INFO: [ app_begin ] --START--
INFO: ReadHtmlCache Behavior ::run [ RunTime:0.001085s ]
INFO: [ app_begin ] --END-- [ RunTime:0.001187s ]
SQL: SHOW COLUMNS FROM `weimart_user` [ RunTime:0.003057s ]
SQL: SELECT * FROM `weimart_user`  [ RunTime:0.000878s ]

[ 2014-10-04T23:01:07+08:00 ] 127.0.0.1 /weimart/index.php?s=Login/index
INFO: [ route_check ] --START--
INFO: CheckRoute Behavior ::run [ RunTime:0.001520s ]
INFO: [ route_check ] --END-- [ RunTime:0.001656s ]
INFO: [ app_begin ] --START--
INFO: ReadHtmlCache Behavior ::run [ RunTime:0.001001s ]
INFO: [ app_begin ] --END-- [ RunTime:0.001110s ]
SQL: SHOW COLUMNS FROM `weimart_user` [ RunTime:0.020507s ]
SQL: SELECT * FROM `weimart_user`  [ RunTime:0.006108s ]

[ 2014-10-04T23:01:08+08:00 ] 127.0.0.1 /weimart/index.php?s=Login/index
INFO: [ route_check ] --START--
INFO: CheckRoute Behavior ::run [ RunTime:0.000740s ]
INFO: [ route_check ] --END-- [ RunTime:0.000832s ]
INFO: [ app_begin ] --START--
INFO: ReadHtmlCache Behavior ::run [ RunTime:0.000467s ]
INFO: [ app_begin ] --END-- [ RunTime:0.000533s ]
SQL: SHOW COLUMNS FROM `weimart_user` [ RunTime:0.002210s ]
SQL: SELECT * FROM `weimart_user`  [ RunTime:0.002282s ]

[ 2014-10-04T23:01:09+08:00 ] 127.0.0.1 /weimart/index.php?s=Login/index
INFO: [ route_check ] --START--
INFO: CheckRoute Behavior ::run [ RunTime:0.001082s ]
INFO: [ route_check ] --END-- [ RunTime:0.001226s ]
INFO: [ app_begin ] --START--
INFO: ReadHtmlCache Behavior ::run [ RunTime:0.000574s ]
INFO: [ app_begin ] --END-- [ RunTime:0.000670s ]
SQL: SHOW COLUMNS FROM `weimart_user` [ RunTime:0.003133s ]
SQL: SELECT * FROM `weimart_user`  [ RunTime:0.001111s ]

[ 2014-10-04T23:01:09+08:00 ] 127.0.0.1 /weimart/index.php?s=Login/index
INFO: [ route_check ] --START--
INFO: CheckRoute Behavior ::run [ RunTime:0.000841s ]
INFO: [ route_check ] --END-- [ RunTime:0.000955s ]
INFO: [ app_begin ] --START--
INFO: ReadHtmlCache Behavior ::run [ RunTime:0.000538s ]
INFO: [ app_begin ] --END-- [ RunTime:0.000612s ]
SQL: SHOW COLUMNS FROM `weimart_user` [ RunTime:0.003116s ]
SQL: SELECT * FROM `weimart_user`  [ RunTime:0.000637s ]

[ 2014-10-04T23:01:26+08:00 ] 127.0.0.1 /weimart/index.php?s=Login/index
INFO: [ route_check ] --START--
INFO: CheckRoute Behavior ::run [ RunTime:0.001053s ]
INFO: [ route_check ] --END-- [ RunTime:0.001185s ]
INFO: [ app_begin ] --START--
INFO: ReadHtmlCache Behavior ::run [ RunTime:0.000503s ]
INFO: [ app_begin ] --END-- [ RunTime:0.000572s ]
SQL: SHOW COLUMNS FROM `weimart_user` [ RunTime:0.002773s ]
SQL: SELECT * FROM `weimart_user`  [ RunTime:0.000556s ]

[ 2014-10-04T23:01:27+08:00 ] 127.0.0.1 /weimart/index.php?s=Login/index
INFO: [ route_check ] --START--
INFO: CheckRoute Behavior ::run [ RunTime:0.001079s ]
INFO: [ route_check ] --END-- [ RunTime:0.001211s ]
INFO: [ app_begin ] --START--
INFO: ReadHtmlCache Behavior ::run [ RunTime:0.000523s ]
INFO: [ app_begin ] --END-- [ RunTime:0.000596s ]
SQL: SHOW COLUMNS FROM `weimart_user` [ RunTime:0.003228s ]
SQL: SELECT * FROM `weimart_user`  [ RunTime:0.001147s ]

[ 2014-10-04T23:01:27+08:00 ] 127.0.0.1 /weimart/index.php?s=Login/index
INFO: [ route_check ] --START--
INFO: CheckRoute Behavior ::run [ RunTime:0.001734s ]
INFO: [ route_check ] --END-- [ RunTime:0.001977s ]
INFO: [ app_begin ] --START--
INFO: ReadHtmlCache Behavior ::run [ RunTime:0.000623s ]
INFO: [ app_begin ] --END-- [ RunTime:0.000722s ]
SQL: SHOW COLUMNS FROM `weimart_user` [ RunTime:0.002451s ]
SQL: SELECT * FROM `weimart_user`  [ RunTime:0.000673s ]

[ 2014-10-04T23:01:49+08:00 ] 127.0.0.1 /weimart/index.php?s=Login/index
INFO: [ route_check ] --START--
INFO: CheckRoute Behavior ::run [ RunTime:0.000811s ]
INFO: [ route_check ] --END-- [ RunTime:0.000913s ]
INFO: [ app_begin ] --START--
INFO: ReadHtmlCache Behavior ::run [ RunTime:0.000553s ]
INFO: [ app_begin ] --END-- [ RunTime:0.000637s ]
SQL: SHOW COLUMNS FROM `weimart_user` [ RunTime:0.002456s ]
SQL: SELECT * FROM `weimart_user`  [ RunTime:0.000890s ]

[ 2014-10-04T23:01:49+08:00 ] 127.0.0.1 /weimart/index.php?s=Login/index
INFO: [ route_check ] --START--
INFO: CheckRoute Behavior ::run [ RunTime:0.000733s ]
INFO: [ route_check ] --END-- [ RunTime:0.000825s ]
INFO: [ app_begin ] --START--
INFO: ReadHtmlCache Behavior ::run [ RunTime:0.000967s ]
INFO: [ app_begin ] --END-- [ RunTime:0.001087s ]
SQL: SHOW COLUMNS FROM `weimart_user` [ RunTime:0.003833s ]
SQL: SELECT * FROM `weimart_user`  [ RunTime:0.000882s ]

[ 2014-10-04T23:01:49+08:00 ] 127.0.0.1 /weimart/index.php?s=Login/index
INFO: [ route_check ] --START--
INFO: CheckRoute Behavior ::run [ RunTime:0.001115s ]
INFO: [ route_check ] --END-- [ RunTime:0.001275s ]
INFO: [ app_begin ] --START--
INFO: ReadHtmlCache Behavior ::run [ RunTime:0.001014s ]
INFO: [ app_begin ] --END-- [ RunTime:0.001182s ]
SQL: SHOW COLUMNS FROM `weimart_user` [ RunTime:0.003294s ]
SQL: SELECT * FROM `weimart_user`  [ RunTime:0.000969s ]

[ 2014-10-04T23:01:57+08:00 ] 127.0.0.1 /weimart/index.php?s=Login/index
INFO: [ route_check ] --START--
INFO: CheckRoute Behavior ::run [ RunTime:0.001420s ]
INFO: [ route_check ] --END-- [ RunTime:0.001575s ]
INFO: [ app_begin ] --START--
INFO: ReadHtmlCache Behavior ::run [ RunTime:0.000526s ]
INFO: [ app_begin ] --END-- [ RunTime:0.000599s ]
SQL: SHOW COLUMNS FROM `weimart_user` [ RunTime:0.002524s ]
SQL: SELECT * FROM `weimart_user`  [ RunTime:0.001105s ]

[ 2014-10-04T23:01:57+08:00 ] 127.0.0.1 /weimart/index.php?s=Login/index
INFO: [ route_check ] --START--
INFO: CheckRoute Behavior ::run [ RunTime:0.001340s ]
INFO: [ route_check ] --END-- [ RunTime:0.001529s ]
INFO: [ app_begin ] --START--
INFO: ReadHtmlCache Behavior ::run [ RunTime:0.001060s ]
INFO: [ app_begin ] --END-- [ RunTime:0.001220s ]
SQL: SHOW COLUMNS FROM `weimart_user` [ RunTime:0.002303s ]
SQL: SELECT * FROM `weimart_user`  [ RunTime:0.000862s ]

[ 2014-10-04T23:01:58+08:00 ] 127.0.0.1 /weimart/index.php?s=Login/index
INFO: [ route_check ] --START--
INFO: CheckRoute Behavior ::run [ RunTime:0.000730s ]
INFO: [ route_check ] --END-- [ RunTime:0.000820s ]
INFO: [ app_begin ] --START--
INFO: ReadHtmlCache Behavior ::run [ RunTime:0.000464s ]
INFO: [ app_begin ] --END-- [ RunTime:0.000530s ]
SQL: SHOW COLUMNS FROM `weimart_user` [ RunTime:0.003114s ]
SQL: SELECT * FROM `weimart_user`  [ RunTime:0.001075s ]

[ 2014-10-04T23:01:58+08:00 ] 127.0.0.1 /weimart/index.php?s=Login/index
INFO: [ route_check ] --START--
INFO: CheckRoute Behavior ::run [ RunTime:0.000846s ]
INFO: [ route_check ] --END-- [ RunTime:0.000957s ]
INFO: [ app_begin ] --START--
INFO: ReadHtmlCache Behavior ::run [ RunTime:0.000476s ]
INFO: [ app_begin ] --END-- [ RunTime:0.000543s ]
SQL: SHOW COLUMNS FROM `weimart_user` [ RunTime:0.003446s ]
SQL: SELECT * FROM `weimart_user`  [ RunTime:0.001646s ]

[ 2014-10-04T23:07:15+08:00 ] 127.0.0.1 /weimart/index.php?s=Login/index
INFO: [ route_check ] --START--
INFO: CheckRoute Behavior ::run [ RunTime:0.001182s ]
INFO: [ route_check ] --END-- [ RunTime:0.001279s ]
INFO: [ app_begin ] --START--
INFO: ReadHtmlCache Behavior ::run [ RunTime:0.000874s ]
INFO: [ app_begin ] --END-- [ RunTime:0.000945s ]
SQL: SHOW COLUMNS FROM `weimart_user` [ RunTime:0.004007s ]
SQL: SELECT * FROM `weimart_user`  [ RunTime:0.001575s ]
SQL: SHOW COLUMNS FROM `servicelogin` [ RunTime:0.031550s ]
ERR: 1146:Table 'weimart.servicelogin' doesn't exist
 [ SQL语句 ] : SHOW COLUMNS FROM `servicelogin`

[ 2014-10-04T23:07:17+08:00 ] 127.0.0.1 /weimart/index.php?s=Login/index
INFO: [ route_check ] --START--
INFO: CheckRoute Behavior ::run [ RunTime:0.000798s ]
INFO: [ route_check ] --END-- [ RunTime:0.000895s ]
INFO: [ app_begin ] --START--
INFO: ReadHtmlCache Behavior ::run [ RunTime:0.000502s ]
INFO: [ app_begin ] --END-- [ RunTime:0.000573s ]
SQL: SHOW COLUMNS FROM `weimart_user` [ RunTime:0.002937s ]
SQL: SELECT * FROM `weimart_user`  [ RunTime:0.000855s ]
SQL: SHOW COLUMNS FROM `servicelogin` [ RunTime:0.003674s ]
ERR: 1146:Table 'weimart.servicelogin' doesn't exist
 [ SQL语句 ] : SHOW COLUMNS FROM `servicelogin`

[ 2014-10-04T23:07:17+08:00 ] 127.0.0.1 /weimart/index.php?s=Login/index
INFO: [ route_check ] --START--
INFO: CheckRoute Behavior ::run [ RunTime:0.000753s ]
INFO: [ route_check ] --END-- [ RunTime:0.000849s ]
INFO: [ app_begin ] --START--
INFO: ReadHtmlCache Behavior ::run [ RunTime:0.000468s ]
INFO: [ app_begin ] --END-- [ RunTime:0.000535s ]
SQL: SHOW COLUMNS FROM `weimart_user` [ RunTime:0.002408s ]
SQL: SELECT * FROM `weimart_user`  [ RunTime:0.001432s ]
SQL: SHOW COLUMNS FROM `servicelogin` [ RunTime:0.004151s ]
ERR: 1146:Table 'weimart.servicelogin' doesn't exist
 [ SQL语句 ] : SHOW COLUMNS FROM `servicelogin`

[ 2014-10-04T23:07:18+08:00 ] 127.0.0.1 /weimart/index.php?s=Login/index
INFO: [ route_check ] --START--
INFO: CheckRoute Behavior ::run [ RunTime:0.000744s ]
INFO: [ route_check ] --END-- [ RunTime:0.000839s ]
INFO: [ app_begin ] --START--
INFO: ReadHtmlCache Behavior ::run [ RunTime:0.000468s ]
INFO: [ app_begin ] --END-- [ RunTime:0.000534s ]
SQL: SHOW COLUMNS FROM `weimart_user` [ RunTime:0.002487s ]
SQL: SELECT * FROM `weimart_user`  [ RunTime:0.000897s ]
SQL: SHOW COLUMNS FROM `servicelogin` [ RunTime:0.003491s ]
ERR: 1146:Table 'weimart.servicelogin' doesn't exist
 [ SQL语句 ] : SHOW COLUMNS FROM `servicelogin`

[ 2014-10-04T23:07:35+08:00 ] 127.0.0.1 /weimart/index.php?s=Login/index
INFO: [ route_check ] --START--
INFO: CheckRoute Behavior ::run [ RunTime:0.001153s ]
INFO: [ route_check ] --END-- [ RunTime:0.001248s ]
INFO: [ app_begin ] --START--
INFO: ReadHtmlCache Behavior ::run [ RunTime:0.000850s ]
INFO: [ app_begin ] --END-- [ RunTime:0.000918s ]
SQL: SHOW COLUMNS FROM `weimart_user` [ RunTime:0.002424s ]
SQL: SELECT * FROM `weimart_user`  [ RunTime:0.000961s ]
SQL: SHOW COLUMNS FROM `servicelogin` [ RunTime:0.004232s ]
ERR: 1146:Table 'weimart.servicelogin' doesn't exist
 [ SQL语句 ] : SHOW COLUMNS FROM `servicelogin`
ERR: Model:loginService您所请求的方法不存在！

[ 2014-10-04T23:07:44+08:00 ] 127.0.0.1 /weimart/index.php?s=Login/index
INFO: [ route_check ] --START--
INFO: CheckRoute Behavior ::run [ RunTime:0.001022s ]
INFO: [ route_check ] --END-- [ RunTime:0.001152s ]
INFO: [ app_begin ] --START--
INFO: ReadHtmlCache Behavior ::run [ RunTime:0.000543s ]
INFO: [ app_begin ] --END-- [ RunTime:0.000625s ]
SQL: SHOW COLUMNS FROM `weimart_user` [ RunTime:0.003948s ]
SQL: SELECT * FROM `weimart_user`  [ RunTime:0.000676s ]

[ 2014-10-04T23:07:46+08:00 ] 127.0.0.1 /weimart/index.php?s=Login/index
INFO: [ route_check ] --START--
INFO: CheckRoute Behavior ::run [ RunTime:0.000732s ]
INFO: [ route_check ] --END-- [ RunTime:0.000823s ]
INFO: [ app_begin ] --START--
INFO: ReadHtmlCache Behavior ::run [ RunTime:0.000465s ]
INFO: [ app_begin ] --END-- [ RunTime:0.000531s ]
SQL: SHOW COLUMNS FROM `weimart_user` [ RunTime:0.003204s ]
SQL: SELECT * FROM `weimart_user`  [ RunTime:0.000902s ]

[ 2014-10-04T23:07:55+08:00 ] 127.0.0.1 /weimart/index.php?s=Login/index
INFO: [ route_check ] --START--
INFO: CheckRoute Behavior ::run [ RunTime:0.001377s ]
INFO: [ route_check ] --END-- [ RunTime:0.001561s ]
INFO: [ app_begin ] --START--
INFO: ReadHtmlCache Behavior ::run [ RunTime:0.000933s ]
INFO: [ app_begin ] --END-- [ RunTime:0.001095s ]
SQL: SHOW COLUMNS FROM `weimart_user` [ RunTime:0.004142s ]
SQL: SELECT * FROM `weimart_user`  [ RunTime:0.001454s ]

[ 2014-10-04T23:07:55+08:00 ] 127.0.0.1 /weimart/index.php?s=Login/index
INFO: [ route_check ] --START--
INFO: CheckRoute Behavior ::run [ RunTime:0.001181s ]
INFO: [ route_check ] --END-- [ RunTime:0.001365s ]
INFO: [ app_begin ] --START--
INFO: ReadHtmlCache Behavior ::run [ RunTime:0.000926s ]
INFO: [ app_begin ] --END-- [ RunTime:0.001062s ]
SQL: SHOW COLUMNS FROM `weimart_user` [ RunTime:0.004006s ]
SQL: SELECT * FROM `weimart_user`  [ RunTime:0.001071s ]

[ 2014-10-04T23:07:56+08:00 ] 127.0.0.1 /weimart/index.php?s=Login/index
INFO: [ route_check ] --START--
INFO: CheckRoute Behavior ::run [ RunTime:0.001349s ]
INFO: [ route_check ] --END-- [ RunTime:0.001514s ]
INFO: [ app_begin ] --START--
INFO: ReadHtmlCache Behavior ::run [ RunTime:0.000593s ]
INFO: [ app_begin ] --END-- [ RunTime:0.000690s ]
SQL: SHOW COLUMNS FROM `weimart_user` [ RunTime:0.003032s ]
SQL: SELECT * FROM `weimart_user`  [ RunTime:0.000600s ]

[ 2014-10-04T23:07:56+08:00 ] 127.0.0.1 /weimart/index.php?s=Login/index
INFO: [ route_check ] --START--
INFO: CheckRoute Behavior ::run [ RunTime:0.000799s ]
INFO: [ route_check ] --END-- [ RunTime:0.000900s ]
INFO: [ app_begin ] --START--
INFO: ReadHtmlCache Behavior ::run [ RunTime:0.000469s ]
INFO: [ app_begin ] --END-- [ RunTime:0.000535s ]
SQL: SHOW COLUMNS FROM `weimart_user` [ RunTime:0.002642s ]
SQL: SELECT * FROM `weimart_user`  [ RunTime:0.001019s ]

[ 2014-10-04T23:08:04+08:00 ] 127.0.0.1 /weimart/index.php?s=Login/index
INFO: [ route_check ] --START--
INFO: CheckRoute Behavior ::run [ RunTime:0.000734s ]
INFO: [ route_check ] --END-- [ RunTime:0.000825s ]
INFO: [ app_begin ] --START--
INFO: ReadHtmlCache Behavior ::run [ RunTime:0.000465s ]
INFO: [ app_begin ] --END-- [ RunTime:0.000531s ]
SQL: SHOW COLUMNS FROM `weimart_user` [ RunTime:0.002311s ]
SQL: SELECT * FROM `weimart_user`  [ RunTime:0.000647s ]

[ 2014-10-04T23:08:05+08:00 ] 127.0.0.1 /weimart/index.php?s=Login/index
INFO: [ route_check ] --START--
INFO: CheckRoute Behavior ::run [ RunTime:0.000751s ]
INFO: [ route_check ] --END-- [ RunTime:0.000846s ]
INFO: [ app_begin ] --START--
INFO: ReadHtmlCache Behavior ::run [ RunTime:0.000468s ]
INFO: [ app_begin ] --END-- [ RunTime:0.000532s ]
SQL: SHOW COLUMNS FROM `weimart_user` [ RunTime:0.002428s ]
SQL: SELECT * FROM `weimart_user`  [ RunTime:0.000784s ]

[ 2014-10-04T23:08:13+08:00 ] 127.0.0.1 /weimart/index.php?s=Login/index
INFO: [ route_check ] --START--
INFO: CheckRoute Behavior ::run [ RunTime:0.000939s ]
INFO: [ route_check ] --END-- [ RunTime:0.001056s ]
INFO: [ app_begin ] --START--
INFO: ReadHtmlCache Behavior ::run [ RunTime:0.000588s ]
INFO: [ app_begin ] --END-- [ RunTime:0.000673s ]
SQL: SHOW COLUMNS FROM `weimart_user` [ RunTime:0.003286s ]
SQL: SELECT * FROM `weimart_user`  [ RunTime:0.000664s ]

[ 2014-10-04T23:08:13+08:00 ] 127.0.0.1 /weimart/index.php?s=Login/index
INFO: [ route_check ] --START--
INFO: CheckRoute Behavior ::run [ RunTime:0.001806s ]
INFO: [ route_check ] --END-- [ RunTime:0.001979s ]
INFO: [ app_begin ] --START--
INFO: ReadHtmlCache Behavior ::run [ RunTime:0.002978s ]
INFO: [ app_begin ] --END-- [ RunTime:0.003429s ]
SQL: SHOW COLUMNS FROM `weimart_user` [ RunTime:0.002996s ]
SQL: SELECT * FROM `weimart_user`  [ RunTime:0.000426s ]

[ 2014-10-04T23:08:14+08:00 ] 127.0.0.1 /weimart/index.php?s=Login/index
INFO: [ route_check ] --START--
INFO: CheckRoute Behavior ::run [ RunTime:0.000731s ]
INFO: [ route_check ] --END-- [ RunTime:0.000821s ]
INFO: [ app_begin ] --START--
INFO: ReadHtmlCache Behavior ::run [ RunTime:0.000464s ]
INFO: [ app_begin ] --END-- [ RunTime:0.000529s ]
SQL: SHOW COLUMNS FROM `weimart_user` [ RunTime:0.002140s ]
SQL: SELECT * FROM `weimart_user`  [ RunTime:0.001240s ]

[ 2014-10-04T23:08:14+08:00 ] 127.0.0.1 /weimart/index.php?s=Login/index
INFO: [ route_check ] --START--
INFO: CheckRoute Behavior ::run [ RunTime:0.001273s ]
INFO: [ route_check ] --END-- [ RunTime:0.001438s ]
INFO: [ app_begin ] --START--
INFO: ReadHtmlCache Behavior ::run [ RunTime:0.000583s ]
INFO: [ app_begin ] --END-- [ RunTime:0.000678s ]
SQL: SHOW COLUMNS FROM `weimart_user` [ RunTime:0.002381s ]
SQL: SELECT * FROM `weimart_user`  [ RunTime:0.000921s ]

[ 2014-10-04T23:08:27+08:00 ] 127.0.0.1 /weimart/index.php?s=Login/index
INFO: [ route_check ] --START--
INFO: CheckRoute Behavior ::run [ RunTime:0.000866s ]
INFO: [ route_check ] --END-- [ RunTime:0.000974s ]
INFO: [ app_begin ] --START--
INFO: ReadHtmlCache Behavior ::run [ RunTime:0.000543s ]
INFO: [ app_begin ] --END-- [ RunTime:0.000625s ]
SQL: SHOW COLUMNS FROM `weimart_user` [ RunTime:0.003687s ]
SQL: SELECT * FROM `weimart_user`  [ RunTime:0.000801s ]

[ 2014-10-04T23:08:28+08:00 ] 127.0.0.1 /weimart/index.php?s=Login/index
INFO: [ route_check ] --START--
INFO: CheckRoute Behavior ::run [ RunTime:0.001017s ]
INFO: [ route_check ] --END-- [ RunTime:0.001201s ]
INFO: [ app_begin ] --START--
INFO: ReadHtmlCache Behavior ::run [ RunTime:0.000912s ]
INFO: [ app_begin ] --END-- [ RunTime:0.001014s ]
SQL: SHOW COLUMNS FROM `weimart_user` [ RunTime:0.002497s ]
SQL: SELECT * FROM `weimart_user`  [ RunTime:0.001157s ]

[ 2014-10-04T23:08:28+08:00 ] 127.0.0.1 /weimart/index.php?s=Login/index
INFO: [ route_check ] --START--
INFO: CheckRoute Behavior ::run [ RunTime:0.000823s ]
INFO: [ route_check ] --END-- [ RunTime:0.000928s ]
INFO: [ app_begin ] --START--
INFO: ReadHtmlCache Behavior ::run [ RunTime:0.000474s ]
INFO: [ app_begin ] --END-- [ RunTime:0.000539s ]
SQL: SHOW COLUMNS FROM `weimart_user` [ RunTime:0.003094s ]
SQL: SELECT * FROM `weimart_user`  [ RunTime:0.001341s ]

[ 2014-10-04T23:08:40+08:00 ] 127.0.0.1 /weimart/index.php?s=Login/index
INFO: [ route_check ] --START--
INFO: CheckRoute Behavior ::run [ RunTime:0.000735s ]
INFO: [ route_check ] --END-- [ RunTime:0.000825s ]
INFO: [ app_begin ] --START--
INFO: ReadHtmlCache Behavior ::run [ RunTime:0.000465s ]
INFO: [ app_begin ] --END-- [ RunTime:0.000531s ]
SQL: SHOW COLUMNS FROM `weimart_user` [ RunTime:0.002203s ]
SQL: SELECT * FROM `weimart_user`  [ RunTime:0.000861s ]

[ 2014-10-04T23:08:41+08:00 ] 127.0.0.1 /weimart/index.php?s=Login/index
INFO: [ route_check ] --START--
INFO: CheckRoute Behavior ::run [ RunTime:0.000926s ]
INFO: [ route_check ] --END-- [ RunTime:0.001066s ]
INFO: [ app_begin ] --START--
INFO: ReadHtmlCache Behavior ::run [ RunTime:0.000658s ]
INFO: [ app_begin ] --END-- [ RunTime:0.000759s ]
SQL: SHOW COLUMNS FROM `weimart_user` [ RunTime:0.003587s ]
SQL: SELECT * FROM `weimart_user`  [ RunTime:0.000771s ]

[ 2014-10-04T23:08:41+08:00 ] 127.0.0.1 /weimart/index.php?s=Login/index
INFO: [ route_check ] --START--
INFO: CheckRoute Behavior ::run [ RunTime:0.001085s ]
INFO: [ route_check ] --END-- [ RunTime:0.001207s ]
INFO: [ app_begin ] --START--
INFO: ReadHtmlCache Behavior ::run [ RunTime:0.000510s ]
INFO: [ app_begin ] --END-- [ RunTime:0.000580s ]
SQL: SHOW COLUMNS FROM `weimart_user` [ RunTime:0.003196s ]
SQL: SELECT * FROM `weimart_user`  [ RunTime:0.001158s ]

[ 2014-10-04T23:09:09+08:00 ] 127.0.0.1 /weimart/index.php?s=Login/index
INFO: [ route_check ] --START--
INFO: CheckRoute Behavior ::run [ RunTime:0.001462s ]
INFO: [ route_check ] --END-- [ RunTime:0.001666s ]
INFO: [ app_begin ] --START--
INFO: ReadHtmlCache Behavior ::run [ RunTime:0.000853s ]
INFO: [ app_begin ] --END-- [ RunTime:0.001065s ]

[ 2014-10-04T23:09:10+08:00 ] 127.0.0.1 /weimart/index.php?s=Login/index
INFO: [ route_check ] --START--
INFO: CheckRoute Behavior ::run [ RunTime:0.001075s ]
INFO: [ route_check ] --END-- [ RunTime:0.001193s ]
INFO: [ app_begin ] --START--
INFO: ReadHtmlCache Behavior ::run [ RunTime:0.000484s ]
INFO: [ app_begin ] --END-- [ RunTime:0.000551s ]

[ 2014-10-04T23:09:10+08:00 ] 127.0.0.1 /weimart/index.php?s=Login/index
INFO: [ route_check ] --START--
INFO: CheckRoute Behavior ::run [ RunTime:0.001106s ]
INFO: [ route_check ] --END-- [ RunTime:0.001228s ]
INFO: [ app_begin ] --START--
INFO: ReadHtmlCache Behavior ::run [ RunTime:0.000913s ]
INFO: [ app_begin ] --END-- [ RunTime:0.001051s ]

[ 2014-10-04T23:09:29+08:00 ] 127.0.0.1 /weimart/index.php?s=Login/index
INFO: [ route_check ] --START--
INFO: CheckRoute Behavior ::run [ RunTime:0.001342s ]
INFO: [ route_check ] --END-- [ RunTime:0.001507s ]
INFO: [ app_begin ] --START--
INFO: ReadHtmlCache Behavior ::run [ RunTime:0.001056s ]
INFO: [ app_begin ] --END-- [ RunTime:0.001224s ]
SQL: SHOW COLUMNS FROM `weimart_user` [ RunTime:0.003585s ]
SQL: SELECT * FROM `weimart_user`  [ RunTime:0.001222s ]

[ 2014-10-04T23:09:30+08:00 ] 127.0.0.1 /weimart/index.php?s=Login/index
INFO: [ route_check ] --START--
INFO: CheckRoute Behavior ::run [ RunTime:0.001401s ]
INFO: [ route_check ] --END-- [ RunTime:0.001625s ]
INFO: [ app_begin ] --START--
INFO: ReadHtmlCache Behavior ::run [ RunTime:0.001088s ]
INFO: [ app_begin ] --END-- [ RunTime:0.001213s ]
SQL: SHOW COLUMNS FROM `weimart_user` [ RunTime:0.003681s ]
SQL: SELECT * FROM `weimart_user`  [ RunTime:0.002553s ]

[ 2014-10-04T23:09:31+08:00 ] 127.0.0.1 /weimart/index.php?s=Login/index
INFO: [ route_check ] --START--
INFO: CheckRoute Behavior ::run [ RunTime:0.000735s ]
INFO: [ route_check ] --END-- [ RunTime:0.000828s ]
INFO: [ app_begin ] --START--
INFO: ReadHtmlCache Behavior ::run [ RunTime:0.000465s ]
INFO: [ app_begin ] --END-- [ RunTime:0.000530s ]
SQL: SHOW COLUMNS FROM `weimart_user` [ RunTime:0.003013s ]
SQL: SELECT * FROM `weimart_user`  [ RunTime:0.001238s ]

[ 2014-10-04T23:09:31+08:00 ] 127.0.0.1 /weimart/index.php?s=Login/index
INFO: [ route_check ] --START--
INFO: CheckRoute Behavior ::run [ RunTime:0.000902s ]
INFO: [ route_check ] --END-- [ RunTime:0.001022s ]
INFO: [ app_begin ] --START--
INFO: ReadHtmlCache Behavior ::run [ RunTime:0.000476s ]
INFO: [ app_begin ] --END-- [ RunTime:0.000544s ]
SQL: SHOW COLUMNS FROM `weimart_user` [ RunTime:0.002548s ]
SQL: SELECT * FROM `weimart_user`  [ RunTime:0.000766s ]

[ 2014-10-04T23:09:31+08:00 ] 127.0.0.1 /weimart/index.php?s=Login/index
INFO: [ route_check ] --START--
INFO: CheckRoute Behavior ::run [ RunTime:0.000731s ]
INFO: [ route_check ] --END-- [ RunTime:0.000821s ]
INFO: [ app_begin ] --START--
INFO: ReadHtmlCache Behavior ::run [ RunTime:0.000465s ]
INFO: [ app_begin ] --END-- [ RunTime:0.000531s ]
SQL: SHOW COLUMNS FROM `weimart_user` [ RunTime:0.002333s ]
SQL: SELECT * FROM `weimart_user`  [ RunTime:0.000645s ]

[ 2014-10-04T23:09:32+08:00 ] 127.0.0.1 /weimart/index.php?s=Login/index
INFO: [ route_check ] --START--
INFO: CheckRoute Behavior ::run [ RunTime:0.001157s ]
INFO: [ route_check ] --END-- [ RunTime:0.001316s ]
INFO: [ app_begin ] --START--
INFO: ReadHtmlCache Behavior ::run [ RunTime:0.000704s ]
INFO: [ app_begin ] --END-- [ RunTime:0.000816s ]
SQL: SHOW COLUMNS FROM `weimart_user` [ RunTime:0.003632s ]
SQL: SELECT * FROM `weimart_user`  [ RunTime:0.001362s ]

[ 2014-10-04T23:09:43+08:00 ] 127.0.0.1 /weimart/index.php?s=Login/index
INFO: [ route_check ] --START--
INFO: CheckRoute Behavior ::run [ RunTime:0.001129s ]
INFO: [ route_check ] --END-- [ RunTime:0.001221s ]
INFO: [ app_begin ] --START--
INFO: ReadHtmlCache Behavior ::run [ RunTime:0.000998s ]
INFO: [ app_begin ] --END-- [ RunTime:0.001076s ]
SQL: SHOW COLUMNS FROM `weimart_user` [ RunTime:0.002700s ]
SQL: SELECT * FROM `weimart_user`  [ RunTime:0.001360s ]

[ 2014-10-04T23:09:44+08:00 ] 127.0.0.1 /weimart/index.php?s=Login/index
INFO: [ route_check ] --START--
INFO: CheckRoute Behavior ::run [ RunTime:0.000829s ]
INFO: [ route_check ] --END-- [ RunTime:0.000932s ]
INFO: [ app_begin ] --START--
INFO: ReadHtmlCache Behavior ::run [ RunTime:0.000527s ]
INFO: [ app_begin ] --END-- [ RunTime:0.000604s ]
SQL: SHOW COLUMNS FROM `weimart_user` [ RunTime:0.002379s ]
SQL: SELECT * FROM `weimart_user`  [ RunTime:0.000674s ]

[ 2014-10-04T23:09:44+08:00 ] 127.0.0.1 /weimart/index.php?s=Login/index
INFO: [ route_check ] --START--
INFO: CheckRoute Behavior ::run [ RunTime:0.000939s ]
INFO: [ route_check ] --END-- [ RunTime:0.001071s ]
INFO: [ app_begin ] --START--
INFO: ReadHtmlCache Behavior ::run [ RunTime:0.000641s ]
INFO: [ app_begin ] --END-- [ RunTime:0.000741s ]
SQL: SHOW COLUMNS FROM `weimart_user` [ RunTime:0.003156s ]
SQL: SELECT * FROM `weimart_user`  [ RunTime:0.001662s ]

[ 2014-10-04T23:09:44+08:00 ] 127.0.0.1 /weimart/index.php?s=Login/index
INFO: [ route_check ] --START--
INFO: CheckRoute Behavior ::run [ RunTime:0.002550s ]
INFO: [ route_check ] --END-- [ RunTime:0.002826s ]
INFO: [ app_begin ] --START--
INFO: ReadHtmlCache Behavior ::run [ RunTime:0.000832s ]
INFO: [ app_begin ] --END-- [ RunTime:0.000980s ]
SQL: SHOW COLUMNS FROM `weimart_user` [ RunTime:0.002387s ]
SQL: SELECT * FROM `weimart_user`  [ RunTime:0.000869s ]

